#
# There is insufficient memory for the Java Runtime Environment to continue.
# Native memory allocation (mmap) failed to map 27262976 bytes for G1 virtual space
# Possible reasons:
#   The system is out of physical RAM or swap space
#   The process is running with CompressedOops enabled, and the Java Heap may be blocking the growth of the native heap
# Possible solutions:
#   Reduce memory load on the system
#   Increase physical memory or swap space
#   Check if swap backing store is full
#   Decrease Java heap size (-Xmx/-Xms)
#   Decrease number of Java threads
#   Decrease Java thread stack sizes (-Xss)
#   Set larger code cache with -XX:ReservedCodeCacheSize=
#   JVM is running with Unscaled Compressed Oops mode in which the Java heap is
#     placed in the first 4GB address space. The Java Heap base address is the
#     maximum limit for the native heap growth. Please use -XX:HeapBaseMinAddress
#     to set the Java Heap base and to place the Java Heap above 4GB virtual address.
# This output file may be truncated or incomplete.
#
#  Out of Memory Error (os_windows.cpp:3541), pid=11712, tid=14232
#
# JRE version: OpenJDK Runtime Environment Temurin-17.0.4+8 (17.0.4+8) (build 17.0.4+8)
# Java VM: OpenJDK 64-Bit Server VM Temurin-17.0.4+8 (17.0.4+8, mixed mode, emulated-client, tiered, compressed oops, compressed class ptrs, g1 gc, windows-amd64)
# No core dump will be written. Minidumps are not enabled by default on client versions of Windows
#

---------------  S U M M A R Y ------------

Command Line: -Dcom.sun.management.jmxremote -Dcom.sun.management.jmxremote.port=64951 -Dcom.sun.management.jmxremote.authenticate=false -Dcom.sun.management.jmxremote.ssl=false -Djava.rmi.server.hostname=localhost -Dspring.jmx.enabled=true -Dspring.application.admin.enabled=true -XX:TieredStopAtLevel=1 -Dspring.boot.project.name=FlightBookingSystem -Dfile.encoding=UTF-8 -XX:+ShowCodeDetailsInExceptionMessages com.flightadmin.FlightBookingSystemApplication --spring.output.ansi.enabled=always

Host: Intel(R) Xeon(R) CPU E5-2673 v3 @ 2.40GHz, 2 cores, 7G,  Windows 10 , 64 bit Build 19041 (10.0.19041.1889)
Time: Tue Sep 27 05:09:20 2022 Coordinated Universal Time elapsed time: 2.325249 seconds (0d 0h 0m 2s)

---------------  T H R E A D  ---------------

Current thread (0x000001c1feb29d40):  VMThread "VM Thread" [stack: 0x000000a98f100000,0x000000a98f200000] [id=14232]

Stack: [0x000000a98f100000,0x000000a98f200000]
Native frames: (J=compiled Java code, j=interpreted, Vv=VM code, C=native code)
V  [jvm.dll+0x67733a]
V  [jvm.dll+0x8323c4]
V  [jvm.dll+0x833b6e]
V  [jvm.dll+0x8341d3]
V  [jvm.dll+0x2455e5]
V  [jvm.dll+0x674229]
V  [jvm.dll+0x668ab2]
V  [jvm.dll+0x30458b]
V  [jvm.dll+0x30bad6]
V  [jvm.dll+0x35ba7e]
V  [jvm.dll+0x35bcaf]
V  [jvm.dll+0x2db428]
V  [jvm.dll+0x2d96dc]
V  [jvm.dll+0x2d8cac]
V  [jvm.dll+0x32c6fc]
V  [jvm.dll+0x83867b]
V  [jvm.dll+0x8393b4]
V  [jvm.dll+0x8398cc]
V  [jvm.dll+0x839ca4]
V  [jvm.dll+0x839d70]
V  [jvm.dll+0x7e245a]
V  [jvm.dll+0x6761c5]
C  [ucrtbase.dll+0x21bb2]
C  [KERNEL32.DLL+0x17034]
C  [ntdll.dll+0x526a1]

VM_Operation (0x000000a9906fa000): CollectForMetadataAllocation, mode: safepoint, requested by thread 0x000001c1852370c0


---------------  P R O C E S S  ---------------

Threads class SMR info:
_java_thread_list=0x000001c1852a9260, length=20, elements={
0x000001c1f59c25f0, 0x000001c1feb4ac60, 0x000001c1feb30920, 0x000001c1feb48c10,
0x000001c1feb77560, 0x000001c1feb78e30, 0x000001c1feb796f0, 0x000001c1feb79fb0,
0x000001c1feb808c0, 0x000001c1ff5a1f40, 0x000001c1fead5490, 0x000001c1ff6ca710,
0x000001c184525060, 0x000001c1845261f0, 0x000001c184526b10, 0x000001c18512c720,
0x000001c185145d80, 0x000001c18510f080, 0x000001c185124c20, 0x000001c1852370c0
}

Java Threads: ( => current thread )
  0x000001c1f59c25f0 JavaThread "main" [_thread_blocked, id=12984, stack(0x000000a98eb00000,0x000000a98ec00000)]
  0x000001c1feb4ac60 JavaThread "Reference Handler" daemon [_thread_blocked, id=10344, stack(0x000000a98f200000,0x000000a98f300000)]
  0x000001c1feb30920 JavaThread "Finalizer" daemon [_thread_blocked, id=10308, stack(0x000000a98f300000,0x000000a98f400000)]
  0x000001c1feb48c10 JavaThread "Signal Dispatcher" daemon [_thread_blocked, id=7076, stack(0x000000a98f400000,0x000000a98f500000)]
  0x000001c1feb77560 JavaThread "Attach Listener" daemon [_thread_blocked, id=13040, stack(0x000000a98f500000,0x000000a98f600000)]
  0x000001c1feb78e30 JavaThread "Service Thread" daemon [_thread_blocked, id=4628, stack(0x000000a98f600000,0x000000a98f700000)]
  0x000001c1feb796f0 JavaThread "Monitor Deflation Thread" daemon [_thread_blocked, id=9552, stack(0x000000a98f700000,0x000000a98f800000)]
  0x000001c1feb79fb0 JavaThread "C1 CompilerThread0" daemon [_thread_blocked, id=7964, stack(0x000000a98f800000,0x000000a98f900000)]
  0x000001c1feb808c0 JavaThread "Sweeper thread" daemon [_thread_blocked, id=11544, stack(0x000000a98f900000,0x000000a98fa00000)]
  0x000001c1ff5a1f40 JavaThread "Common-Cleaner" daemon [_thread_blocked, id=13736, stack(0x000000a98fa00000,0x000000a98fb00000)]
  0x000001c1fead5490 JavaThread "C1 CompilerThread1" daemon [_thread_blocked, id=3596, stack(0x000000a98fb00000,0x000000a98fc00000)]
  0x000001c1ff6ca710 JavaThread "Notification Thread" daemon [_thread_blocked, id=11532, stack(0x000000a98fc00000,0x000000a98fd00000)]
  0x000001c184525060 JavaThread "RMI TCP Accept-0" daemon [_thread_in_native, id=14568, stack(0x000000a98fe00000,0x000000a98ff00000)]
  0x000001c1845261f0 JavaThread "RMI TCP Accept-64951" daemon [_thread_in_native, id=4816, stack(0x000000a98ff00000,0x000000a990000000)]
  0x000001c184526b10 JavaThread "RMI TCP Accept-0" daemon [_thread_in_native, id=14192, stack(0x000000a990000000,0x000000a990100000)]
  0x000001c18512c720 JavaThread "RMI TCP Connection(1)-127.0.0.1" daemon [_thread_in_native, id=11444, stack(0x000000a990200000,0x000000a990300000)]
  0x000001c185145d80 JavaThread "RMI Scheduler(0)" daemon [_thread_blocked, id=14380, stack(0x000000a990300000,0x000000a990400000)]
  0x000001c18510f080 JavaThread "RMI TCP Connection(2)-127.0.0.1" daemon [_thread_in_native, id=5232, stack(0x000000a990400000,0x000000a990500000)]
  0x000001c185124c20 JavaThread "JMX server connection timeout 20" daemon [_thread_blocked, id=12464, stack(0x000000a990500000,0x000000a990600000)]
  0x000001c1852370c0 JavaThread "background-preinit" [_thread_blocked, id=8588, stack(0x000000a990600000,0x000000a990700000)]

Other Threads:
=>0x000001c1feb29d40 VMThread "VM Thread" [stack: 0x000000a98f100000,0x000000a98f200000] [id=14232]
  0x000001c184533080 WatcherThread [stack: 0x000000a990100000,0x000000a990200000] [id=8940]
  0x000001c1f5a20660 GCTaskThread "GC Thread#0" [stack: 0x000000a98ec00000,0x000000a98ed00000] [id=10752]
  0x000001c1ff759960 GCTaskThread "GC Thread#1" [stack: 0x000000a98fd00000,0x000000a98fe00000] [id=9204]
  0x000001c1f5a314b0 ConcurrentGCThread "G1 Main Marker" [stack: 0x000000a98ed00000,0x000000a98ee00000] [id=6032]
  0x000001c1f5a326b0 ConcurrentGCThread "G1 Conc#0" [stack: 0x000000a98ee00000,0x000000a98ef00000] [id=9376]
  0x000001c1f5a8db20 ConcurrentGCThread "G1 Refine#0" [stack: 0x000000a98ef00000,0x000000a98f000000] [id=1608]
  0x000001c1fe9a0090 ConcurrentGCThread "G1 Service" [stack: 0x000000a98f000000,0x000000a98f100000] [id=14312]

Threads with active compile tasks:

VM state: at safepoint (normal execution)

VM Mutex/Monitor currently owned by a thread:  ([mutex/lock_event])
[0x000001c1f59beca0] Threads_lock - owner thread: 0x000001c1feb29d40
[0x000001c1f59bd740] Heap_lock - owner thread: 0x000001c1852370c0

Heap address: 0x0000000080000000, size: 2048 MB, Compressed Oops mode: 32-bit

CDS archive(s) not mapped
Compressed class space mapped at: 0x0000000100000000-0x0000000140000000, reserved size: 1073741824
Narrow klass base: 0x0000000000000000, Narrow klass shift: 3, Narrow klass range: 0x140000000

GC Precious Log:
 CPUs: 2 total, 2 available
 Memory: 8190M
 Large Page Support: Disabled
 NUMA Support: Disabled
 Compressed Oops: Enabled (32-bit)
 Heap Region Size: 1M
 Heap Min Capacity: 8M
 Heap Initial Capacity: 128M
 Heap Max Capacity: 2G
 Pre-touch: Disabled
 Parallel Workers: 2
 Concurrent Workers: 1
 Concurrent Refinement Workers: 2
 Periodic GC: Disabled

Heap:
 garbage-first heap   total 131072K, used 11968K [0x0000000080000000, 0x0000000100000000)
  region size 1024K, 4 young (4096K), 4 survivors (4096K)
 Metaspace       used 21256K, committed 21504K, reserved 1073152K
  class space    used 2475K, committed 2624K, reserved 1048576K

Heap Regions: E=young(eden), S=young(survivor), O=old, HS=humongous(starts), HC=humongous(continues), CS=collection set, F=free, OA=open archive, CA=closed archive, TAMS=top-at-mark-start (previous, next)
|   0|0x0000000080000000, 0x0000000080100000, 0x0000000080100000|100%|HS|  |TAMS 0x0000000080000000, 0x0000000080100000| Complete 
|   1|0x0000000080100000, 0x0000000080200000, 0x0000000080200000|100%| O|  |TAMS 0x0000000080100000, 0x0000000080200000| Untracked 
|   2|0x0000000080200000, 0x0000000080300000, 0x0000000080300000|100%| O|  |TAMS 0x0000000080200000, 0x0000000080300000| Untracked 
|   3|0x0000000080300000, 0x0000000080400000, 0x0000000080400000|100%| O|  |TAMS 0x0000000080300000, 0x0000000080400000| Untracked 
|   4|0x0000000080400000, 0x0000000080500000, 0x0000000080500000|100%| O|  |TAMS 0x0000000080400000, 0x0000000080500000| Untracked 
|   5|0x0000000080500000, 0x0000000080600000, 0x0000000080600000|100%| O|  |TAMS 0x0000000080500000, 0x0000000080600000| Untracked 
|   6|0x0000000080600000, 0x0000000080700000, 0x0000000080700000|100%| O|  |TAMS 0x0000000080600000, 0x0000000080700000| Untracked 
|   7|0x0000000080700000, 0x0000000080800000, 0x0000000080800000|100%| O|  |TAMS 0x0000000080700000, 0x0000000080800000| Untracked 
|   8|0x0000000080800000, 0x000000008085a200, 0x0000000080900000| 35%| O|  |TAMS 0x0000000080800000, 0x000000008085a200| Untracked 
|   9|0x0000000080900000, 0x0000000080900000, 0x0000000080a00000|  0%| F|  |TAMS 0x0000000080900000, 0x0000000080900000| Untracked 
|  10|0x0000000080a00000, 0x0000000080a00000, 0x0000000080b00000|  0%| F|  |TAMS 0x0000000080a00000, 0x0000000080a00000| Untracked 
|  11|0x0000000080b00000, 0x0000000080b00000, 0x0000000080c00000|  0%| F|  |TAMS 0x0000000080b00000, 0x0000000080b00000| Untracked 
|  12|0x0000000080c00000, 0x0000000080c00000, 0x0000000080d00000|  0%| F|  |TAMS 0x0000000080c00000, 0x0000000080c00000| Untracked 
|  13|0x0000000080d00000, 0x0000000080d00000, 0x0000000080e00000|  0%| F|  |TAMS 0x0000000080d00000, 0x0000000080d00000| Untracked 
|  14|0x0000000080e00000, 0x0000000080e00000, 0x0000000080f00000|  0%| F|  |TAMS 0x0000000080e00000, 0x0000000080e00000| Untracked 
|  15|0x0000000080f00000, 0x0000000080f00000, 0x0000000081000000|  0%| F|  |TAMS 0x0000000080f00000, 0x0000000080f00000| Untracked 
|  16|0x0000000081000000, 0x0000000081000000, 0x0000000081100000|  0%| F|  |TAMS 0x0000000081000000, 0x0000000081000000| Untracked 
|  17|0x0000000081100000, 0x0000000081100000, 0x0000000081200000|  0%| F|  |TAMS 0x0000000081100000, 0x0000000081100000| Untracked 
|  18|0x0000000081200000, 0x0000000081200000, 0x0000000081300000|  0%| F|  |TAMS 0x0000000081200000, 0x0000000081200000| Untracked 
|  19|0x0000000081300000, 0x0000000081300000, 0x0000000081400000|  0%| F|  |TAMS 0x0000000081300000, 0x0000000081300000| Untracked 
|  20|0x0000000081400000, 0x0000000081400000, 0x0000000081500000|  0%| F|  |TAMS 0x0000000081400000, 0x0000000081400000| Untracked 
|  21|0x0000000081500000, 0x0000000081500000, 0x0000000081600000|  0%| F|  |TAMS 0x0000000081500000, 0x0000000081500000| Untracked 
|  22|0x0000000081600000, 0x0000000081600000, 0x0000000081700000|  0%| F|  |TAMS 0x0000000081600000, 0x0000000081600000| Untracked 
|  23|0x0000000081700000, 0x0000000081700000, 0x0000000081800000|  0%| F|  |TAMS 0x0000000081700000, 0x0000000081700000| Untracked 
|  24|0x0000000081800000, 0x0000000081800000, 0x0000000081900000|  0%| F|  |TAMS 0x0000000081800000, 0x0000000081800000| Untracked 
|  25|0x0000000081900000, 0x0000000081900000, 0x0000000081a00000|  0%| F|  |TAMS 0x0000000081900000, 0x0000000081900000| Untracked 
|  26|0x0000000081a00000, 0x0000000081a00000, 0x0000000081b00000|  0%| F|  |TAMS 0x0000000081a00000, 0x0000000081a00000| Untracked 
|  27|0x0000000081b00000, 0x0000000081b00000, 0x0000000081c00000|  0%| F|  |TAMS 0x0000000081b00000, 0x0000000081b00000| Untracked 
|  28|0x0000000081c00000, 0x0000000081c00000, 0x0000000081d00000|  0%| F|  |TAMS 0x0000000081c00000, 0x0000000081c00000| Untracked 
|  29|0x0000000081d00000, 0x0000000081d00000, 0x0000000081e00000|  0%| F|  |TAMS 0x0000000081d00000, 0x0000000081d00000| Untracked 
|  30|0x0000000081e00000, 0x0000000081e00000, 0x0000000081f00000|  0%| F|  |TAMS 0x0000000081e00000, 0x0000000081e00000| Untracked 
|  31|0x0000000081f00000, 0x0000000081f00000, 0x0000000082000000|  0%| F|  |TAMS 0x0000000081f00000, 0x0000000081f00000| Untracked 
|  32|0x0000000082000000, 0x0000000082000000, 0x0000000082100000|  0%| F|  |TAMS 0x0000000082000000, 0x0000000082000000| Untracked 
|  33|0x0000000082100000, 0x0000000082100000, 0x0000000082200000|  0%| F|  |TAMS 0x0000000082100000, 0x0000000082100000| Untracked 
|  34|0x0000000082200000, 0x0000000082200000, 0x0000000082300000|  0%| F|  |TAMS 0x0000000082200000, 0x0000000082200000| Untracked 
|  35|0x0000000082300000, 0x0000000082300000, 0x0000000082400000|  0%| F|  |TAMS 0x0000000082300000, 0x0000000082300000| Untracked 
|  36|0x0000000082400000, 0x0000000082400000, 0x0000000082500000|  0%| F|  |TAMS 0x0000000082400000, 0x0000000082400000| Untracked 
|  37|0x0000000082500000, 0x0000000082500000, 0x0000000082600000|  0%| F|  |TAMS 0x0000000082500000, 0x0000000082500000| Untracked 
|  38|0x0000000082600000, 0x0000000082600000, 0x0000000082700000|  0%| F|  |TAMS 0x0000000082600000, 0x0000000082600000| Untracked 
|  39|0x0000000082700000, 0x0000000082700000, 0x0000000082800000|  0%| F|  |TAMS 0x0000000082700000, 0x0000000082700000| Untracked 
|  40|0x0000000082800000, 0x0000000082800000, 0x0000000082900000|  0%| F|  |TAMS 0x0000000082800000, 0x0000000082800000| Untracked 
|  41|0x0000000082900000, 0x0000000082900000, 0x0000000082a00000|  0%| F|  |TAMS 0x0000000082900000, 0x0000000082900000| Untracked 
|  42|0x0000000082a00000, 0x0000000082a00000, 0x0000000082b00000|  0%| F|  |TAMS 0x0000000082a00000, 0x0000000082a00000| Untracked 
|  43|0x0000000082b00000, 0x0000000082b00000, 0x0000000082c00000|  0%| F|  |TAMS 0x0000000082b00000, 0x0000000082b00000| Untracked 
|  44|0x0000000082c00000, 0x0000000082c00000, 0x0000000082d00000|  0%| F|  |TAMS 0x0000000082c00000, 0x0000000082c00000| Untracked 
|  45|0x0000000082d00000, 0x0000000082d00000, 0x0000000082e00000|  0%| F|  |TAMS 0x0000000082d00000, 0x0000000082d00000| Untracked 
|  46|0x0000000082e00000, 0x0000000082e00000, 0x0000000082f00000|  0%| F|  |TAMS 0x0000000082e00000, 0x0000000082e00000| Untracked 
|  47|0x0000000082f00000, 0x0000000082f00000, 0x0000000083000000|  0%| F|  |TAMS 0x0000000082f00000, 0x0000000082f00000| Untracked 
|  48|0x0000000083000000, 0x0000000083000000, 0x0000000083100000|  0%| F|  |TAMS 0x0000000083000000, 0x0000000083000000| Untracked 
|  49|0x0000000083100000, 0x0000000083100000, 0x0000000083200000|  0%| F|  |TAMS 0x0000000083100000, 0x0000000083100000| Untracked 
|  50|0x0000000083200000, 0x0000000083200000, 0x0000000083300000|  0%| F|  |TAMS 0x0000000083200000, 0x0000000083200000| Untracked 
|  51|0x0000000083300000, 0x0000000083300000, 0x0000000083400000|  0%| F|  |TAMS 0x0000000083300000, 0x0000000083300000| Untracked 
|  52|0x0000000083400000, 0x0000000083400000, 0x0000000083500000|  0%| F|  |TAMS 0x0000000083400000, 0x0000000083400000| Untracked 
|  53|0x0000000083500000, 0x0000000083500000, 0x0000000083600000|  0%| F|  |TAMS 0x0000000083500000, 0x0000000083500000| Untracked 
|  54|0x0000000083600000, 0x0000000083600000, 0x0000000083700000|  0%| F|  |TAMS 0x0000000083600000, 0x0000000083600000| Untracked 
|  55|0x0000000083700000, 0x0000000083700000, 0x0000000083800000|  0%| F|  |TAMS 0x0000000083700000, 0x0000000083700000| Untracked 
|  56|0x0000000083800000, 0x0000000083800000, 0x0000000083900000|  0%| F|  |TAMS 0x0000000083800000, 0x0000000083800000| Untracked 
|  57|0x0000000083900000, 0x0000000083900000, 0x0000000083a00000|  0%| F|  |TAMS 0x0000000083900000, 0x0000000083900000| Untracked 
|  58|0x0000000083a00000, 0x0000000083a00000, 0x0000000083b00000|  0%| F|  |TAMS 0x0000000083a00000, 0x0000000083a00000| Untracked 
|  59|0x0000000083b00000, 0x0000000083b00000, 0x0000000083c00000|  0%| F|  |TAMS 0x0000000083b00000, 0x0000000083b00000| Untracked 
|  60|0x0000000083c00000, 0x0000000083c00000, 0x0000000083d00000|  0%| F|  |TAMS 0x0000000083c00000, 0x0000000083c00000| Untracked 
|  61|0x0000000083d00000, 0x0000000083d00000, 0x0000000083e00000|  0%| F|  |TAMS 0x0000000083d00000, 0x0000000083d00000| Untracked 
|  62|0x0000000083e00000, 0x0000000083e00000, 0x0000000083f00000|  0%| F|  |TAMS 0x0000000083e00000, 0x0000000083e00000| Untracked 
|  63|0x0000000083f00000, 0x0000000083f00000, 0x0000000084000000|  0%| F|  |TAMS 0x0000000083f00000, 0x0000000083f00000| Untracked 
|  64|0x0000000084000000, 0x0000000084000000, 0x0000000084100000|  0%| F|  |TAMS 0x0000000084000000, 0x0000000084000000| Untracked 
|  65|0x0000000084100000, 0x0000000084100000, 0x0000000084200000|  0%| F|  |TAMS 0x0000000084100000, 0x0000000084100000| Untracked 
|  66|0x0000000084200000, 0x0000000084200000, 0x0000000084300000|  0%| F|  |TAMS 0x0000000084200000, 0x0000000084200000| Untracked 
|  67|0x0000000084300000, 0x0000000084300000, 0x0000000084400000|  0%| F|  |TAMS 0x0000000084300000, 0x0000000084300000| Untracked 
|  68|0x0000000084400000, 0x0000000084400000, 0x0000000084500000|  0%| F|  |TAMS 0x0000000084400000, 0x0000000084400000| Untracked 
|  69|0x0000000084500000, 0x0000000084500000, 0x0000000084600000|  0%| F|  |TAMS 0x0000000084500000, 0x0000000084500000| Untracked 
|  70|0x0000000084600000, 0x0000000084600000, 0x0000000084700000|  0%| F|  |TAMS 0x0000000084600000, 0x0000000084600000| Untracked 
|  71|0x0000000084700000, 0x0000000084700000, 0x0000000084800000|  0%| F|  |TAMS 0x0000000084700000, 0x0000000084700000| Untracked 
|  72|0x0000000084800000, 0x0000000084800000, 0x0000000084900000|  0%| F|  |TAMS 0x0000000084800000, 0x0000000084800000| Untracked 
|  73|0x0000000084900000, 0x0000000084900000, 0x0000000084a00000|  0%| F|  |TAMS 0x0000000084900000, 0x0000000084900000| Untracked 
|  74|0x0000000084a00000, 0x0000000084a00000, 0x0000000084b00000|  0%| F|  |TAMS 0x0000000084a00000, 0x0000000084a00000| Untracked 
|  75|0x0000000084b00000, 0x0000000084b00000, 0x0000000084c00000|  0%| F|  |TAMS 0x0000000084b00000, 0x0000000084b00000| Untracked 
|  76|0x0000000084c00000, 0x0000000084c00000, 0x0000000084d00000|  0%| F|  |TAMS 0x0000000084c00000, 0x0000000084c00000| Untracked 
|  77|0x0000000084d00000, 0x0000000084d00000, 0x0000000084e00000|  0%| F|  |TAMS 0x0000000084d00000, 0x0000000084d00000| Untracked 
|  78|0x0000000084e00000, 0x0000000084e00000, 0x0000000084f00000|  0%| F|  |TAMS 0x0000000084e00000, 0x0000000084e00000| Untracked 
|  79|0x0000000084f00000, 0x0000000084f00000, 0x0000000085000000|  0%| F|  |TAMS 0x0000000084f00000, 0x0000000084f00000| Untracked 
|  80|0x0000000085000000, 0x0000000085000000, 0x0000000085100000|  0%| F|  |TAMS 0x0000000085000000, 0x0000000085000000| Untracked 
|  81|0x0000000085100000, 0x0000000085100000, 0x0000000085200000|  0%| F|  |TAMS 0x0000000085100000, 0x0000000085100000| Untracked 
|  82|0x0000000085200000, 0x0000000085200000, 0x0000000085300000|  0%| F|  |TAMS 0x0000000085200000, 0x0000000085200000| Untracked 
|  83|0x0000000085300000, 0x0000000085300000, 0x0000000085400000|  0%| F|  |TAMS 0x0000000085300000, 0x0000000085300000| Untracked 
|  84|0x0000000085400000, 0x0000000085400000, 0x0000000085500000|  0%| F|  |TAMS 0x0000000085400000, 0x0000000085400000| Untracked 
|  85|0x0000000085500000, 0x0000000085500000, 0x0000000085600000|  0%| F|  |TAMS 0x0000000085500000, 0x0000000085500000| Untracked 
|  86|0x0000000085600000, 0x0000000085600000, 0x0000000085700000|  0%| F|  |TAMS 0x0000000085600000, 0x0000000085600000| Untracked 
|  87|0x0000000085700000, 0x0000000085700000, 0x0000000085800000|  0%| F|  |TAMS 0x0000000085700000, 0x0000000085700000| Untracked 
|  88|0x0000000085800000, 0x0000000085800000, 0x0000000085900000|  0%| F|  |TAMS 0x0000000085800000, 0x0000000085800000| Untracked 
|  89|0x0000000085900000, 0x0000000085900000, 0x0000000085a00000|  0%| F|  |TAMS 0x0000000085900000, 0x0000000085900000| Untracked 
|  90|0x0000000085a00000, 0x0000000085a00000, 0x0000000085b00000|  0%| F|  |TAMS 0x0000000085a00000, 0x0000000085a00000| Untracked 
|  91|0x0000000085b00000, 0x0000000085b00000, 0x0000000085c00000|  0%| F|  |TAMS 0x0000000085b00000, 0x0000000085b00000| Untracked 
|  92|0x0000000085c00000, 0x0000000085c00000, 0x0000000085d00000|  0%| F|  |TAMS 0x0000000085c00000, 0x0000000085c00000| Untracked 
|  93|0x0000000085d00000, 0x0000000085d00000, 0x0000000085e00000|  0%| F|  |TAMS 0x0000000085d00000, 0x0000000085d00000| Untracked 
|  94|0x0000000085e00000, 0x0000000085e00000, 0x0000000085f00000|  0%| F|  |TAMS 0x0000000085e00000, 0x0000000085e00000| Untracked 
|  95|0x0000000085f00000, 0x0000000085f00000, 0x0000000086000000|  0%| F|  |TAMS 0x0000000085f00000, 0x0000000085f00000| Untracked 
|  96|0x0000000086000000, 0x0000000086000000, 0x0000000086100000|  0%| F|  |TAMS 0x0000000086000000, 0x0000000086000000| Untracked 
|  97|0x0000000086100000, 0x0000000086100000, 0x0000000086200000|  0%| F|  |TAMS 0x0000000086100000, 0x0000000086100000| Untracked 
|  98|0x0000000086200000, 0x0000000086200000, 0x0000000086300000|  0%| F|  |TAMS 0x0000000086200000, 0x0000000086200000| Untracked 
|  99|0x0000000086300000, 0x0000000086300000, 0x0000000086400000|  0%| F|  |TAMS 0x0000000086300000, 0x0000000086300000| Untracked 
| 100|0x0000000086400000, 0x0000000086400000, 0x0000000086500000|  0%| F|  |TAMS 0x0000000086400000, 0x0000000086400000| Untracked 
| 101|0x0000000086500000, 0x0000000086500000, 0x0000000086600000|  0%| F|  |TAMS 0x0000000086500000, 0x0000000086500000| Untracked 
| 102|0x0000000086600000, 0x0000000086600000, 0x0000000086700000|  0%| F|  |TAMS 0x0000000086600000, 0x0000000086600000| Untracked 
| 103|0x0000000086700000, 0x0000000086755ef0, 0x0000000086800000| 33%| S|CS|TAMS 0x0000000086700000, 0x0000000086700000| Complete 
| 104|0x0000000086800000, 0x0000000086900000, 0x0000000086900000|100%| S|CS|TAMS 0x0000000086800000, 0x0000000086800000| Complete 
| 105|0x0000000086900000, 0x0000000086a00000, 0x0000000086a00000|100%| S|CS|TAMS 0x0000000086900000, 0x0000000086900000| Complete 
| 106|0x0000000086a00000, 0x0000000086b00000, 0x0000000086b00000|100%| S|CS|TAMS 0x0000000086a00000, 0x0000000086a00000| Complete 
| 107|0x0000000086b00000, 0x0000000086b00000, 0x0000000086c00000|  0%| F|  |TAMS 0x0000000086b00000, 0x0000000086b00000| Untracked 
| 108|0x0000000086c00000, 0x0000000086c00000, 0x0000000086d00000|  0%| F|  |TAMS 0x0000000086c00000, 0x0000000086c00000| Untracked 
| 109|0x0000000086d00000, 0x0000000086d00000, 0x0000000086e00000|  0%| F|  |TAMS 0x0000000086d00000, 0x0000000086d00000| Untracked 
| 110|0x0000000086e00000, 0x0000000086e00000, 0x0000000086f00000|  0%| F|  |TAMS 0x0000000086e00000, 0x0000000086e00000| Untracked 
| 111|0x0000000086f00000, 0x0000000086f00000, 0x0000000087000000|  0%| F|  |TAMS 0x0000000086f00000, 0x0000000086f00000| Untracked 
| 112|0x0000000087000000, 0x0000000087000000, 0x0000000087100000|  0%| F|  |TAMS 0x0000000087000000, 0x0000000087000000| Untracked 
| 113|0x0000000087100000, 0x0000000087100000, 0x0000000087200000|  0%| F|  |TAMS 0x0000000087100000, 0x0000000087100000| Untracked 
| 114|0x0000000087200000, 0x0000000087200000, 0x0000000087300000|  0%| F|  |TAMS 0x0000000087200000, 0x0000000087200000| Untracked 
| 115|0x0000000087300000, 0x0000000087300000, 0x0000000087400000|  0%| F|  |TAMS 0x0000000087300000, 0x0000000087300000| Untracked 
| 116|0x0000000087400000, 0x0000000087400000, 0x0000000087500000|  0%| F|  |TAMS 0x0000000087400000, 0x0000000087400000| Untracked 
| 117|0x0000000087500000, 0x0000000087500000, 0x0000000087600000|  0%| F|  |TAMS 0x0000000087500000, 0x0000000087500000| Untracked 
| 118|0x0000000087600000, 0x0000000087600000, 0x0000000087700000|  0%| F|  |TAMS 0x0000000087600000, 0x0000000087600000| Untracked 
| 119|0x0000000087700000, 0x0000000087700000, 0x0000000087800000|  0%| F|  |TAMS 0x0000000087700000, 0x0000000087700000| Untracked 
| 120|0x0000000087800000, 0x0000000087800000, 0x0000000087900000|  0%| F|  |TAMS 0x0000000087800000, 0x0000000087800000| Untracked 
| 121|0x0000000087900000, 0x0000000087900000, 0x0000000087a00000|  0%| F|  |TAMS 0x0000000087900000, 0x0000000087900000| Untracked 
| 122|0x0000000087a00000, 0x0000000087a00000, 0x0000000087b00000|  0%| F|  |TAMS 0x0000000087a00000, 0x0000000087a00000| Untracked 
| 123|0x0000000087b00000, 0x0000000087b00000, 0x0000000087c00000|  0%| F|  |TAMS 0x0000000087b00000, 0x0000000087b00000| Untracked 
| 124|0x0000000087c00000, 0x0000000087c00000, 0x0000000087d00000|  0%| F|  |TAMS 0x0000000087c00000, 0x0000000087c00000| Untracked 
| 125|0x0000000087d00000, 0x0000000087d00000, 0x0000000087e00000|  0%| F|  |TAMS 0x0000000087d00000, 0x0000000087d00000| Untracked 
| 126|0x0000000087e00000, 0x0000000087e00000, 0x0000000087f00000|  0%| F|  |TAMS 0x0000000087e00000, 0x0000000087e00000| Untracked 
| 127|0x0000000087f00000, 0x0000000087f00000, 0x0000000088000000|  0%| F|  |TAMS 0x0000000087f00000, 0x0000000087f00000| Untracked 

Card table byte_map: [0x000001c1fc080000,0x000001c1fc480000] _byte_map_base: 0x000001c1fbc80000

Marking Bits (Prev, Next): (CMBitMap*) 0x000001c1f5a20b80, (CMBitMap*) 0x000001c1f5a20bc0
 Prev Bits: [0x000001c1fc880000, 0x000001c1fe880000)
 Next Bits: [0x000001c180000000, 0x000001c182000000)

Polling page: 0x000001c1f3740000

Metaspace:

Usage:
  Non-class:     18.34 MB used.
      Class:      2.42 MB used.
       Both:     20.76 MB used.

Virtual space:
  Non-class space:       24.00 MB reserved,      18.44 MB ( 77%) committed,  3 nodes.
      Class space:        1.00 GB reserved,       2.56 MB ( <1%) committed,  1 nodes.
             Both:        1.02 GB reserved,      21.00 MB (  2%) committed. 

Chunk freelists:
   Non-Class:  1.50 MB
       Class:  1.45 MB
        Both:  2.95 MB

MaxMetaspaceSize: unlimited
CompressedClassSpaceSize: 1.00 GB
Initial GC threshold: 21.00 MB
Current GC threshold: 21.00 MB
CDS: off
MetaspaceReclaimPolicy: balanced
 - commit_granule_bytes: 65536.
 - commit_granule_words: 8192.
 - virtual_space_node_default_size: 1048576.
 - enlarge_chunks_in_place: 1.
 - new_chunks_are_fully_committed: 0.
 - uncommit_free_chunks: 1.
 - use_allocation_guard: 0.
 - handle_deallocations: 1.


Internal statistics:

num_allocs_failed_limit: 3.
num_arena_births: 278.
num_arena_deaths: 0.
num_vsnodes_births: 4.
num_vsnodes_deaths: 0.
num_space_committed: 336.
num_space_uncommitted: 0.
num_chunks_returned_to_freelist: 3.
num_chunks_taken_from_freelist: 656.
num_chunk_merges: 3.
num_chunk_splits: 393.
num_chunks_enlarged: 241.
num_purges: 0.
num_inconsistent_stats: 0.

CodeCache: size=49152Kb used=4667Kb max_used=4667Kb free=44484Kb
 bounds [0x000001c1f9080000, 0x000001c1f9510000, 0x000001c1fc080000]
 total_blobs=2480 nmethods=2011 adapters=395
 compilation: enabled
              stopped_count=0, restarted_count=0
 full_count=0

Compilation events (20 events):
Event: 2.231 Thread 0x000001c1fead5490 1998       1       java.util.ImmutableCollections$Set12::<init> (53 bytes)
Event: 2.232 Thread 0x000001c1fead5490 nmethod 1998 0x000001c1f9509c10 code [0x000001c1f9509e20, 0x000001c1f950a3a8]
Event: 2.232 Thread 0x000001c1feb79fb0 1999       1       java.util.Collections::emptyMap (4 bytes)
Event: 2.232 Thread 0x000001c1fead5490 2000       1       java.util.BitSet::get (69 bytes)
Event: 2.232 Thread 0x000001c1feb79fb0 nmethod 1999 0x000001c1f950a610 code [0x000001c1f950a7a0, 0x000001c1f950a858]
Event: 2.233 Thread 0x000001c1fead5490 nmethod 2000 0x000001c1f950a910 code [0x000001c1f950ab00, 0x000001c1f950af68]
Event: 2.250 Thread 0x000001c1fead5490 2001       1       java.util.Arrays::asList (9 bytes)
Event: 2.251 Thread 0x000001c1fead5490 nmethod 2001 0x000001c1f950b190 code [0x000001c1f950b340, 0x000001c1f950b548]
Event: 2.251 Thread 0x000001c1feb79fb0 2002       1       java.util.Arrays$ArrayList::<init> (16 bytes)
Event: 2.251 Thread 0x000001c1feb79fb0 nmethod 2002 0x000001c1f950b610 code [0x000001c1f950b7a0, 0x000001c1f950b968]
Event: 2.253 Thread 0x000001c1fead5490 2003       1       ch.qos.logback.classic.Logger::getChildByName (68 bytes)
Event: 2.253 Thread 0x000001c1fead5490 nmethod 2003 0x000001c1f950ba10 code [0x000001c1f950bbe0, 0x000001c1f950be28]
Event: 2.253 Thread 0x000001c1feb79fb0 2004       1       java.lang.ClassLoader::getUnnamedModule (5 bytes)
Event: 2.254 Thread 0x000001c1feb79fb0 nmethod 2004 0x000001c1f950bf90 code [0x000001c1f950c120, 0x000001c1f950c1f8]
Event: 2.268 Thread 0x000001c1feb79fb0 2005       1       java.util.Arrays::fill (28 bytes)
Event: 2.269 Thread 0x000001c1feb79fb0 nmethod 2005 0x000001c1f950c290 code [0x000001c1f950c440, 0x000001c1f950c628]
Event: 2.270 Thread 0x000001c1fead5490 2006       1       java.lang.invoke.MethodType::dropParameterTypes (162 bytes)
Event: 2.271 Thread 0x000001c1fead5490 nmethod 2006 0x000001c1f950c790 code [0x000001c1f950c9e0, 0x000001c1f950d088]
Event: 2.272 Thread 0x000001c1feb79fb0 2008       1       java.lang.invoke.LambdaFormBuffer::indexOf (33 bytes)
Event: 2.273 Thread 0x000001c1feb79fb0 nmethod 2008 0x000001c1f950da10 code [0x000001c1f950dbc0, 0x000001c1f950dd38]

GC Heap History (9 events):
Event: 0.478 GC heap before
{Heap before GC invocations=0 (full 0):
 garbage-first heap   total 131072K, used 6144K [0x0000000080000000, 0x0000000100000000)
  region size 1024K, 6 young (6144K), 0 survivors (0K)
 Metaspace       used 6205K, committed 6336K, reserved 1056768K
  class space    used 531K, committed 576K, reserved 1048576K
}
Event: 0.484 GC heap after
{Heap after GC invocations=1 (full 0):
 garbage-first heap   total 131072K, used 3473K [0x0000000080000000, 0x0000000100000000)
  region size 1024K, 1 young (1024K), 1 survivors (1024K)
 Metaspace       used 6205K, committed 6336K, reserved 1056768K
  class space    used 531K, committed 576K, reserved 1048576K
}
Event: 0.724 GC heap before
{Heap before GC invocations=1 (full 0):
 garbage-first heap   total 131072K, used 8593K [0x0000000080000000, 0x0000000100000000)
  region size 1024K, 6 young (6144K), 1 survivors (1024K)
 Metaspace       used 9087K, committed 9216K, reserved 1064960K
  class space    used 872K, committed 960K, reserved 1048576K
}
Event: 0.729 GC heap after
{Heap after GC invocations=2 (full 0):
 garbage-first heap   total 131072K, used 7939K [0x0000000080000000, 0x0000000100000000)
  region size 1024K, 1 young (1024K), 1 survivors (1024K)
 Metaspace       used 9087K, committed 9216K, reserved 1064960K
  class space    used 872K, committed 960K, reserved 1048576K
}
Event: 1.125 GC heap before
{Heap before GC invocations=2 (full 0):
 garbage-first heap   total 131072K, used 13059K [0x0000000080000000, 0x0000000100000000)
  region size 1024K, 7 young (7168K), 1 survivors (1024K)
 Metaspace       used 13746K, committed 13888K, reserved 1064960K
  class space    used 1397K, committed 1472K, reserved 1048576K
}
Event: 1.132 GC heap after
{Heap after GC invocations=3 (full 0):
 garbage-first heap   total 131072K, used 9576K [0x0000000080000000, 0x0000000100000000)
  region size 1024K, 1 young (1024K), 1 survivors (1024K)
 Metaspace       used 13746K, committed 13888K, reserved 1064960K
  class space    used 1397K, committed 1472K, reserved 1048576K
}
Event: 1.544 GC heap before
{Heap before GC invocations=3 (full 0):
 garbage-first heap   total 131072K, used 20840K [0x0000000080000000, 0x0000000100000000)
  region size 1024K, 13 young (13312K), 1 survivors (1024K)
 Metaspace       used 17488K, committed 17728K, reserved 1064960K
  class space    used 1891K, committed 1984K, reserved 1048576K
}
Event: 1.552 GC heap after
{Heap after GC invocations=4 (full 0):
 garbage-first heap   total 131072K, used 10600K [0x0000000080000000, 0x0000000100000000)
  region size 1024K, 2 young (2048K), 2 survivors (2048K)
 Metaspace       used 17488K, committed 17728K, reserved 1064960K
  class space    used 1891K, committed 1984K, reserved 1048576K
}
Event: 2.308 GC heap before
{Heap before GC invocations=4 (full 0):
 garbage-first heap   total 131072K, used 29032K [0x0000000080000000, 0x0000000100000000)
  region size 1024K, 21 young (21504K), 2 survivors (2048K)
 Metaspace       used 21256K, committed 21504K, reserved 1073152K
  class space    used 2475K, committed 2624K, reserved 1048576K
}

Deoptimization events (0 events):
No events

Classes unloaded (0 events):
No events

Classes redefined (0 events):
No events

Internal exceptions (20 events):
Event: 1.899 Thread 0x000001c1f59c25f0 Exception <a 'java/lang/NoSuchMethodError'{0x0000000087afc378}: 'java.lang.Object java.lang.invoke.DirectMethodHandle$Holder.invokeSpecial(java.lang.Object, java.lang.Object, java.lang.Object, java.lang.Object, java.lang.Object, java.lang.Object, int)'> (0x0000000087afc378) 
thrown [s\src\hotspot\share\interpreter\linkResolver.cpp, line 759]
Event: 1.901 Thread 0x000001c1f59c25f0 Exception <a 'java/lang/NoSuchMethodError'{0x0000000087906da0}: 'java.lang.Object java.lang.invoke.DirectMethodHandle$Holder.newInvokeSpecial(java.lang.Object, java.lang.Object, java.lang.Object, java.lang.Object, java.lang.Object, java.lang.Object, int)'> (0x0000000087906da0) 
thrown [s\src\hotspot\share\interpreter\linkResolver.cpp, line 759]
Event: 1.902 Thread 0x000001c1f59c25f0 Exception <a 'java/lang/NoSuchMethodError'{0x000000008790bde0}: 'java.lang.Object java.lang.invoke.DirectMethodHandle$Holder.invokeSpecial(java.lang.Object, java.lang.Object, java.lang.Object, java.lang.Object, java.lang.Object, java.lang.Object, java.lang.Object, int)'> (0x000000008790bde0) 
thrown [s\src\hotspot\share\interpreter\linkResolver.cpp, line 759]
Event: 2.015 Thread 0x000001c18510f080 Exception <a 'java/lang/reflect/InvocationTargetException'{0x0000000087882360}> (0x0000000087882360) 
thrown [s\src\hotspot\share\runtime\reflection.cpp, line 1121]
Event: 2.043 Thread 0x000001c1f59c25f0 Exception <a 'java/lang/NoSuchMethodError'{0x0000000087775b48}: 'java.lang.Object java.lang.invoke.DirectMethodHandle$Holder.invokeSpecial(java.lang.Object, java.lang.Object, java.lang.Object, int, java.lang.Object)'> (0x0000000087775b48) 
thrown [s\src\hotspot\share\interpreter\linkResolver.cpp, line 759]
Event: 2.044 Thread 0x000001c1f59c25f0 Exception <a 'java/lang/NoSuchMethodError'{0x000000008777e0b8}: 'java.lang.Object java.lang.invoke.DirectMethodHandle$Holder.newInvokeSpecial(java.lang.Object, java.lang.Object, java.lang.Object, int, java.lang.Object)'> (0x000000008777e0b8) 
thrown [s\src\hotspot\share\interpreter\linkResolver.cpp, line 759]
Event: 2.049 Thread 0x000001c1f59c25f0 Exception <a 'java/lang/NoSuchMethodError'{0x0000000087795388}: 'java.lang.Object java.lang.invoke.DirectMethodHandle$Holder.newInvokeSpecial(java.lang.Object, int, java.lang.Object)'> (0x0000000087795388) 
thrown [s\src\hotspot\share\interpreter\linkResolver.cpp, line 759]
Event: 2.049 Thread 0x000001c1f59c25f0 Exception <a 'java/lang/NoSuchMethodError'{0x0000000087799148}: 'int java.lang.invoke.DirectMethodHandle$Holder.invokeSpecialIFC(java.lang.Object, java.lang.Object, java.lang.Object, java.lang.Object)'> (0x0000000087799148) 
thrown [s\src\hotspot\share\interpreter\linkResolver.cpp, line 759]
Event: 2.100 Thread 0x000001c1f59c25f0 Exception <a 'java/lang/NoSuchMethodError'{0x000000008765cc80}: 'java.lang.Object java.lang.invoke.DirectMethodHandle$Holder.invokeInterface(java.lang.Object, java.lang.Object)'> (0x000000008765cc80) 
thrown [s\src\hotspot\share\interpreter\linkResolver.cpp, line 759]
Event: 2.104 Thread 0x000001c1f59c25f0 Exception <a 'java/lang/NoSuchMethodError'{0x000000008766ec38}: 'void java.lang.invoke.DirectMethodHandle$Holder.invokeInterface(java.lang.Object, java.lang.Object, java.lang.Object)'> (0x000000008766ec38) 
thrown [s\src\hotspot\share\interpreter\linkResolver.cpp, line 759]
Event: 2.136 Thread 0x000001c1f59c25f0 Exception <a 'java/lang/NoSuchMethodError'{0x0000000087517138}: 'java.lang.Object java.lang.invoke.DirectMethodHandle$Holder.invokeVirtual(java.lang.Object, java.lang.Object, java.lang.Object)'> (0x0000000087517138) 
thrown [s\src\hotspot\share\interpreter\linkResolver.cpp, line 759]
Event: 2.151 Thread 0x000001c1f59c25f0 Exception <a 'java/lang/NoSuchMethodError'{0x00000000875b4b70}: 'void java.lang.invoke.DirectMethodHandle$Holder.invokeStatic(java.lang.Object, java.lang.Object, int)'> (0x00000000875b4b70) 
thrown [s\src\hotspot\share\interpreter\linkResolver.cpp, line 759]
Event: 2.152 Thread 0x000001c1f59c25f0 Exception <a 'java/lang/NoSuchMethodError'{0x00000000875bc860}: 'void java.lang.invoke.DirectMethodHandle$Holder.invokeStaticInit(java.lang.Object, java.lang.Object)'> (0x00000000875bc860) 
thrown [s\src\hotspot\share\interpreter\linkResolver.cpp, line 759]
Event: 2.153 Thread 0x000001c1f59c25f0 Exception <a 'java/lang/NoSuchMethodError'{0x00000000875cacb8}: 'void java.lang.invoke.DirectMethodHandle$Holder.invokeStaticInit(java.lang.Object, java.lang.Object, java.lang.Object)'> (0x00000000875cacb8) 
thrown [s\src\hotspot\share\interpreter\linkResolver.cpp, line 759]
Event: 2.172 Thread 0x000001c1f59c25f0 Exception <a 'java/lang/NoSuchMethodError'{0x000000008742c9f8}: 'void java.lang.invoke.DirectMethodHandle$Holder.invokeVirtual(java.lang.Object, java.lang.Object, java.lang.Object, java.lang.Object)'> (0x000000008742c9f8) 
thrown [s\src\hotspot\share\interpreter\linkResolver.cpp, line 759]
Event: 2.210 Thread 0x000001c1f59c25f0 Exception <a 'java/lang/NoSuchMethodError'{0x00000000873bd918}: 'void java.lang.invoke.DirectMethodHandle$Holder.invokeSpecial(java.lang.Object, java.lang.Object, java.lang.Object)'> (0x00000000873bd918) 
thrown [s\src\hotspot\share\interpreter\linkResolver.cpp, line 759]
Event: 2.210 Thread 0x000001c1f59c25f0 Exception <a 'java/lang/NoSuchMethodError'{0x00000000873c3e60}: 'void java.lang.invoke.DirectMethodHandle$Holder.invokeSpecial(java.lang.Object, java.lang.Object, java.lang.Object, java.lang.Object, java.lang.Object)'> (0x00000000873c3e60) 
thrown [s\src\hotspot\share\interpreter\linkResolver.cpp, line 759]
Event: 2.216 Thread 0x000001c1852370c0 Exception <a 'java/lang/NoClassDefFoundError'{0x000000008701de68}: javax/validation/Validation> (0x000000008701de68) 
thrown [s\src\hotspot\share\classfile\systemDictionary.cpp, line 245]
Event: 2.259 Thread 0x000001c1852370c0 Exception <a 'java/lang/NoSuchMethodError'{0x0000000086e6f298}: 'java.lang.Object java.lang.invoke.DirectMethodHandle$Holder.invokeStaticInit(java.lang.Object, java.lang.Object, java.lang.Object)'> (0x0000000086e6f298) 
thrown [s\src\hotspot\share\interpreter\linkResolver.cpp, line 759]
Event: 2.260 Thread 0x000001c1852370c0 Exception <a 'java/lang/NoSuchMethodError'{0x0000000086e75188}: 'java.lang.Object java.lang.invoke.DirectMethodHandle$Holder.invokeStaticInit(java.lang.Object, java.lang.Object, java.lang.Object, java.lang.Object, java.lang.Object)'> (0x0000000086e75188) 
thrown [s\src\hotspot\share\interpreter\linkResolver.cpp, line 759]

VM Operations (20 events):
Event: 0.896 Executing VM operation: HandshakeAllThreads done
Event: 1.125 Executing VM operation: G1CollectForAllocation
Event: 1.132 Executing VM operation: G1CollectForAllocation done
Event: 1.177 Executing VM operation: HandshakeAllThreads
Event: 1.177 Executing VM operation: HandshakeAllThreads done
Event: 1.360 Executing VM operation: HandshakeAllThreads
Event: 1.360 Executing VM operation: HandshakeAllThreads done
Event: 1.457 Executing VM operation: HandshakeAllThreads
Event: 1.457 Executing VM operation: HandshakeAllThreads done
Event: 1.527 Executing VM operation: HandshakeAllThreads
Event: 1.527 Executing VM operation: HandshakeAllThreads done
Event: 1.544 Executing VM operation: G1CollectForAllocation
Event: 1.552 Executing VM operation: G1CollectForAllocation done
Event: 1.750 Executing VM operation: HandshakeAllThreads
Event: 1.750 Executing VM operation: HandshakeAllThreads done
Event: 2.027 Executing VM operation: HandshakeAllThreads
Event: 2.027 Executing VM operation: HandshakeAllThreads done
Event: 2.157 Executing VM operation: ICBufferFull
Event: 2.158 Executing VM operation: ICBufferFull done
Event: 2.308 Executing VM operation: CollectForMetadataAllocation

Events (20 events):
Event: 2.282 loading class com/sun/org/apache/xalan/internal/utils/FeaturePropertyBase done
Event: 2.282 loading class com/sun/org/apache/xalan/internal/utils/XMLSecurityPropertyManager done
Event: 2.282 loading class com/sun/org/apache/xalan/internal/utils/FeaturePropertyBase$State
Event: 2.282 loading class com/sun/org/apache/xalan/internal/utils/FeaturePropertyBase$State done
Event: 2.282 loading class com/sun/org/apache/xalan/internal/utils/XMLSecurityPropertyManager$Property
Event: 2.282 loading class com/sun/org/apache/xalan/internal/utils/XMLSecurityPropertyManager$Property done
Event: 2.282 loading class jdk/xml/internal/XMLSecurityManager
Event: 2.283 loading class jdk/xml/internal/XMLSecurityManager done
Event: 2.283 loading class jdk/xml/internal/XMLSecurityManager$Limit
Event: 2.283 loading class jdk/xml/internal/XMLSecurityManager$Limit done
Event: 2.283 loading class jdk/xml/internal/XMLSecurityManager$Processor
Event: 2.283 loading class jdk/xml/internal/XMLSecurityManager$Processor done
Event: 2.283 loading class jdk/xml/internal/XMLSecurityManager$NameMap
Event: 2.283 loading class jdk/xml/internal/XMLSecurityManager$NameMap done
Event: 2.284 loading class jdk/xml/internal/JdkProperty
Event: 2.284 loading class jdk/xml/internal/JdkProperty done
Event: 2.284 loading class java/io/NotSerializableException
Event: 2.284 loading class java/io/ObjectStreamException
Event: 2.284 loading class java/io/ObjectStreamException done
Event: 2.284 loading class java/io/NotSerializableException done


Dynamic libraries:
0x00007ff694500000 - 0x00007ff69450e000 	C:\Users\sfjbs\Downloads\node-20220822T151028Z-001\node\sts-4.15.3.RELEASE\plugins\org.eclipse.justj.openjdk.hotspot.jre.full.win32.x86_64_17.0.4.v20220805-1047\jre\bin\javaw.exe
0x00007ffc0bcf0000 - 0x00007ffc0bee8000 	C:\Windows\SYSTEM32\ntdll.dll
0x00007ffc0a460000 - 0x00007ffc0a51d000 	C:\Windows\System32\KERNEL32.DLL
0x00007ffc09410000 - 0x00007ffc096de000 	C:\Windows\System32\KERNELBASE.dll
0x00007ffc09920000 - 0x00007ffc09a20000 	C:\Windows\System32\ucrtbase.dll
0x00007ffbf1e90000 - 0x00007ffbf1ea8000 	C:\Users\sfjbs\Downloads\node-20220822T151028Z-001\node\sts-4.15.3.RELEASE\plugins\org.eclipse.justj.openjdk.hotspot.jre.full.win32.x86_64_17.0.4.v20220805-1047\jre\bin\jli.dll
0x00007ffc09f60000 - 0x00007ffc0a100000 	C:\Windows\System32\USER32.dll
0x00007ffc096e0000 - 0x00007ffc09702000 	C:\Windows\System32\win32u.dll
0x00007ffc0a3f0000 - 0x00007ffc0a41a000 	C:\Windows\System32\GDI32.dll
0x00007ffc09a20000 - 0x00007ffc09b2b000 	C:\Windows\System32\gdi32full.dll
0x00007ffc097d0000 - 0x00007ffc0986d000 	C:\Windows\System32\msvcp_win.dll
0x00007ffbf1e70000 - 0x00007ffbf1e89000 	C:\Users\sfjbs\Downloads\node-20220822T151028Z-001\node\sts-4.15.3.RELEASE\plugins\org.eclipse.justj.openjdk.hotspot.jre.full.win32.x86_64_17.0.4.v20220805-1047\jre\bin\VCRUNTIME140.dll
0x00007ffbff250000 - 0x00007ffbff4ea000 	C:\Windows\WinSxS\amd64_microsoft.windows.common-controls_6595b64144ccf1df_6.0.19041.1110_none_60b5254171f9507e\COMCTL32.dll
0x00007ffc0bbf0000 - 0x00007ffc0bc8e000 	C:\Windows\System32\msvcrt.dll
0x00007ffc0a430000 - 0x00007ffc0a460000 	C:\Windows\System32\IMM32.DLL
0x00007ffc048e0000 - 0x00007ffc048ec000 	C:\Users\sfjbs\Downloads\node-20220822T151028Z-001\node\sts-4.15.3.RELEASE\plugins\org.eclipse.justj.openjdk.hotspot.jre.full.win32.x86_64_17.0.4.v20220805-1047\jre\bin\vcruntime140_1.dll
0x00007ffbdfc60000 - 0x00007ffbdfcf1000 	C:\Users\sfjbs\Downloads\node-20220822T151028Z-001\node\sts-4.15.3.RELEASE\plugins\org.eclipse.justj.openjdk.hotspot.jre.full.win32.x86_64_17.0.4.v20220805-1047\jre\bin\msvcp140.dll
0x00007ffbc27c0000 - 0x00007ffbc3406000 	C:\Users\sfjbs\Downloads\node-20220822T151028Z-001\node\sts-4.15.3.RELEASE\plugins\org.eclipse.justj.openjdk.hotspot.jre.full.win32.x86_64_17.0.4.v20220805-1047\jre\bin\server\jvm.dll
0x00007ffc0a100000 - 0x00007ffc0a1ae000 	C:\Windows\System32\ADVAPI32.dll
0x00007ffc0baf0000 - 0x00007ffc0bb8c000 	C:\Windows\System32\sechost.dll
0x00007ffc0a990000 - 0x00007ffc0aab5000 	C:\Windows\System32\RPCRT4.dll
0x00007ffc0a3e0000 - 0x00007ffc0a3e8000 	C:\Windows\System32\PSAPI.DLL
0x00007ffbfeaf0000 - 0x00007ffbfeaf9000 	C:\Windows\SYSTEM32\WSOCK32.dll
0x00007ffc0ba80000 - 0x00007ffc0baeb000 	C:\Windows\System32\WS2_32.dll
0x00007ffbfc8c0000 - 0x00007ffbfc8e7000 	C:\Windows\SYSTEM32\WINMM.dll
0x00007ffc00350000 - 0x00007ffc0035a000 	C:\Windows\SYSTEM32\VERSION.dll
0x00007ffc072e0000 - 0x00007ffc072f2000 	C:\Windows\SYSTEM32\kernel.appcore.dll
0x00007ffbee4e0000 - 0x00007ffbee4ea000 	C:\Users\sfjbs\Downloads\node-20220822T151028Z-001\node\sts-4.15.3.RELEASE\plugins\org.eclipse.justj.openjdk.hotspot.jre.full.win32.x86_64_17.0.4.v20220805-1047\jre\bin\jimage.dll
0x00007ffbfef50000 - 0x00007ffbff134000 	C:\Windows\SYSTEM32\DBGHELP.DLL
0x00007ffbfef20000 - 0x00007ffbfef4c000 	C:\Windows\SYSTEM32\dbgcore.DLL
0x00007ffc09cc0000 - 0x00007ffc09d42000 	C:\Windows\System32\bcryptPrimitives.dll
0x00007ffbe3bc0000 - 0x00007ffbe3be5000 	C:\Users\sfjbs\Downloads\node-20220822T151028Z-001\node\sts-4.15.3.RELEASE\plugins\org.eclipse.justj.openjdk.hotspot.jre.full.win32.x86_64_17.0.4.v20220805-1047\jre\bin\java.dll
0x00007ffbee3a0000 - 0x00007ffbee3b8000 	C:\Users\sfjbs\Downloads\node-20220822T151028Z-001\node\sts-4.15.3.RELEASE\plugins\org.eclipse.justj.openjdk.hotspot.jre.full.win32.x86_64_17.0.4.v20220805-1047\jre\bin\zip.dll
0x00007ffc0b330000 - 0x00007ffc0ba73000 	C:\Windows\System32\SHELL32.dll
0x00007ffc074e0000 - 0x00007ffc07c75000 	C:\Windows\SYSTEM32\windows.storage.dll
0x00007ffc0afd0000 - 0x00007ffc0b324000 	C:\Windows\System32\combase.dll
0x00007ffc08cc0000 - 0x00007ffc08cf0000 	C:\Windows\SYSTEM32\Wldp.dll
0x00007ffc0acf0000 - 0x00007ffc0ad9d000 	C:\Windows\System32\SHCORE.dll
0x00007ffc0ac00000 - 0x00007ffc0ac55000 	C:\Windows\System32\shlwapi.dll
0x00007ffc09350000 - 0x00007ffc0936f000 	C:\Windows\SYSTEM32\profapi.dll
0x00007ffbe5970000 - 0x00007ffbe5989000 	C:\Users\sfjbs\Downloads\node-20220822T151028Z-001\node\sts-4.15.3.RELEASE\plugins\org.eclipse.justj.openjdk.hotspot.jre.full.win32.x86_64_17.0.4.v20220805-1047\jre\bin\net.dll
0x00007ffc039e0000 - 0x00007ffc03aea000 	C:\Windows\SYSTEM32\WINHTTP.dll
0x00007ffc08aa0000 - 0x00007ffc08b0a000 	C:\Windows\system32\mswsock.dll
0x00007ffbe3e60000 - 0x00007ffbe3e75000 	C:\Users\sfjbs\Downloads\node-20220822T151028Z-001\node\sts-4.15.3.RELEASE\plugins\org.eclipse.justj.openjdk.hotspot.jre.full.win32.x86_64_17.0.4.v20220805-1047\jre\bin\nio.dll
0x00007ffbf19f0000 - 0x00007ffbf19f9000 	C:\Users\sfjbs\Downloads\node-20220822T151028Z-001\node\sts-4.15.3.RELEASE\plugins\org.eclipse.justj.openjdk.hotspot.jre.full.win32.x86_64_17.0.4.v20220805-1047\jre\bin\management.dll
0x00007ffbea520000 - 0x00007ffbea52b000 	C:\Users\sfjbs\Downloads\node-20220822T151028Z-001\node\sts-4.15.3.RELEASE\plugins\org.eclipse.justj.openjdk.hotspot.jre.full.win32.x86_64_17.0.4.v20220805-1047\jre\bin\management_ext.dll
0x00007ffbfb0f0000 - 0x00007ffbfb107000 	C:\Windows\system32\napinsp.dll
0x00007ffbfad90000 - 0x00007ffbfadab000 	C:\Windows\system32\pnrpnsp.dll
0x00007ffbf6ee0000 - 0x00007ffbf6ef5000 	C:\Windows\system32\wshbth.dll
0x00007ffc04ff0000 - 0x00007ffc0500d000 	C:\Windows\system32\NLAapi.dll
0x00007ffc087b0000 - 0x00007ffc087eb000 	C:\Windows\SYSTEM32\IPHLPAPI.DLL
0x00007ffc08800000 - 0x00007ffc088ca000 	C:\Windows\SYSTEM32\DNSAPI.dll
0x00007ffc0a420000 - 0x00007ffc0a428000 	C:\Windows\System32\NSI.dll
0x00007ffbf6ec0000 - 0x00007ffbf6ed2000 	C:\Windows\System32\winrnr.dll
0x00007ffc035c0000 - 0x00007ffc035ca000 	C:\Windows\System32\rasadhlp.dll
0x00007ffc03890000 - 0x00007ffc03910000 	C:\Windows\System32\fwpuclnt.dll
0x00007ffc09c90000 - 0x00007ffc09cb7000 	C:\Windows\System32\bcrypt.dll
0x00007ffc08d00000 - 0x00007ffc08d18000 	C:\Windows\SYSTEM32\CRYPTSP.dll
0x00007ffc08440000 - 0x00007ffc08474000 	C:\Windows\system32\rsaenh.dll
0x00007ffc09310000 - 0x00007ffc0933e000 	C:\Windows\SYSTEM32\USERENV.dll
0x00007ffc08c30000 - 0x00007ffc08c3c000 	C:\Windows\SYSTEM32\CRYPTBASE.dll
0x00007ffc036c0000 - 0x00007ffc036d7000 	C:\Windows\SYSTEM32\dhcpcsvc6.DLL
0x00007ffc03630000 - 0x00007ffc0364d000 	C:\Windows\SYSTEM32\dhcpcsvc.DLL
0x00007ffbfccc0000 - 0x00007ffbfccd0000 	C:\Users\sfjbs\Downloads\node-20220822T151028Z-001\node\sts-4.15.3.RELEASE\plugins\org.eclipse.justj.openjdk.hotspot.jre.full.win32.x86_64_17.0.4.v20220805-1047\jre\bin\verify.dll

dbghelp: loaded successfully - version: 4.0.5 - missing functions: none
symbol engine: initialized successfully - sym options: 0x614 - pdb path: .;C:\Users\sfjbs\Downloads\node-20220822T151028Z-001\node\sts-4.15.3.RELEASE\plugins\org.eclipse.justj.openjdk.hotspot.jre.full.win32.x86_64_17.0.4.v20220805-1047\jre\bin;C:\Windows\SYSTEM32;C:\Windows\WinSxS\amd64_microsoft.windows.common-controls_6595b64144ccf1df_6.0.19041.1110_none_60b5254171f9507e;C:\Users\sfjbs\Downloads\node-20220822T151028Z-001\node\sts-4.15.3.RELEASE\plugins\org.eclipse.justj.openjdk.hotspot.jre.full.win32.x86_64_17.0.4.v20220805-1047\jre\bin\server

VM Arguments:
jvm_args: -Dcom.sun.management.jmxremote -Dcom.sun.management.jmxremote.port=64951 -Dcom.sun.management.jmxremote.authenticate=false -Dcom.sun.management.jmxremote.ssl=false -Djava.rmi.server.hostname=localhost -Dspring.jmx.enabled=true -Dspring.application.admin.enabled=true -XX:TieredStopAtLevel=1 -Dspring.boot.project.name=FlightBookingSystem -Dfile.encoding=UTF-8 -XX:+ShowCodeDetailsInExceptionMessages 
java_command: com.flightadmin.FlightBookingSystemApplication --spring.output.ansi.enabled=always
java_class_path (initial): C:\Users\sfjbs\Documents\workspace-spring-tool-suite-4-4.15.3.RELEASE\FlightBookingSystem\target\classes;C:\Users\sfjbs\.m2\repository\org\springframework\boot\spring-boot-starter-actuator\2.7.4\spring-boot-starter-actuator-2.7.4.jar;C:\Users\sfjbs\.m2\repository\org\springframework\boot\spring-boot-actuator-autoconfigure\2.7.4\spring-boot-actuator-autoconfigure-2.7.4.jar;C:\Users\sfjbs\.m2\repository\org\springframework\boot\spring-boot-actuator\2.7.4\spring-boot-actuator-2.7.4.jar;C:\Users\sfjbs\.m2\repository\com\fasterxml\jackson\core\jackson-databind\2.13.4\jackson-databind-2.13.4.jar;C:\Users\sfjbs\.m2\repository\com\fasterxml\jackson\datatype\jackson-datatype-jsr310\2.13.4\jackson-datatype-jsr310-2.13.4.jar;C:\Users\sfjbs\.m2\repository\io\micrometer\micrometer-core\1.9.4\micrometer-core-1.9.4.jar;C:\Users\sfjbs\.m2\repository\org\hdrhistogram\HdrHistogram\2.1.12\HdrHistogram-2.1.12.jar;C:\Users\sfjbs\.m2\repository\org\latencyutils\LatencyUtils\2.0.3\LatencyUtils-2.0.3.jar;C:\Users\sfjbs\.m2\repository\org\springframework\boot\spring-boot-starter-security\2.7.4\spring-boot-starter-security-2.7.4.jar;C:\Users\sfjbs\.m2\repository\org\springframework\spring-aop\5.3.23\spring-aop-5.3.23.jar;C:\Users\sfjbs\.m2\repository\org\springframework\spring-beans\5.3.23\spring-beans-5.3.23.jar;C:\Users\sfjbs\.m2\repository\org\springframework\security\spring-security-config\5.7.3\spring-security-config-5.7.3.jar;C:\Users\sfjbs\.m2\repository\org\springframework\spring-context\5.3.23\spring-context-5.3.23.jar;C:\Users\sfjbs\.m2\repository\org\springframework\security\spring-security-web\5.7.3\spring-security-web-5.7.3.jar;C:\Users\sfjbs\.m2\repository\org\springframework\spring-expression\5.3.23\spring-expression-5.3.23.jar;C:\Users\sfjbs\.m2\repository\org\springframework\boot\spring-boot-starter-web\2.7.4\spring-boot-starter-web-2.7.4.jar;C:\Users\sfjbs\.m2\repository\org\springframework\boot\spring-boot-starter-json\2.7.4\spring-boot-starter
Launcher Type: SUN_STANDARD

[Global flags]
     intx CICompilerCount                          = 2                                         {product} {ergonomic}
     uint ConcGCThreads                            = 1                                         {product} {ergonomic}
     uint G1ConcRefinementThreads                  = 2                                         {product} {ergonomic}
   size_t G1HeapRegionSize                         = 1048576                                   {product} {ergonomic}
    uintx GCDrainStackTargetSize                   = 64                                        {product} {ergonomic}
   size_t InitialHeapSize                          = 134217728                                 {product} {ergonomic}
     bool ManagementServer                         = true                                      {product} {command line}
   size_t MarkStackSize                            = 4194304                                   {product} {ergonomic}
   size_t MaxHeapSize                              = 2147483648                                {product} {ergonomic}
   size_t MaxNewSize                               = 1287651328                                {product} {ergonomic}
   size_t MinHeapDeltaBytes                        = 1048576                                   {product} {ergonomic}
   size_t MinHeapSize                              = 8388608                                   {product} {ergonomic}
    uintx NonProfiledCodeHeapSize                  = 0                                      {pd product} {ergonomic}
     bool ProfileInterpreter                       = false                                  {pd product} {command line}
    uintx ProfiledCodeHeapSize                     = 0                                      {pd product} {ergonomic}
     bool ShowCodeDetailsInExceptionMessages       = true                                   {manageable} {command line}
   size_t SoftMaxHeapSize                          = 2147483648                             {manageable} {ergonomic}
     intx TieredStopAtLevel                        = 1                                         {product} {command line}
     bool UseCompressedClassPointers               = true                           {product lp64_product} {ergonomic}
     bool UseCompressedOops                        = true                           {product lp64_product} {ergonomic}
     bool UseG1GC                                  = true                                      {product} {ergonomic}
     bool UseLargePagesIndividualAllocation        = false                                  {pd product} {ergonomic}

Logging:
Log output configuration:
 #0: stdout all=warning uptime,level,tags
 #1: stderr all=off uptime,level,tags

Environment Variables:
PATH=C:/Users/sfjbs/Downloads/node-20220822T151028Z-001/node/sts-4.15.3.RELEASE//plugins/org.eclipse.justj.openjdk.hotspot.jre.full.win32.x86_64_17.0.4.v20220805-1047/jre/bin/server;C:/Users/sfjbs/Downloads/node-20220822T151028Z-001/node/sts-4.15.3.RELEASE//plugins/org.eclipse.justj.openjdk.hotspot.jre.full.win32.x86_64_17.0.4.v20220805-1047/jre/bin;C:\Python310\Scripts\;C:\Python310\;C:\Program Files\Common Files\Oracle\Java\javapath;C:\Windows\system32;C:\Windows;C:\Windows\System32\Wbem;C:\Windows\System32\WindowsPowerShell\v1.0\;C:\Windows\System32\OpenSSH\;C:\Program Files\Docker\Docker\resources\bin;C:\ProgramData\DockerDesktop\version-bin;C:\Program Files\nodejs\;C:\ProgramData\chocolatey\bin;C:\Program Files\Git\cmd;C:\Users\sfjbs\AppData\Local\Microsoft\WindowsApps;C:\Users\sfjbs\AppData\Local\Programs\Microsoft VS Code\bin;C:\Users\sfjbs\AppData\Roaming\npm;C:\Program Files\JetBrains\PyCharm Community Edition 2022.2.1\bin;;C:\Program Files\MongoDB\Server\5.0\bin;;C:\Users\sfjbs\Downloads\node-20220822T151028Z-001\node\sts-4.15.3.RELEASE;
USERNAME=sfjbs
OS=Windows_NT
PROCESSOR_IDENTIFIER=Intel64 Family 6 Model 63 Stepping 2, GenuineIntel
TMP=C:\Users\sfjbs\AppData\Local\Temp
TEMP=C:\Users\sfjbs\AppData\Local\Temp



---------------  S Y S T E M  ---------------

OS:
 Windows 10 , 64 bit Build 19041 (10.0.19041.1889)
OS uptime: 10 days 15:25 hours
Hyper-V role detected

CPU: total 2 (initial active 2) (1 cores per cpu, 2 threads per core) family 6 model 63 stepping 2 microcode 0xffffffff, cx8, cmov, fxsr, ht, mmx, sse, sse2, sse3, ssse3, sse4.1, sse4.2, popcnt, lzcnt, tsc, avx, avx2, aes, erms, clmul, bmi1, bmi2, fma, vzeroupper, clflush, hv

Memory: 4k page, system-wide physical 8190M (1191M free)
TotalPageFile size 10238M (AvailPageFile size 20M)
current process WorkingSet (physical memory assigned to process): 96M, peak: 96M
current process commit charge ("private bytes"): 219M, peak: 245M

vm_info: OpenJDK 64-Bit Server VM (17.0.4+8) for windows-amd64 JRE (17.0.4+8), built on Jul 19 2022 16:05:16 by "temurin" with MS VC++ 16.7 (VS2019)

END.
