#
# There is insufficient memory for the Java Runtime Environment to continue.
# Native memory allocation (mmap) failed to map 65536 bytes for Failed to commit metaspace.
# Possible reasons:
#   The system is out of physical RAM or swap space
#   The process is running with CompressedOops enabled, and the Java Heap may be blocking the growth of the native heap
# Possible solutions:
#   Reduce memory load on the system
#   Increase physical memory or swap space
#   Check if swap backing store is full
#   Decrease Java heap size (-Xmx/-Xms)
#   Decrease number of Java threads
#   Decrease Java thread stack sizes (-Xss)
#   Set larger code cache with -XX:ReservedCodeCacheSize=
#   JVM is running with Unscaled Compressed Oops mode in which the Java heap is
#     placed in the first 4GB address space. The Java Heap base address is the
#     maximum limit for the native heap growth. Please use -XX:HeapBaseMinAddress
#     to set the Java Heap base and to place the Java Heap above 4GB virtual address.
# This output file may be truncated or incomplete.
#
#  Out of Memory Error (virtualSpaceNode.cpp:110), pid=7004, tid=7504
#
# JRE version: OpenJDK Runtime Environment Temurin-17.0.4+8 (17.0.4+8) (build 17.0.4+8)
# Java VM: OpenJDK 64-Bit Server VM Temurin-17.0.4+8 (17.0.4+8, mixed mode, emulated-client, tiered, compressed oops, compressed class ptrs, g1 gc, windows-amd64)
# No core dump will be written. Minidumps are not enabled by default on client versions of Windows
#

---------------  S U M M A R Y ------------

Command Line: -Dcom.sun.management.jmxremote -Dcom.sun.management.jmxremote.port=61064 -Dcom.sun.management.jmxremote.authenticate=false -Dcom.sun.management.jmxremote.ssl=false -Djava.rmi.server.hostname=localhost -Dspring.jmx.enabled=true -Dspring.application.admin.enabled=true -XX:TieredStopAtLevel=1 -Dspring.boot.project.name=Gateway-Service -Dfile.encoding=UTF-8 -XX:+ShowCodeDetailsInExceptionMessages com.gate.GatewayServiceApplication --spring.output.ansi.enabled=always

Host: Intel(R) Xeon(R) CPU E5-2673 v3 @ 2.40GHz, 2 cores, 7G,  Windows 10 , 64 bit Build 19041 (10.0.19041.1889)
Time: Thu Sep 29 10:19:13 2022 Coordinated Universal Time elapsed time: 40.940728 seconds (0d 0h 0m 40s)

---------------  T H R E A D  ---------------

Current thread (0x0000017b6d3ee570):  JavaThread "boundedElastic-1" daemon [_thread_in_vm, id=7504, stack(0x0000004fc3500000,0x0000004fc3600000)]

Stack: [0x0000004fc3500000,0x0000004fc3600000]
Native frames: (J=compiled Java code, j=interpreted, Vv=VM code, C=native code)
V  [jvm.dll+0x67733a]
V  [jvm.dll+0x8323c4]
V  [jvm.dll+0x833b6e]
V  [jvm.dll+0x8341d3]
V  [jvm.dll+0x2455e5]
V  [jvm.dll+0x82e36b]
V  [jvm.dll+0x61be16]
V  [jvm.dll+0x1c060e]
V  [jvm.dll+0x61e761]
V  [jvm.dll+0x61c7b6]
V  [jvm.dll+0x23b0d0]
V  [jvm.dll+0x1eae0d]
V  [jvm.dll+0x1e0841]
V  [jvm.dll+0x53c8f0]
V  [jvm.dll+0x7ad188]
V  [jvm.dll+0x7ad274]
V  [jvm.dll+0x40ccb5]
V  [jvm.dll+0x412ea8]
C  [java.dll+0x17ec]

Java frames: (J=compiled Java code, j=interpreted, Vv=VM code)
J 1420  java.lang.ClassLoader.defineClass1(Ljava/lang/ClassLoader;Ljava/lang/String;[BIILjava/security/ProtectionDomain;Ljava/lang/String;)Ljava/lang/Class; java.base@17.0.4 (0 bytes) @ 0x0000017b5e3900db [0x0000017b5e390020+0x00000000000000bb]
J 1501 c1 java.lang.ClassLoader.defineClass(Ljava/lang/String;[BIILjava/security/ProtectionDomain;)Ljava/lang/Class; java.base@17.0.4 (43 bytes) @ 0x0000017b5e3b6bdc [0x0000017b5e3b6ae0+0x00000000000000fc]
J 1446 c1 jdk.internal.loader.BuiltinClassLoader.defineClass(Ljava/lang/String;Ljdk/internal/loader/Resource;)Ljava/lang/Class; java.base@17.0.4 (121 bytes) @ 0x0000017b5e39d544 [0x0000017b5e39d0a0+0x00000000000004a4]
J 1440 c1 jdk.internal.loader.BuiltinClassLoader.findClassOnClassPathOrNull(Ljava/lang/String;)Ljava/lang/Class; java.base@17.0.4 (64 bytes) @ 0x0000017b5e399b9c [0x0000017b5e399900+0x000000000000029c]
J 1231 c1 jdk.internal.loader.BuiltinClassLoader.loadClassOrNull(Ljava/lang/String;Z)Ljava/lang/Class; java.base@17.0.4 (143 bytes) @ 0x0000017b5e3373c4 [0x0000017b5e336f80+0x0000000000000444]
J 1374 c1 jdk.internal.loader.ClassLoaders$AppClassLoader.loadClass(Ljava/lang/String;Z)Ljava/lang/Class; java.base@17.0.4 (40 bytes) @ 0x0000017b5e37c324 [0x0000017b5e37c1e0+0x0000000000000144]
J 1370 c1 java.lang.ClassLoader.loadClass(Ljava/lang/String;)Ljava/lang/Class; java.base@17.0.4 (7 bytes) @ 0x0000017b5e378f64 [0x0000017b5e378f20+0x0000000000000044]
v  ~StubRoutines::call_stub
j  reactor.core.publisher.FluxFilterWhen$FluxFilterWhenSubscriber.drain()V+131
j  reactor.core.publisher.FluxFilterWhen$FluxFilterWhenSubscriber.onComplete()V+6
j  reactor.core.publisher.FluxIterable$IterableSubscription.slowPath(J)V+120
j  reactor.core.publisher.FluxIterable$IterableSubscription.request(J)V+37
j  reactor.core.publisher.FluxFilterWhen$FluxFilterWhenSubscriber.onSubscribe(Lorg/reactivestreams/Subscription;)V+32
j  reactor.core.publisher.FluxIterable.subscribe(Lreactor/core/CoreSubscriber;Ljava/util/Iterator;ZLjava/lang/Runnable;)V+151
j  reactor.core.publisher.FluxIterable.subscribe(Lreactor/core/CoreSubscriber;)V+46
j  reactor.core.publisher.Mono.subscribe(Lorg/reactivestreams/Subscriber;)V+71
j  reactor.core.publisher.FluxOnErrorResume$ResumeSubscriber.onError(Ljava/lang/Throwable;)V+72
j  reactor.core.publisher.MonoFlatMap$FlatMapMain.secondError(Ljava/lang/Throwable;)V+5
j  reactor.core.publisher.MonoFlatMap$FlatMapInner.onError(Ljava/lang/Throwable;)V+29
j  reactor.core.publisher.MonoPeekTerminal$MonoTerminalPeekSubscriber.onError(Ljava/lang/Throwable;)V+77
j  reactor.core.publisher.MonoFlatMap$FlatMapMain.onError(Ljava/lang/Throwable;)V+31
j  reactor.core.publisher.Operators$MultiSubscriptionSubscriber.onError(Ljava/lang/Throwable;)V+5
j  reactor.core.publisher.FluxMapFuseable$MapFuseableSubscriber.onError(Ljava/lang/Throwable;)V+31
j  reactor.core.publisher.FluxPeekFuseable$PeekFuseableSubscriber.onError(Ljava/lang/Throwable;)V+76
j  reactor.core.publisher.MonoFlatMap$FlatMapMain.onError(Ljava/lang/Throwable;)V+31
j  reactor.core.publisher.Operators$MultiSubscriptionSubscriber.onError(Ljava/lang/Throwable;)V+5
j  reactor.core.publisher.Operators.error(Lorg/reactivestreams/Subscriber;Ljava/lang/Throwable;)V+11
j  reactor.core.publisher.MonoError.subscribe(Lreactor/core/CoreSubscriber;)V+5
j  reactor.core.publisher.MonoDefer.subscribe(Lreactor/core/CoreSubscriber;)V+39
j  reactor.core.publisher.Mono.subscribe(Lorg/reactivestreams/Subscriber;)V+71
j  reactor.core.publisher.FluxSwitchIfEmpty$SwitchIfEmptySubscriber.onComplete()V+17
j  reactor.core.publisher.FluxFilter$FilterSubscriber.onComplete()V+17
j  reactor.core.publisher.MonoPublishOn$PublishOnSubscriber.run()V+72
j  reactor.core.scheduler.SchedulerTask.call()Ljava/lang/Void;+49
j  reactor.core.scheduler.SchedulerTask.call()Ljava/lang/Object;+1
j  java.util.concurrent.FutureTask.run()V+39 java.base@17.0.4
j  java.util.concurrent.ScheduledThreadPoolExecutor$ScheduledFutureTask.run()V+28 java.base@17.0.4
j  java.util.concurrent.ThreadPoolExecutor.runWorker(Ljava/util/concurrent/ThreadPoolExecutor$Worker;)V+92 java.base@17.0.4
j  java.util.concurrent.ThreadPoolExecutor$Worker.run()V+5 java.base@17.0.4
j  java.lang.Thread.run()V+11 java.base@17.0.4
v  ~StubRoutines::call_stub

---------------  P R O C E S S  ---------------

Threads class SMR info:
_java_thread_list=0x0000017b6d3d8b10, length=48, elements={
0x0000017b6835d620, 0x0000017b68310e30, 0x0000017b68323c30, 0x0000017b683247b0,
0x0000017b68326080, 0x0000017b68326940, 0x0000017b68327200, 0x0000017b6836eaf0,
0x0000017b682b5750, 0x0000017b68eb8980, 0x0000017b695cdce0, 0x0000017b695ca0d0,
0x0000017b695ca9b0, 0x0000017b591e35f0, 0x0000017b695d6e00, 0x0000017b695cb280,
0x0000017b6972e560, 0x0000017b6977bbb0, 0x0000017b6977b210, 0x0000017b69779530,
0x0000017b6977b6e0, 0x0000017b6977a870, 0x0000017b6977c080, 0x0000017b6977ad40,
0x0000017b6977c550, 0x0000017b69779060, 0x0000017b6977ca20, 0x0000017b69779a00,
0x0000017b69779ed0, 0x0000017b6977a3a0, 0x0000017b6b530220, 0x0000017b6b531a30,
0x0000017b6b530bc0, 0x0000017b6b52ea10, 0x0000017b6b52f880, 0x0000017b6b5306f0,
0x0000017b6b52e070, 0x0000017b6b531090, 0x0000017b6b52fd50, 0x0000017b6b531560,
0x0000017b6b52e540, 0x0000017b6b52eee0, 0x0000017b6b52f3b0, 0x0000017b6d3f0720,
0x0000017b6d3f3270, 0x0000017b6d3ed230, 0x0000017b6d3ec890, 0x0000017b6d3ee570
}

Java Threads: ( => current thread )
  0x0000017b6835d620 JavaThread "Reference Handler" daemon [_thread_blocked, id=13612, stack(0x0000004fc0400000,0x0000004fc0500000)]
  0x0000017b68310e30 JavaThread "Finalizer" daemon [_thread_blocked, id=15056, stack(0x0000004fc0500000,0x0000004fc0600000)]
  0x0000017b68323c30 JavaThread "Signal Dispatcher" daemon [_thread_blocked, id=12820, stack(0x0000004fc0600000,0x0000004fc0700000)]
  0x0000017b683247b0 JavaThread "Attach Listener" daemon [_thread_blocked, id=14980, stack(0x0000004fc0700000,0x0000004fc0800000)]
  0x0000017b68326080 JavaThread "Service Thread" daemon [_thread_blocked, id=9900, stack(0x0000004fc0800000,0x0000004fc0900000)]
  0x0000017b68326940 JavaThread "Monitor Deflation Thread" daemon [_thread_blocked, id=11652, stack(0x0000004fc0900000,0x0000004fc0a00000)]
  0x0000017b68327200 JavaThread "C1 CompilerThread0" daemon [_thread_blocked, id=8036, stack(0x0000004fc0a00000,0x0000004fc0b00000)]
  0x0000017b6836eaf0 JavaThread "Sweeper thread" daemon [_thread_blocked, id=1304, stack(0x0000004fc0b00000,0x0000004fc0c00000)]
  0x0000017b682b5750 JavaThread "Common-Cleaner" daemon [_thread_blocked, id=11248, stack(0x0000004fc0c00000,0x0000004fc0d00000)]
  0x0000017b68eb8980 JavaThread "Notification Thread" daemon [_thread_blocked, id=11164, stack(0x0000004fc0d00000,0x0000004fc0e00000)]
  0x0000017b695cdce0 JavaThread "RMI TCP Accept-0" daemon [_thread_in_native, id=8412, stack(0x0000004fc0f00000,0x0000004fc1000000)]
  0x0000017b695ca0d0 JavaThread "RMI TCP Accept-0" daemon [_thread_in_native, id=9404, stack(0x0000004fc1100000,0x0000004fc1200000)]
  0x0000017b695ca9b0 JavaThread "RMI TCP Accept-61064" daemon [_thread_in_native, id=14136, stack(0x0000004fc1200000,0x0000004fc1300000)]
  0x0000017b591e35f0 JavaThread "RMI TCP Connection(1)-127.0.0.1" daemon [_thread_in_native, id=14376, stack(0x0000004fc1000000,0x0000004fc1100000)]
  0x0000017b695d6e00 JavaThread "RMI TCP Connection(2)-127.0.0.1" daemon [_thread_in_native, id=8080, stack(0x0000004fc1400000,0x0000004fc1500000)]
  0x0000017b695cb280 JavaThread "RMI TCP Connection(3)-127.0.0.1" daemon [_thread_in_native, id=3144, stack(0x0000004fc1500000,0x0000004fc1600000)]
  0x0000017b6972e560 JavaThread "RMI Scheduler(0)" daemon [_thread_blocked, id=14072, stack(0x0000004fc1600000,0x0000004fc1700000)]
  0x0000017b6977bbb0 JavaThread "JMX server connection timeout 22" daemon [_thread_blocked, id=7568, stack(0x0000004fc1700000,0x0000004fc1800000)]
  0x0000017b6977b210 JavaThread "JMX server connection timeout 21" daemon [_thread_blocked, id=13596, stack(0x0000004fc1800000,0x0000004fc1900000)]
  0x0000017b69779530 JavaThread "Catalina-utility-1" [_thread_in_vm, id=9616, stack(0x0000004fc1900000,0x0000004fc1a00000)]
  0x0000017b6977b6e0 JavaThread "Catalina-utility-2" [_thread_blocked, id=852, stack(0x0000004fc1a00000,0x0000004fc1b00000)]
  0x0000017b6977a870 JavaThread "container-0" [_thread_blocked, id=14844, stack(0x0000004fc1b00000,0x0000004fc1c00000)]
  0x0000017b6977c080 JavaThread "RMI TCP Connection(4)-127.0.0.1" daemon [_thread_in_native, id=8236, stack(0x0000004fc1c00000,0x0000004fc1d00000)]
  0x0000017b6977ad40 JavaThread "boundedElastic-evictor-1" daemon [_thread_blocked, id=13712, stack(0x0000004fc1d00000,0x0000004fc1e00000)]
  0x0000017b6977c550 JavaThread "spring.cloud.inetutils" daemon [_thread_blocked, id=13584, stack(0x0000004fc1f00000,0x0000004fc2000000)]
  0x0000017b69779060 JavaThread "AsyncResolver-bootstrap-0" daemon [_thread_blocked, id=10352, stack(0x0000004fc2000000,0x0000004fc2100000)]
  0x0000017b6977ca20 JavaThread "DiscoveryClient-0" daemon [_thread_blocked, id=476, stack(0x0000004fc2100000,0x0000004fc2200000)]
  0x0000017b69779a00 JavaThread "DiscoveryClient-1" daemon [_thread_blocked, id=7788, stack(0x0000004fc2200000,0x0000004fc2300000)]
  0x0000017b69779ed0 JavaThread "DiscoveryClient-InstanceInfoReplicator-0" daemon [_thread_blocked, id=7000, stack(0x0000004fc2300000,0x0000004fc2400000)]
  0x0000017b6977a3a0 JavaThread "http-nio-8085-exec-1" daemon [_thread_blocked, id=7036, stack(0x0000004fc2400000,0x0000004fc2500000)]
  0x0000017b6b530220 JavaThread "http-nio-8085-exec-2" daemon [_thread_blocked, id=10724, stack(0x0000004fc2500000,0x0000004fc2600000)]
  0x0000017b6b531a30 JavaThread "http-nio-8085-exec-3" daemon [_thread_blocked, id=7924, stack(0x0000004fc2600000,0x0000004fc2700000)]
  0x0000017b6b530bc0 JavaThread "http-nio-8085-exec-4" daemon [_thread_blocked, id=6492, stack(0x0000004fc2700000,0x0000004fc2800000)]
  0x0000017b6b52ea10 JavaThread "http-nio-8085-exec-5" daemon [_thread_blocked, id=14740, stack(0x0000004fc2800000,0x0000004fc2900000)]
  0x0000017b6b52f880 JavaThread "http-nio-8085-exec-6" daemon [_thread_blocked, id=8736, stack(0x0000004fc2900000,0x0000004fc2a00000)]
  0x0000017b6b5306f0 JavaThread "http-nio-8085-exec-7" daemon [_thread_blocked, id=2560, stack(0x0000004fc2a00000,0x0000004fc2b00000)]
  0x0000017b6b52e070 JavaThread "http-nio-8085-exec-8" daemon [_thread_blocked, id=5952, stack(0x0000004fc2b00000,0x0000004fc2c00000)]
  0x0000017b6b531090 JavaThread "http-nio-8085-exec-9" daemon [_thread_blocked, id=1852, stack(0x0000004fc2c00000,0x0000004fc2d00000)]
  0x0000017b6b52fd50 JavaThread "http-nio-8085-exec-10" daemon [_thread_blocked, id=14076, stack(0x0000004fc2d00000,0x0000004fc2e00000)]
  0x0000017b6b531560 JavaThread "http-nio-8085-Poller" daemon [_thread_in_native, id=10764, stack(0x0000004fc2e00000,0x0000004fc2f00000)]
  0x0000017b6b52e540 JavaThread "http-nio-8085-Acceptor" daemon [_thread_in_native, id=10836, stack(0x0000004fc2f00000,0x0000004fc3000000)]
  0x0000017b6b52eee0 JavaThread "DestroyJavaVM" [_thread_blocked, id=8840, stack(0x0000004fbfd00000,0x0000004fbfe00000)]
  0x0000017b6b52f3b0 JavaThread "RMI TCP Connection(5)-127.0.0.1" daemon [_thread_in_native, id=9324, stack(0x0000004fc3000000,0x0000004fc3100000)]
  0x0000017b6d3f0720 JavaThread "RMI TCP Connection(6)-127.0.0.1" daemon [_thread_in_native, id=12880, stack(0x0000004fc3100000,0x0000004fc3200000)]
  0x0000017b6d3f3270 JavaThread "RMI TCP Connection(7)-127.0.0.1" daemon [_thread_in_native, id=9808, stack(0x0000004fc3200000,0x0000004fc3300000)]
  0x0000017b6d3ed230 JavaThread "RMI TCP Connection(8)-127.0.0.1" daemon [_thread_in_native, id=5924, stack(0x0000004fc3600000,0x0000004fc3700000)]
  0x0000017b6d3ec890 JavaThread "DiscoveryClient-HeartbeatExecutor-0" daemon [_thread_blocked, id=12488, stack(0x0000004fc3300000,0x0000004fc3400000)]
=>0x0000017b6d3ee570 JavaThread "boundedElastic-1" daemon [_thread_in_vm, id=7504, stack(0x0000004fc3500000,0x0000004fc3600000)]

Other Threads:
  0x0000017b682ce350 VMThread "VM Thread" [stack: 0x0000004fc0300000,0x0000004fc0400000] [id=14232]
  0x0000017b695f0e20 WatcherThread [stack: 0x0000004fc1300000,0x0000004fc1400000] [id=7492]
  0x0000017b5923f920 GCTaskThread "GC Thread#0" [stack: 0x0000004fbfe00000,0x0000004fbff00000] [id=12148]
  0x0000017b691f9900 GCTaskThread "GC Thread#1" [stack: 0x0000004fc0e00000,0x0000004fc0f00000] [id=12556]
  0x0000017b59251780 ConcurrentGCThread "G1 Main Marker" [stack: 0x0000004fbff00000,0x0000004fc0000000] [id=2232]
  0x0000017b59252980 ConcurrentGCThread "G1 Conc#0" [stack: 0x0000004fc0000000,0x0000004fc0100000] [id=7732]
  0x0000017b592ae090 ConcurrentGCThread "G1 Refine#0" [stack: 0x0000004fc0100000,0x0000004fc0200000] [id=8676]
  0x0000017b592aeb00 ConcurrentGCThread "G1 Service" [stack: 0x0000004fc0200000,0x0000004fc0300000] [id=13324]

Threads with active compile tasks:

VM state: not at safepoint (normal execution)

VM Mutex/Monitor currently owned by a thread:  ([mutex/lock_event])
[0x0000017b591dcd60] Metaspace_lock - owner thread: 0x0000017b6d3ee570

Heap address: 0x0000000080000000, size: 2048 MB, Compressed Oops mode: 32-bit

CDS archive(s) not mapped
Compressed class space mapped at: 0x0000000100000000-0x0000000140000000, reserved size: 1073741824
Narrow klass base: 0x0000000000000000, Narrow klass shift: 3, Narrow klass range: 0x140000000

GC Precious Log:
 CPUs: 2 total, 2 available
 Memory: 8190M
 Large Page Support: Disabled
 NUMA Support: Disabled
 Compressed Oops: Enabled (32-bit)
 Heap Region Size: 1M
 Heap Min Capacity: 8M
 Heap Initial Capacity: 128M
 Heap Max Capacity: 2G
 Pre-touch: Disabled
 Parallel Workers: 2
 Concurrent Workers: 1
 Concurrent Refinement Workers: 2
 Periodic GC: Disabled

Heap:
 garbage-first heap   total 75776K, used 39753K [0x0000000080000000, 0x0000000100000000)
  region size 1024K, 12 young (12288K), 3 survivors (3072K)
 Metaspace       used 59259K, committed 59712K, reserved 1105920K
  class space    used 8019K, committed 8256K, reserved 1048576K

Heap Regions: E=young(eden), S=young(survivor), O=old, HS=humongous(starts), HC=humongous(continues), CS=collection set, F=free, OA=open archive, CA=closed archive, TAMS=top-at-mark-start (previous, next)
|   0|0x0000000080000000, 0x0000000080100000, 0x0000000080100000|100%| O|  |TAMS 0x0000000080100000, 0x0000000080000000| Untracked 
|   1|0x0000000080100000, 0x0000000080200000, 0x0000000080200000|100%| O|  |TAMS 0x0000000080200000, 0x0000000080100000| Untracked 
|   2|0x0000000080200000, 0x0000000080300000, 0x0000000080300000|100%| O|  |TAMS 0x0000000080300000, 0x0000000080200000| Untracked 
|   3|0x0000000080300000, 0x0000000080400000, 0x0000000080400000|100%| O|  |TAMS 0x0000000080400000, 0x0000000080300000| Untracked 
|   4|0x0000000080400000, 0x0000000080500000, 0x0000000080500000|100%| O|  |TAMS 0x0000000080500000, 0x0000000080400000| Untracked 
|   5|0x0000000080500000, 0x0000000080600000, 0x0000000080600000|100%| O|  |TAMS 0x0000000080600000, 0x0000000080500000| Untracked 
|   6|0x0000000080600000, 0x0000000080700000, 0x0000000080700000|100%| O|  |TAMS 0x0000000080600000, 0x0000000080600000| Untracked 
|   7|0x0000000080700000, 0x0000000080800000, 0x0000000080800000|100%| O|  |TAMS 0x0000000080800000, 0x0000000080700000| Untracked 
|   8|0x0000000080800000, 0x0000000080900000, 0x0000000080900000|100%| O|  |TAMS 0x0000000080900000, 0x0000000080800000| Untracked 
|   9|0x0000000080900000, 0x0000000080a00000, 0x0000000080a00000|100%| O|  |TAMS 0x0000000080a00000, 0x0000000080900000| Untracked 
|  10|0x0000000080a00000, 0x0000000080b00000, 0x0000000080b00000|100%| O|  |TAMS 0x0000000080b00000, 0x0000000080a00000| Untracked 
|  11|0x0000000080b00000, 0x0000000080c00000, 0x0000000080c00000|100%| O|  |TAMS 0x0000000080c00000, 0x0000000080b00000| Untracked 
|  12|0x0000000080c00000, 0x0000000080d00000, 0x0000000080d00000|100%| O|  |TAMS 0x0000000080d00000, 0x0000000080c00000| Untracked 
|  13|0x0000000080d00000, 0x0000000080e00000, 0x0000000080e00000|100%| O|  |TAMS 0x0000000080e00000, 0x0000000080d00000| Untracked 
|  14|0x0000000080e00000, 0x0000000080f00000, 0x0000000080f00000|100%| O|  |TAMS 0x0000000080e46c00, 0x0000000080e00000| Untracked 
|  15|0x0000000080f00000, 0x0000000081000000, 0x0000000081000000|100%| O|  |TAMS 0x0000000080f00000, 0x0000000080f00000| Untracked 
|  16|0x0000000081000000, 0x0000000081100000, 0x0000000081100000|100%| O|  |TAMS 0x0000000081000000, 0x0000000081000000| Untracked 
|  17|0x0000000081100000, 0x0000000081200000, 0x0000000081200000|100%| O|  |TAMS 0x0000000081100000, 0x0000000081100000| Untracked 
|  18|0x0000000081200000, 0x0000000081300000, 0x0000000081300000|100%| O|  |TAMS 0x0000000081200000, 0x0000000081200000| Untracked 
|  19|0x0000000081300000, 0x0000000081400000, 0x0000000081400000|100%| O|  |TAMS 0x0000000081300000, 0x0000000081300000| Untracked 
|  20|0x0000000081400000, 0x0000000081500000, 0x0000000081500000|100%| O|  |TAMS 0x0000000081400000, 0x0000000081400000| Untracked 
|  21|0x0000000081500000, 0x0000000081600000, 0x0000000081600000|100%| O|  |TAMS 0x0000000081500000, 0x0000000081500000| Untracked 
|  22|0x0000000081600000, 0x0000000081700000, 0x0000000081700000|100%| O|  |TAMS 0x0000000081600000, 0x0000000081600000| Untracked 
|  23|0x0000000081700000, 0x0000000081800000, 0x0000000081800000|100%| O|  |TAMS 0x0000000081700000, 0x0000000081700000| Untracked 
|  24|0x0000000081800000, 0x0000000081900000, 0x0000000081900000|100%| O|  |TAMS 0x0000000081800000, 0x0000000081800000| Untracked 
|  25|0x0000000081900000, 0x0000000081a00000, 0x0000000081a00000|100%| O|  |TAMS 0x0000000081900000, 0x0000000081900000| Untracked 
|  26|0x0000000081a00000, 0x0000000081b00000, 0x0000000081b00000|100%| O|  |TAMS 0x0000000081a00000, 0x0000000081a00000| Untracked 
|  27|0x0000000081b00000, 0x0000000081c00000, 0x0000000081c00000|100%| O|  |TAMS 0x0000000081b00000, 0x0000000081b00000| Untracked 
|  28|0x0000000081c00000, 0x0000000081c00000, 0x0000000081d00000|  0%| F|  |TAMS 0x0000000081c00000, 0x0000000081c00000| Untracked 
|  29|0x0000000081d00000, 0x0000000081d00000, 0x0000000081e00000|  0%| F|  |TAMS 0x0000000081d00000, 0x0000000081d00000| Untracked 
|  30|0x0000000081e00000, 0x0000000081e00000, 0x0000000081f00000|  0%| F|  |TAMS 0x0000000081e00000, 0x0000000081e00000| Untracked 
|  31|0x0000000081f00000, 0x0000000081f00000, 0x0000000082000000|  0%| F|  |TAMS 0x0000000081f00000, 0x0000000081f00000| Untracked 
|  32|0x0000000082000000, 0x0000000082000000, 0x0000000082100000|  0%| F|  |TAMS 0x0000000082000000, 0x0000000082000000| Untracked 
|  33|0x0000000082100000, 0x0000000082100000, 0x0000000082200000|  0%| F|  |TAMS 0x0000000082100000, 0x0000000082100000| Untracked 
|  34|0x0000000082200000, 0x0000000082200000, 0x0000000082300000|  0%| F|  |TAMS 0x0000000082200000, 0x0000000082200000| Untracked 
|  35|0x0000000082300000, 0x0000000082300000, 0x0000000082400000|  0%| F|  |TAMS 0x0000000082300000, 0x0000000082300000| Untracked 
|  36|0x0000000082400000, 0x0000000082400000, 0x0000000082500000|  0%| F|  |TAMS 0x0000000082400000, 0x0000000082400000| Untracked 
|  37|0x0000000082500000, 0x0000000082500000, 0x0000000082600000|  0%| F|  |TAMS 0x0000000082500000, 0x0000000082500000| Untracked 
|  38|0x0000000082600000, 0x0000000082600000, 0x0000000082700000|  0%| F|  |TAMS 0x0000000082600000, 0x0000000082600000| Untracked 
|  39|0x0000000082700000, 0x0000000082700000, 0x0000000082800000|  0%| F|  |TAMS 0x0000000082700000, 0x0000000082700000| Untracked 
|  40|0x0000000082800000, 0x0000000082800000, 0x0000000082900000|  0%| F|  |TAMS 0x0000000082800000, 0x0000000082800000| Untracked 
|  41|0x0000000082900000, 0x0000000082900000, 0x0000000082a00000|  0%| F|  |TAMS 0x0000000082900000, 0x0000000082900000| Untracked 
|  42|0x0000000082a00000, 0x0000000082a00000, 0x0000000082b00000|  0%| F|  |TAMS 0x0000000082a00000, 0x0000000082a00000| Untracked 
|  43|0x0000000082b00000, 0x0000000082bd2490, 0x0000000082c00000| 82%| S|CS|TAMS 0x0000000082b00000, 0x0000000082b00000| Complete 
|  44|0x0000000082c00000, 0x0000000082d00000, 0x0000000082d00000|100%| S|CS|TAMS 0x0000000082c00000, 0x0000000082c00000| Complete 
|  45|0x0000000082d00000, 0x0000000082e00000, 0x0000000082e00000|100%| S|CS|TAMS 0x0000000082d00000, 0x0000000082d00000| Complete 
|  46|0x0000000082e00000, 0x0000000082e00000, 0x0000000082f00000|  0%| F|  |TAMS 0x0000000082e00000, 0x0000000082e00000| Untracked 
|  47|0x0000000082f00000, 0x0000000082f00000, 0x0000000083000000|  0%| F|  |TAMS 0x0000000082f00000, 0x0000000082f00000| Untracked 
|  48|0x0000000083000000, 0x0000000083000000, 0x0000000083100000|  0%| F|  |TAMS 0x0000000083000000, 0x0000000083000000| Untracked 
|  49|0x0000000083100000, 0x0000000083100000, 0x0000000083200000|  0%| F|  |TAMS 0x0000000083100000, 0x0000000083100000| Untracked 
|  50|0x0000000083200000, 0x0000000083200000, 0x0000000083300000|  0%| F|  |TAMS 0x0000000083200000, 0x0000000083200000| Untracked 
|  51|0x0000000083300000, 0x0000000083300000, 0x0000000083400000|  0%| F|  |TAMS 0x0000000083300000, 0x0000000083300000| Untracked 
|  52|0x0000000083400000, 0x0000000083400000, 0x0000000083500000|  0%| F|  |TAMS 0x0000000083400000, 0x0000000083400000| Untracked 
|  53|0x0000000083500000, 0x0000000083500000, 0x0000000083600000|  0%| F|  |TAMS 0x0000000083500000, 0x0000000083500000| Untracked 
|  54|0x0000000083600000, 0x0000000083600000, 0x0000000083700000|  0%| F|  |TAMS 0x0000000083600000, 0x0000000083600000| Untracked 
|  55|0x0000000083700000, 0x0000000083700000, 0x0000000083800000|  0%| F|  |TAMS 0x0000000083700000, 0x0000000083700000| Untracked 
|  56|0x0000000083800000, 0x0000000083800000, 0x0000000083900000|  0%| F|  |TAMS 0x0000000083800000, 0x0000000083800000| Untracked 
|  57|0x0000000083900000, 0x0000000083900000, 0x0000000083a00000|  0%| F|  |TAMS 0x0000000083900000, 0x0000000083900000| Untracked 
|  58|0x0000000083a00000, 0x0000000083a00000, 0x0000000083b00000|  0%| F|  |TAMS 0x0000000083a00000, 0x0000000083a00000| Untracked 
|  59|0x0000000083b00000, 0x0000000083b00000, 0x0000000083c00000|  0%| F|  |TAMS 0x0000000083b00000, 0x0000000083b00000| Untracked 
|  60|0x0000000083c00000, 0x0000000083c00000, 0x0000000083d00000|  0%| F|  |TAMS 0x0000000083c00000, 0x0000000083c00000| Untracked 
|  61|0x0000000083d00000, 0x0000000083d00000, 0x0000000083e00000|  0%| F|  |TAMS 0x0000000083d00000, 0x0000000083d00000| Untracked 
|  62|0x0000000083e00000, 0x0000000083e00000, 0x0000000083f00000|  0%| F|  |TAMS 0x0000000083e00000, 0x0000000083e00000| Untracked 
|  63|0x0000000083f00000, 0x0000000083f00000, 0x0000000084000000|  0%| F|  |TAMS 0x0000000083f00000, 0x0000000083f00000| Untracked 
|  64|0x0000000084000000, 0x0000000084000000, 0x0000000084100000|  0%| F|  |TAMS 0x0000000084000000, 0x0000000084000000| Untracked 
|  65|0x0000000084100000, 0x00000000841e5198, 0x0000000084200000| 89%| E|  |TAMS 0x0000000084100000, 0x0000000084100000| Complete 
|  66|0x0000000084200000, 0x0000000084300000, 0x0000000084300000|100%| E|CS|TAMS 0x0000000084200000, 0x0000000084200000| Complete 
|  67|0x0000000084300000, 0x0000000084400000, 0x0000000084400000|100%| E|CS|TAMS 0x0000000084300000, 0x0000000084300000| Complete 
| 102|0x0000000086600000, 0x0000000086700000, 0x0000000086700000|100%| E|CS|TAMS 0x0000000086600000, 0x0000000086600000| Complete 
| 103|0x0000000086700000, 0x0000000086800000, 0x0000000086800000|100%| E|CS|TAMS 0x0000000086700000, 0x0000000086700000| Complete 
| 104|0x0000000086800000, 0x0000000086900000, 0x0000000086900000|100%| E|CS|TAMS 0x0000000086800000, 0x0000000086800000| Complete 
| 105|0x0000000086900000, 0x0000000086a00000, 0x0000000086a00000|100%| E|CS|TAMS 0x0000000086900000, 0x0000000086900000| Complete 
| 126|0x0000000087e00000, 0x0000000087f00000, 0x0000000087f00000|100%| E|CS|TAMS 0x0000000087e00000, 0x0000000087e00000| Complete 
| 127|0x0000000087f00000, 0x0000000088000000, 0x0000000088000000|100%| E|CS|TAMS 0x0000000087f00000, 0x0000000087f00000| Complete 

Card table byte_map: [0x0000017b61700000,0x0000017b61b00000] _byte_map_base: 0x0000017b61300000

Marking Bits (Prev, Next): (CMBitMap*) 0x0000017b59240e50, (CMBitMap*) 0x0000017b59240e90
 Prev Bits: [0x0000017b61f00000, 0x0000017b63f00000)
 Next Bits: [0x0000017b63f00000, 0x0000017b65f00000)

Polling page: 0x0000017b58f80000

Metaspace:

Usage:
  Non-class:     50.04 MB used.
      Class:      7.83 MB used.
       Both:     57.87 MB used.

Virtual space:
  Non-class space:       56.00 MB reserved,      50.25 MB ( 90%) committed,  7 nodes.
      Class space:        1.00 GB reserved,       8.06 MB ( <1%) committed,  1 nodes.
             Both:        1.05 GB reserved,      58.31 MB (  5%) committed. 

Chunk freelists:
   Non-Class:  880.00 KB
       Class:  3.89 MB
        Both:  4.75 MB

MaxMetaspaceSize: unlimited
CompressedClassSpaceSize: 1.00 GB
Initial GC threshold: 21.00 MB
Current GC threshold: 59.00 MB
CDS: off
MetaspaceReclaimPolicy: balanced
 - commit_granule_bytes: 65536.
 - commit_granule_words: 8192.
 - virtual_space_node_default_size: 1048576.
 - enlarge_chunks_in_place: 1.
 - new_chunks_are_fully_committed: 0.
 - uncommit_free_chunks: 1.
 - use_allocation_guard: 0.
 - handle_deallocations: 1.


Internal statistics:

num_allocs_failed_limit: 6.
num_arena_births: 692.
num_arena_deaths: 8.
num_vsnodes_births: 8.
num_vsnodes_deaths: 0.
num_space_committed: 933.
num_space_uncommitted: 0.
num_chunks_returned_to_freelist: 18.
num_chunks_taken_from_freelist: 2610.
num_chunk_merges: 6.
num_chunk_splits: 1709.
num_chunks_enlarged: 1216.
num_purges: 2.
num_inconsistent_stats: 0.

CodeCache: size=49152Kb used=11333Kb max_used=11805Kb free=37818Kb
 bounds [0x0000017b5e080000, 0x0000017b5ec10000, 0x0000017b61080000]
 total_blobs=6821 nmethods=6244 adapters=504
 compilation: enabled
              stopped_count=0, restarted_count=0
 full_count=0

Compilation events (20 events):
Event: 40.689 Thread 0x0000017b68327200 6241       1       org.apache.http.message.BasicListHeaderIterator::hasNext (13 bytes)
Event: 40.689 Thread 0x0000017b68327200 nmethod 6241 0x0000017b5e88eb90 code [0x0000017b5e88ed20, 0x0000017b5e88edf8]
Event: 40.774 Thread 0x0000017b68327200 6242       1       java.nio.Buffer::mark (10 bytes)
Event: 40.774 Thread 0x0000017b68327200 nmethod 6242 0x0000017b5e88d990 code [0x0000017b5e88db20, 0x0000017b5e88dbf8]
Event: 40.774 Thread 0x0000017b68327200 6243       1       java.util.ResourceBundle$CacheKey::getName (5 bytes)
Event: 40.774 Thread 0x0000017b68327200 nmethod 6243 0x0000017b5e88d690 code [0x0000017b5e88d820, 0x0000017b5e88d8f8]
Event: 40.841 Thread 0x0000017b68327200 6244 %     1       java.util.Properties$LineReader::readLine @ 53 (584 bytes)
Event: 40.846 Thread 0x0000017b68327200 nmethod 6244% 0x0000017b5e88b710 code [0x0000017b5e88b9a0, 0x0000017b5e88ccd8]
Event: 40.877 Thread 0x0000017b68327200 6245       1       java.util.Properties$LineReader::readLine (584 bytes)
Event: 40.879 Thread 0x0000017b68327200 nmethod 6245 0x0000017b5e889990 code [0x0000017b5e889c00, 0x0000017b5e88ae18]
Event: 40.898 Thread 0x0000017b68327200 6248       1       java.util.ImmutableCollections$List12::<init> (20 bytes)
Event: 40.898 Thread 0x0000017b68327200 nmethod 6248 0x0000017b5e888910 code [0x0000017b5e888ac0, 0x0000017b5e888ce8]
Event: 40.933 Thread 0x0000017b68327200 6252       1       reactor.util.context.Context0::hasKey (2 bytes)
Event: 40.933 Thread 0x0000017b68327200 nmethod 6252 0x0000017b5e888310 code [0x0000017b5e8884a0, 0x0000017b5e888578]
Event: 40.933 Thread 0x0000017b68327200 6253       1       jdk.internal.misc.Unsafe::weakCompareAndSetReference (11 bytes)
Event: 40.933 Thread 0x0000017b68327200 nmethod 6253 0x0000017b5e887f90 code [0x0000017b5e888120, 0x0000017b5e888258]
Event: 40.933 Thread 0x0000017b68327200 6254       1       java.lang.invoke.VarHandleReferences$Array::runtimeTypeCheck (26 bytes)
Event: 40.934 Thread 0x0000017b68327200 nmethod 6254 0x0000017b5e887690 code [0x0000017b5e887880, 0x0000017b5e887c78]
Event: 40.934 Thread 0x0000017b68327200 6255       1       jdk.internal.misc.Unsafe::getAndSetReference (24 bytes)
Event: 40.934 Thread 0x0000017b68327200 nmethod 6255 0x0000017b5e887290 code [0x0000017b5e887420, 0x0000017b5e8875d8]

GC Heap History (20 events):
Event: 17.701 GC heap before
{Heap before GC invocations=12 (full 0):
 garbage-first heap   total 45056K, used 34496K [0x0000000080000000, 0x0000000100000000)
  region size 1024K, 21 young (21504K), 3 survivors (3072K)
 Metaspace       used 35557K, committed 35968K, reserved 1081344K
  class space    used 4573K, committed 4800K, reserved 1048576K
}
Event: 17.716 GC heap after
{Heap after GC invocations=13 (full 0):
 garbage-first heap   total 54272K, used 17437K [0x0000000080000000, 0x0000000100000000)
  region size 1024K, 3 young (3072K), 3 survivors (3072K)
 Metaspace       used 35557K, committed 35968K, reserved 1081344K
  class space    used 4573K, committed 4800K, reserved 1048576K
}
Event: 17.777 GC heap before
{Heap before GC invocations=13 (full 0):
 garbage-first heap   total 54272K, used 17437K [0x0000000080000000, 0x0000000100000000)
  region size 1024K, 4 young (4096K), 3 survivors (3072K)
 Metaspace       used 35795K, committed 36160K, reserved 1081344K
  class space    used 4585K, committed 4800K, reserved 1048576K
}
Event: 17.786 GC heap after
{Heap after GC invocations=14 (full 0):
 garbage-first heap   total 54272K, used 17749K [0x0000000080000000, 0x0000000100000000)
  region size 1024K, 2 young (2048K), 2 survivors (2048K)
 Metaspace       used 35795K, committed 36160K, reserved 1081344K
  class space    used 4585K, committed 4800K, reserved 1048576K
}
Event: 19.194 GC heap before
{Heap before GC invocations=15 (full 0):
 garbage-first heap   total 54272K, used 41301K [0x0000000080000000, 0x0000000100000000)
  region size 1024K, 24 young (24576K), 2 survivors (2048K)
 Metaspace       used 38500K, committed 38784K, reserved 1089536K
  class space    used 4934K, committed 5056K, reserved 1048576K
}
Event: 19.206 GC heap after
{Heap after GC invocations=16 (full 0):
 garbage-first heap   total 54272K, used 19296K [0x0000000080000000, 0x0000000100000000)
  region size 1024K, 2 young (2048K), 2 survivors (2048K)
 Metaspace       used 38500K, committed 38784K, reserved 1089536K
  class space    used 4934K, committed 5056K, reserved 1048576K
}
Event: 19.274 GC heap before
{Heap before GC invocations=16 (full 0):
 garbage-first heap   total 54272K, used 20320K [0x0000000080000000, 0x0000000100000000)
  region size 1024K, 3 young (3072K), 2 survivors (2048K)
 Metaspace       used 38699K, committed 39104K, reserved 1089536K
  class space    used 4961K, committed 5120K, reserved 1048576K
}
Event: 19.282 GC heap after
{Heap after GC invocations=17 (full 0):
 garbage-first heap   total 54272K, used 19186K [0x0000000080000000, 0x0000000100000000)
  region size 1024K, 1 young (1024K), 1 survivors (1024K)
 Metaspace       used 38699K, committed 39104K, reserved 1089536K
  class space    used 4961K, committed 5120K, reserved 1048576K
}
Event: 23.485 GC heap before
{Heap before GC invocations=17 (full 0):
 garbage-first heap   total 54272K, used 40690K [0x0000000080000000, 0x0000000100000000)
  region size 1024K, 22 young (22528K), 1 survivors (1024K)
 Metaspace       used 41614K, committed 42048K, reserved 1089536K
  class space    used 5476K, committed 5696K, reserved 1048576K
}
Event: 23.493 GC heap after
{Heap after GC invocations=18 (full 0):
 garbage-first heap   total 54272K, used 20260K [0x0000000080000000, 0x0000000100000000)
  region size 1024K, 2 young (2048K), 2 survivors (2048K)
 Metaspace       used 41614K, committed 42048K, reserved 1089536K
  class space    used 5476K, committed 5696K, reserved 1048576K
}
Event: 24.180 GC heap before
{Heap before GC invocations=18 (full 0):
 garbage-first heap   total 54272K, used 40740K [0x0000000080000000, 0x0000000100000000)
  region size 1024K, 22 young (22528K), 2 survivors (2048K)
 Metaspace       used 44873K, committed 45248K, reserved 1089536K
  class space    used 5910K, committed 6080K, reserved 1048576K
}
Event: 24.189 GC heap after
{Heap after GC invocations=19 (full 0):
 garbage-first heap   total 54272K, used 21574K [0x0000000080000000, 0x0000000100000000)
  region size 1024K, 3 young (3072K), 3 survivors (3072K)
 Metaspace       used 44873K, committed 45248K, reserved 1089536K
  class space    used 5910K, committed 6080K, reserved 1048576K
}
Event: 24.899 GC heap before
{Heap before GC invocations=19 (full 0):
 garbage-first heap   total 54272K, used 42054K [0x0000000080000000, 0x0000000100000000)
  region size 1024K, 23 young (23552K), 3 survivors (3072K)
 Metaspace       used 47129K, committed 47552K, reserved 1097728K
  class space    used 6270K, committed 6464K, reserved 1048576K
}
Event: 24.915 GC heap after
{Heap after GC invocations=20 (full 0):
 garbage-first heap   total 54272K, used 23413K [0x0000000080000000, 0x0000000100000000)
  region size 1024K, 3 young (3072K), 3 survivors (3072K)
 Metaspace       used 47129K, committed 47552K, reserved 1097728K
  class space    used 6270K, committed 6464K, reserved 1048576K
}
Event: 26.319 GC heap before
{Heap before GC invocations=20 (full 0):
 garbage-first heap   total 54272K, used 42869K [0x0000000080000000, 0x0000000100000000)
  region size 1024K, 22 young (22528K), 3 survivors (3072K)
 Metaspace       used 48761K, committed 49152K, reserved 1097728K
  class space    used 6519K, committed 6720K, reserved 1048576K
}
Event: 26.336 GC heap after
{Heap after GC invocations=21 (full 0):
 garbage-first heap   total 75776K, used 25372K [0x0000000080000000, 0x0000000100000000)
  region size 1024K, 2 young (2048K), 2 survivors (2048K)
 Metaspace       used 48761K, committed 49152K, reserved 1097728K
  class space    used 6519K, committed 6720K, reserved 1048576K
}
Event: 27.873 GC heap before
{Heap before GC invocations=21 (full 0):
 garbage-first heap   total 75776K, used 59164K [0x0000000080000000, 0x0000000100000000)
  region size 1024K, 35 young (35840K), 2 survivors (2048K)
 Metaspace       used 53313K, committed 53824K, reserved 1097728K
  class space    used 7159K, committed 7424K, reserved 1048576K
}
Event: 27.891 GC heap after
{Heap after GC invocations=22 (full 0):
 garbage-first heap   total 75776K, used 29164K [0x0000000080000000, 0x0000000100000000)
  region size 1024K, 5 young (5120K), 5 survivors (5120K)
 Metaspace       used 53313K, committed 53824K, reserved 1097728K
  class space    used 7159K, committed 7424K, reserved 1048576K
}
Event: 29.207 GC heap before
{Heap before GC invocations=22 (full 0):
 garbage-first heap   total 75776K, used 56812K [0x0000000080000000, 0x0000000100000000)
  region size 1024K, 33 young (33792K), 5 survivors (5120K)
 Metaspace       used 57722K, committed 58240K, reserved 1105920K
  class space    used 7811K, committed 8064K, reserved 1048576K
}
Event: 29.228 GC heap after
{Heap after GC invocations=23 (full 0):
 garbage-first heap   total 75776K, used 31561K [0x0000000080000000, 0x0000000100000000)
  region size 1024K, 3 young (3072K), 3 survivors (3072K)
 Metaspace       used 57722K, committed 58240K, reserved 1105920K
  class space    used 7811K, committed 8064K, reserved 1048576K
}

Deoptimization events (8 events):
Event: 10.559 Thread 0x0000017b591e2830 DEOPT PACKING pc=0x0000017b5e58ac19 sp=0x0000004fbfdfd620
Event: 10.559 Thread 0x0000017b591e2830 DEOPT UNPACKING pc=0x0000017b5e0d2b43 sp=0x0000004fbfdfcb00 mode 3
Event: 18.444 Thread 0x0000017b591e2830 DEOPT PACKING pc=0x0000017b5e77f2fd sp=0x0000004fbfdfec80
Event: 18.444 Thread 0x0000017b591e2830 DEOPT UNPACKING pc=0x0000017b5e0d2b43 sp=0x0000004fbfdfe1e8 mode 3
Event: 23.876 Thread 0x0000017b591e2830 DEOPT PACKING pc=0x0000017b5e55f3d2 sp=0x0000004fbfdf7be0
Event: 23.876 Thread 0x0000017b591e2830 DEOPT UNPACKING pc=0x0000017b5e0d2b43 sp=0x0000004fbfdf70e8 mode 3
Event: 26.086 Thread 0x0000017b591e2830 DEOPT PACKING pc=0x0000017b5ea07c19 sp=0x0000004fbfdf8e00
Event: 26.086 Thread 0x0000017b591e2830 DEOPT UNPACKING pc=0x0000017b5e0d2b43 sp=0x0000004fbfdf82e8 mode 3

Classes unloaded (4 events):
Event: 17.838 Thread 0x0000017b682ce350 Unloading class 0x0000000100159000 'java/lang/invoke/LambdaForm$MH+0x0000000100159000'
Event: 17.838 Thread 0x0000017b682ce350 Unloading class 0x0000000100152000 'java/lang/invoke/LambdaForm$MH+0x0000000100152000'
Event: 17.838 Thread 0x0000017b682ce350 Unloading class 0x0000000100151800 'java/lang/invoke/LambdaForm$MH+0x0000000100151800'
Event: 17.838 Thread 0x0000017b682ce350 Unloading class 0x0000000100150c00 'java/lang/invoke/LambdaForm$MH+0x0000000100150c00'

Classes redefined (0 events):
No events

Internal exceptions (20 events):
Event: 28.992 Thread 0x0000017b591e35f0 Exception <a 'java/lang/ClassNotFoundException'{0x0000000083258650}: org/springframework/boot/actuate/endpoint/jmx/EndpointMBean> (0x0000000083258650) 
thrown [s\src\hotspot\share\classfile\systemDictionary.cpp, line 256]
Event: 28.992 Thread 0x0000017b591e35f0 Exception <a 'java/lang/ClassNotFoundException'{0x0000000083258a18}: org/springframework/boot/actuate/endpoint/jmx/DataEndpointMBean> (0x0000000083258a18) 
thrown [s\src\hotspot\share\classfile\systemDictionary.cpp, line 256]
Event: 28.992 Thread 0x0000017b591e35f0 Exception <a 'java/lang/ClassNotFoundException'{0x0000000083258dd8}: org/springframework/context/support/LiveBeansView> (0x0000000083258dd8) 
thrown [s\src\hotspot\share\classfile\systemDictionary.cpp, line 256]
Event: 28.993 Thread 0x0000017b591e35f0 Exception <a 'java/lang/ClassNotFoundException'{0x0000000083264a68}: org/springframework/boot/actuate/endpoint/jmx/EndpointMBean> (0x0000000083264a68) 
thrown [s\src\hotspot\share\classfile\systemDictionary.cpp, line 256]
Event: 28.993 Thread 0x0000017b591e35f0 Exception <a 'java/lang/ClassNotFoundException'{0x0000000083264e40}: org/springframework/boot/actuate/endpoint/jmx/DataEndpointMBean> (0x0000000083264e40) 
thrown [s\src\hotspot\share\classfile\systemDictionary.cpp, line 256]
Event: 28.993 Thread 0x0000017b591e35f0 Exception <a 'java/lang/ClassNotFoundException'{0x0000000083265200}: org/springframework/context/support/LiveBeansView> (0x0000000083265200) 
thrown [s\src\hotspot\share\classfile\systemDictionary.cpp, line 256]
Event: 28.993 Thread 0x0000017b591e35f0 Exception <a 'java/lang/ClassNotFoundException'{0x000000008326b200}: org/springframework/boot/actuate/endpoint/jmx/EndpointMBean> (0x000000008326b200) 
thrown [s\src\hotspot\share\classfile\systemDictionary.cpp, line 256]
Event: 28.993 Thread 0x0000017b591e35f0 Exception <a 'java/lang/ClassNotFoundException'{0x000000008326b5c8}: org/springframework/boot/actuate/endpoint/jmx/DataEndpointMBean> (0x000000008326b5c8) 
thrown [s\src\hotspot\share\classfile\systemDictionary.cpp, line 256]
Event: 28.994 Thread 0x0000017b591e35f0 Exception <a 'java/lang/ClassNotFoundException'{0x000000008326b988}: org/springframework/context/support/LiveBeansView> (0x000000008326b988) 
thrown [s\src\hotspot\share\classfile\systemDictionary.cpp, line 256]
Event: 28.994 Thread 0x0000017b591e35f0 Exception <a 'java/lang/ClassNotFoundException'{0x000000008326bd30}: org/springframework/boot/actuate/endpoint/jmx/EndpointMBean> (0x000000008326bd30) 
thrown [s\src\hotspot\share\classfile\systemDictionary.cpp, line 256]
Event: 28.994 Thread 0x0000017b591e35f0 Exception <a 'java/lang/ClassNotFoundException'{0x000000008326c108}: org/springframework/boot/actuate/endpoint/jmx/DataEndpointMBean> (0x000000008326c108) 
thrown [s\src\hotspot\share\classfile\systemDictionary.cpp, line 256]
Event: 28.994 Thread 0x0000017b591e35f0 Exception <a 'java/lang/ClassNotFoundException'{0x000000008326c4a8}: org/springframework/context/support/LiveBeansView> (0x000000008326c4a8) 
thrown [s\src\hotspot\share\classfile\systemDictionary.cpp, line 256]
Event: 28.994 Thread 0x0000017b591e35f0 Exception <a 'java/lang/ClassNotFoundException'{0x000000008326c868}: org/springframework/boot/actuate/endpoint/jmx/EndpointMBean> (0x000000008326c868) 
thrown [s\src\hotspot\share\classfile\systemDictionary.cpp, line 256]
Event: 28.994 Thread 0x0000017b591e35f0 Exception <a 'java/lang/ClassNotFoundException'{0x000000008326cc28}: org/springframework/boot/actuate/endpoint/jmx/DataEndpointMBean> (0x000000008326cc28) 
thrown [s\src\hotspot\share\classfile\systemDictionary.cpp, line 256]
Event: 28.994 Thread 0x0000017b591e35f0 Exception <a 'java/lang/ClassNotFoundException'{0x000000008326cfe0}: org/springframework/context/support/LiveBeansView> (0x000000008326cfe0) 
thrown [s\src\hotspot\share\classfile\systemDictionary.cpp, line 256]
Event: 29.006 Thread 0x0000017b591e35f0 Exception <a 'java/lang/NoSuchMethodError'{0x000000008312cfc0}: 'void java.lang.invoke.DirectMethodHandle$Holder.invokeSpecial(java.lang.Object, java.lang.Object, java.lang.Object, java.lang.Object, java.lang.Object, java.lang.Object, java.lang.Object)'> (0x000000008312cfc0) 
thrown [s\src\hotspot\share\interpreter\linkResolver.cpp, line 759]
Event: 29.260 Thread 0x0000017b591e35f0 Exception <a 'java/lang/reflect/InvocationTargetException'{0x0000000087f9ebb0}> (0x0000000087f9ebb0) 
thrown [s\src\hotspot\share\runtime\reflection.cpp, line 1121]
Event: 40.898 Thread 0x0000017b6b530220 Exception <a 'java/lang/NoSuchMethodError'{0x000000008427a188}: 'java.lang.Object java.lang.invoke.DirectMethodHandle$Holder.newInvokeSpecial(java.lang.Object, java.lang.Object, java.lang.Object, long)'> (0x000000008427a188) 
thrown [s\src\hotspot\share\interpreter\linkResolver.cpp, line 759]
Event: 40.898 Thread 0x0000017b6b530220 Exception <a 'java/lang/NoSuchMethodError'{0x000000008427e510}: 'java.lang.Object java.lang.invoke.DirectMethodHandle$Holder.invokeSpecial(java.lang.Object, java.lang.Object, java.lang.Object, java.lang.Object, long)'> (0x000000008427e510) 
thrown [s\src\hotspot\share\interpreter\linkResolver.cpp, line 759]
Event: 40.899 Thread 0x0000017b6b530220 Exception <a 'java/lang/NoSuchMethodError'{0x00000000842820e0}: 'java.lang.Object java.lang.invoke.Invokers$Holder.linkToTargetMethod(java.lang.Object, java.lang.Object, long, java.lang.Object)'> (0x00000000842820e0) 
thrown [s\src\hotspot\share\interpreter\linkResolver.cpp, line 759]

VM Operations (20 events):
Event: 29.027 Executing VM operation: HandshakeAllThreads
Event: 29.027 Executing VM operation: HandshakeAllThreads done
Event: 29.027 Executing VM operation: Cleanup
Event: 29.027 Executing VM operation: Cleanup done
Event: 29.164 Executing VM operation: HandshakeAllThreads
Event: 29.164 Executing VM operation: HandshakeAllThreads done
Event: 29.207 Executing VM operation: G1CollectForAllocation
Event: 29.228 Executing VM operation: G1CollectForAllocation done
Event: 31.239 Executing VM operation: Cleanup
Event: 31.240 Executing VM operation: Cleanup done
Event: 35.288 Executing VM operation: Cleanup
Event: 35.289 Executing VM operation: Cleanup done
Event: 36.289 Executing VM operation: Cleanup
Event: 36.289 Executing VM operation: Cleanup done
Event: 40.744 Executing VM operation: HandshakeAllThreads
Event: 40.744 Executing VM operation: HandshakeAllThreads done
Event: 40.817 Executing VM operation: HandshakeAllThreads
Event: 40.817 Executing VM operation: HandshakeAllThreads done
Event: 40.817 Executing VM operation: Cleanup
Event: 40.817 Executing VM operation: Cleanup done

Events (20 events):
Event: 40.742 loading class java/util/concurrent/Semaphore done
Event: 40.742 loading class java/util/concurrent/Semaphore$NonfairSync
Event: 40.742 loading class java/util/concurrent/Semaphore$Sync
Event: 40.742 loading class java/util/concurrent/Semaphore$Sync done
Event: 40.742 loading class java/util/concurrent/Semaphore$NonfairSync done
Event: 40.743 loading class sun/nio/ch/SocketAdaptor
Event: 40.743 loading class sun/nio/ch/SocketAdaptor done
Event: 40.745 loading class sun/nio/ch/SocketChannelImpl$DefaultOptionsHolder
Event: 40.745 loading class sun/nio/ch/SocketChannelImpl$DefaultOptionsHolder done
Event: 40.746 loading class sun/nio/ch/SelectionKeyImpl
Event: 40.746 loading class java/nio/channels/spi/AbstractSelectionKey
Event: 40.746 loading class java/nio/channels/SelectionKey
Event: 40.746 loading class java/nio/channels/SelectionKey done
Event: 40.746 loading class java/nio/channels/spi/AbstractSelectionKey done
Event: 40.746 loading class sun/nio/ch/SelectionKeyImpl done
Event: 40.747 loading class java/lang/invoke/ConstantBootstraps
Event: 40.747 loading class java/lang/invoke/ConstantBootstraps done
Event: 40.921 loading class java/util/Base64$Decoder
Event: 40.922 loading class java/util/Base64$Decoder done
Event: 40.932 Thread 0x0000017b6d3ee570 Thread added: 0x0000017b6d3ee570


Dynamic libraries:
0x00007ff694500000 - 0x00007ff69450e000 	C:\Users\sfjbs\Downloads\node-20220822T151028Z-001\node\sts-4.15.3.RELEASE\plugins\org.eclipse.justj.openjdk.hotspot.jre.full.win32.x86_64_17.0.4.v20220805-1047\jre\bin\javaw.exe
0x00007ffc0bcf0000 - 0x00007ffc0bee8000 	C:\Windows\SYSTEM32\ntdll.dll
0x00007ffc0a460000 - 0x00007ffc0a51d000 	C:\Windows\System32\KERNEL32.DLL
0x00007ffc09410000 - 0x00007ffc096de000 	C:\Windows\System32\KERNELBASE.dll
0x00007ffc09920000 - 0x00007ffc09a20000 	C:\Windows\System32\ucrtbase.dll
0x00007ffbf1e90000 - 0x00007ffbf1ea8000 	C:\Users\sfjbs\Downloads\node-20220822T151028Z-001\node\sts-4.15.3.RELEASE\plugins\org.eclipse.justj.openjdk.hotspot.jre.full.win32.x86_64_17.0.4.v20220805-1047\jre\bin\jli.dll
0x00007ffc09f60000 - 0x00007ffc0a100000 	C:\Windows\System32\USER32.dll
0x00007ffc096e0000 - 0x00007ffc09702000 	C:\Windows\System32\win32u.dll
0x00007ffc0a3f0000 - 0x00007ffc0a41a000 	C:\Windows\System32\GDI32.dll
0x00007ffc09a20000 - 0x00007ffc09b2b000 	C:\Windows\System32\gdi32full.dll
0x00007ffc097d0000 - 0x00007ffc0986d000 	C:\Windows\System32\msvcp_win.dll
0x00007ffbf1e70000 - 0x00007ffbf1e89000 	C:\Users\sfjbs\Downloads\node-20220822T151028Z-001\node\sts-4.15.3.RELEASE\plugins\org.eclipse.justj.openjdk.hotspot.jre.full.win32.x86_64_17.0.4.v20220805-1047\jre\bin\VCRUNTIME140.dll
0x00007ffbff250000 - 0x00007ffbff4ea000 	C:\Windows\WinSxS\amd64_microsoft.windows.common-controls_6595b64144ccf1df_6.0.19041.1110_none_60b5254171f9507e\COMCTL32.dll
0x00007ffc0bbf0000 - 0x00007ffc0bc8e000 	C:\Windows\System32\msvcrt.dll
0x00007ffc0a430000 - 0x00007ffc0a460000 	C:\Windows\System32\IMM32.DLL
0x00007ffc048e0000 - 0x00007ffc048ec000 	C:\Users\sfjbs\Downloads\node-20220822T151028Z-001\node\sts-4.15.3.RELEASE\plugins\org.eclipse.justj.openjdk.hotspot.jre.full.win32.x86_64_17.0.4.v20220805-1047\jre\bin\vcruntime140_1.dll
0x00007ffbdfc60000 - 0x00007ffbdfcf1000 	C:\Users\sfjbs\Downloads\node-20220822T151028Z-001\node\sts-4.15.3.RELEASE\plugins\org.eclipse.justj.openjdk.hotspot.jre.full.win32.x86_64_17.0.4.v20220805-1047\jre\bin\msvcp140.dll
0x00007ffbc27c0000 - 0x00007ffbc3406000 	C:\Users\sfjbs\Downloads\node-20220822T151028Z-001\node\sts-4.15.3.RELEASE\plugins\org.eclipse.justj.openjdk.hotspot.jre.full.win32.x86_64_17.0.4.v20220805-1047\jre\bin\server\jvm.dll
0x00007ffc0a100000 - 0x00007ffc0a1ae000 	C:\Windows\System32\ADVAPI32.dll
0x00007ffc0baf0000 - 0x00007ffc0bb8c000 	C:\Windows\System32\sechost.dll
0x00007ffc0a990000 - 0x00007ffc0aab5000 	C:\Windows\System32\RPCRT4.dll
0x00007ffc0a3e0000 - 0x00007ffc0a3e8000 	C:\Windows\System32\PSAPI.DLL
0x00007ffbfeaf0000 - 0x00007ffbfeaf9000 	C:\Windows\SYSTEM32\WSOCK32.dll
0x00007ffc0ba80000 - 0x00007ffc0baeb000 	C:\Windows\System32\WS2_32.dll
0x00007ffbfc8c0000 - 0x00007ffbfc8e7000 	C:\Windows\SYSTEM32\WINMM.dll
0x00007ffc00350000 - 0x00007ffc0035a000 	C:\Windows\SYSTEM32\VERSION.dll
0x00007ffc072e0000 - 0x00007ffc072f2000 	C:\Windows\SYSTEM32\kernel.appcore.dll
0x00007ffbee4e0000 - 0x00007ffbee4ea000 	C:\Users\sfjbs\Downloads\node-20220822T151028Z-001\node\sts-4.15.3.RELEASE\plugins\org.eclipse.justj.openjdk.hotspot.jre.full.win32.x86_64_17.0.4.v20220805-1047\jre\bin\jimage.dll
0x00007ffbfef50000 - 0x00007ffbff134000 	C:\Windows\SYSTEM32\DBGHELP.DLL
0x00007ffbfef20000 - 0x00007ffbfef4c000 	C:\Windows\SYSTEM32\dbgcore.DLL
0x00007ffc09cc0000 - 0x00007ffc09d42000 	C:\Windows\System32\bcryptPrimitives.dll
0x00007ffbe3bc0000 - 0x00007ffbe3be5000 	C:\Users\sfjbs\Downloads\node-20220822T151028Z-001\node\sts-4.15.3.RELEASE\plugins\org.eclipse.justj.openjdk.hotspot.jre.full.win32.x86_64_17.0.4.v20220805-1047\jre\bin\java.dll
0x00007ffbee3a0000 - 0x00007ffbee3b8000 	C:\Users\sfjbs\Downloads\node-20220822T151028Z-001\node\sts-4.15.3.RELEASE\plugins\org.eclipse.justj.openjdk.hotspot.jre.full.win32.x86_64_17.0.4.v20220805-1047\jre\bin\zip.dll
0x00007ffc0b330000 - 0x00007ffc0ba73000 	C:\Windows\System32\SHELL32.dll
0x00007ffc074e0000 - 0x00007ffc07c75000 	C:\Windows\SYSTEM32\windows.storage.dll
0x00007ffc0afd0000 - 0x00007ffc0b324000 	C:\Windows\System32\combase.dll
0x00007ffc08cc0000 - 0x00007ffc08cf0000 	C:\Windows\SYSTEM32\Wldp.dll
0x00007ffc0acf0000 - 0x00007ffc0ad9d000 	C:\Windows\System32\SHCORE.dll
0x00007ffc0ac00000 - 0x00007ffc0ac55000 	C:\Windows\System32\shlwapi.dll
0x00007ffc09350000 - 0x00007ffc0936f000 	C:\Windows\SYSTEM32\profapi.dll
0x00007ffbe5970000 - 0x00007ffbe5989000 	C:\Users\sfjbs\Downloads\node-20220822T151028Z-001\node\sts-4.15.3.RELEASE\plugins\org.eclipse.justj.openjdk.hotspot.jre.full.win32.x86_64_17.0.4.v20220805-1047\jre\bin\net.dll
0x00007ffc039e0000 - 0x00007ffc03aea000 	C:\Windows\SYSTEM32\WINHTTP.dll
0x00007ffc08aa0000 - 0x00007ffc08b0a000 	C:\Windows\system32\mswsock.dll
0x00007ffbe3e60000 - 0x00007ffbe3e75000 	C:\Users\sfjbs\Downloads\node-20220822T151028Z-001\node\sts-4.15.3.RELEASE\plugins\org.eclipse.justj.openjdk.hotspot.jre.full.win32.x86_64_17.0.4.v20220805-1047\jre\bin\nio.dll
0x00007ffbf19f0000 - 0x00007ffbf19f9000 	C:\Users\sfjbs\Downloads\node-20220822T151028Z-001\node\sts-4.15.3.RELEASE\plugins\org.eclipse.justj.openjdk.hotspot.jre.full.win32.x86_64_17.0.4.v20220805-1047\jre\bin\management.dll
0x00007ffbea520000 - 0x00007ffbea52b000 	C:\Users\sfjbs\Downloads\node-20220822T151028Z-001\node\sts-4.15.3.RELEASE\plugins\org.eclipse.justj.openjdk.hotspot.jre.full.win32.x86_64_17.0.4.v20220805-1047\jre\bin\management_ext.dll
0x00007ffbfb0f0000 - 0x00007ffbfb107000 	C:\Windows\system32\napinsp.dll
0x00007ffbfad90000 - 0x00007ffbfadab000 	C:\Windows\system32\pnrpnsp.dll
0x00007ffbf6ee0000 - 0x00007ffbf6ef5000 	C:\Windows\system32\wshbth.dll
0x00007ffc04ff0000 - 0x00007ffc0500d000 	C:\Windows\system32\NLAapi.dll
0x00007ffc087b0000 - 0x00007ffc087eb000 	C:\Windows\SYSTEM32\IPHLPAPI.DLL
0x00007ffc08800000 - 0x00007ffc088ca000 	C:\Windows\SYSTEM32\DNSAPI.dll
0x00007ffc0a420000 - 0x00007ffc0a428000 	C:\Windows\System32\NSI.dll
0x00007ffbf6ec0000 - 0x00007ffbf6ed2000 	C:\Windows\System32\winrnr.dll
0x00007ffc035c0000 - 0x00007ffc035ca000 	C:\Windows\System32\rasadhlp.dll
0x00007ffc03890000 - 0x00007ffc03910000 	C:\Windows\System32\fwpuclnt.dll
0x00007ffc09c90000 - 0x00007ffc09cb7000 	C:\Windows\System32\bcrypt.dll
0x00007ffc08d00000 - 0x00007ffc08d18000 	C:\Windows\SYSTEM32\CRYPTSP.dll
0x00007ffc08440000 - 0x00007ffc08474000 	C:\Windows\system32\rsaenh.dll
0x00007ffc09310000 - 0x00007ffc0933e000 	C:\Windows\SYSTEM32\USERENV.dll
0x00007ffc08c30000 - 0x00007ffc08c3c000 	C:\Windows\SYSTEM32\CRYPTBASE.dll
0x00007ffc036c0000 - 0x00007ffc036d7000 	C:\Windows\SYSTEM32\dhcpcsvc6.DLL
0x00007ffc03630000 - 0x00007ffc0364d000 	C:\Windows\SYSTEM32\dhcpcsvc.DLL
0x00007ffbfccc0000 - 0x00007ffbfccd0000 	C:\Users\sfjbs\Downloads\node-20220822T151028Z-001\node\sts-4.15.3.RELEASE\plugins\org.eclipse.justj.openjdk.hotspot.jre.full.win32.x86_64_17.0.4.v20220805-1047\jre\bin\verify.dll
0x00007ffbf1a00000 - 0x00007ffbf1a0e000 	C:\Users\sfjbs\Downloads\node-20220822T151028Z-001\node\sts-4.15.3.RELEASE\plugins\org.eclipse.justj.openjdk.hotspot.jre.full.win32.x86_64_17.0.4.v20220805-1047\jre\bin\sunmscapi.dll
0x00007ffc09b30000 - 0x00007ffc09c86000 	C:\Windows\System32\CRYPT32.dll
0x00007ffc08e10000 - 0x00007ffc08e37000 	C:\Windows\SYSTEM32\ncrypt.dll
0x00007ffc08dd0000 - 0x00007ffc08e0b000 	C:\Windows\SYSTEM32\NTASN1.dll
0x00007ffc04900000 - 0x00007ffc04907000 	C:\Windows\system32\wshunix.dll

dbghelp: loaded successfully - version: 4.0.5 - missing functions: none
symbol engine: initialized successfully - sym options: 0x614 - pdb path: .;C:\Users\sfjbs\Downloads\node-20220822T151028Z-001\node\sts-4.15.3.RELEASE\plugins\org.eclipse.justj.openjdk.hotspot.jre.full.win32.x86_64_17.0.4.v20220805-1047\jre\bin;C:\Windows\SYSTEM32;C:\Windows\WinSxS\amd64_microsoft.windows.common-controls_6595b64144ccf1df_6.0.19041.1110_none_60b5254171f9507e;C:\Users\sfjbs\Downloads\node-20220822T151028Z-001\node\sts-4.15.3.RELEASE\plugins\org.eclipse.justj.openjdk.hotspot.jre.full.win32.x86_64_17.0.4.v20220805-1047\jre\bin\server

VM Arguments:
jvm_args: -Dcom.sun.management.jmxremote -Dcom.sun.management.jmxremote.port=61064 -Dcom.sun.management.jmxremote.authenticate=false -Dcom.sun.management.jmxremote.ssl=false -Djava.rmi.server.hostname=localhost -Dspring.jmx.enabled=true -Dspring.application.admin.enabled=true -XX:TieredStopAtLevel=1 -Dspring.boot.project.name=Gateway-Service -Dfile.encoding=UTF-8 -XX:+ShowCodeDetailsInExceptionMessages 
java_command: com.gate.GatewayServiceApplication --spring.output.ansi.enabled=always
java_class_path (initial): C:\Users\sfjbs\Documents\workspace-spring-tool-suite-4-4.15.3.RELEASE\Gateway-Service\target\classes;C:\Users\sfjbs\.m2\repository\org\springframework\boot\spring-boot-starter-actuator\2.7.3\spring-boot-starter-actuator-2.7.3.jar;C:\Users\sfjbs\.m2\repository\org\springframework\boot\spring-boot-starter\2.7.3\spring-boot-starter-2.7.3.jar;C:\Users\sfjbs\.m2\repository\org\springframework\boot\spring-boot\2.7.3\spring-boot-2.7.3.jar;C:\Users\sfjbs\.m2\repository\org\springframework\boot\spring-boot-autoconfigure\2.7.3\spring-boot-autoconfigure-2.7.3.jar;C:\Users\sfjbs\.m2\repository\org\springframework\boot\spring-boot-starter-logging\2.7.3\spring-boot-starter-logging-2.7.3.jar;C:\Users\sfjbs\.m2\repository\ch\qos\logback\logback-classic\1.2.11\logback-classic-1.2.11.jar;C:\Users\sfjbs\.m2\repository\ch\qos\logback\logback-core\1.2.11\logback-core-1.2.11.jar;C:\Users\sfjbs\.m2\repository\org\apache\logging\log4j\log4j-to-slf4j\2.17.2\log4j-to-slf4j-2.17.2.jar;C:\Users\sfjbs\.m2\repository\org\apache\logging\log4j\log4j-api\2.17.2\log4j-api-2.17.2.jar;C:\Users\sfjbs\.m2\repository\org\slf4j\jul-to-slf4j\1.7.36\jul-to-slf4j-1.7.36.jar;C:\Users\sfjbs\.m2\repository\org\yaml\snakeyaml\1.30\snakeyaml-1.30.jar;C:\Users\sfjbs\.m2\repository\org\springframework\boot\spring-boot-actuator-autoconfigure\2.7.3\spring-boot-actuator-autoconfigure-2.7.3.jar;C:\Users\sfjbs\.m2\repository\org\springframework\boot\spring-boot-actuator\2.7.3\spring-boot-actuator-2.7.3.jar;C:\Users\sfjbs\.m2\repository\com\fasterxml\jackson\core\jackson-databind\2.13.3\jackson-databind-2.13.3.jar;C:\Users\sfjbs\.m2\repository\com\fasterxml\jackson\datatype\jackson-datatype-jsr310\2.13.3\jackson-datatype-jsr310-2.13.3.jar;C:\Users\sfjbs\.m2\repository\io\micrometer\micrometer-core\1.9.3\micrometer-core-1.9.3.jar;C:\Users\sfjbs\.m2\repository\org\hdrhistogram\HdrHistogram\2.1.12\HdrHistogram-2.1.12.jar;C:\Users\sfjbs\.m2\repository\org\latencyutils\LatencyUtils\2.0.3\LatencyUt
Launcher Type: SUN_STANDARD

[Global flags]
     intx CICompilerCount                          = 2                                         {product} {ergonomic}
     uint ConcGCThreads                            = 1                                         {product} {ergonomic}
     uint G1ConcRefinementThreads                  = 2                                         {product} {ergonomic}
   size_t G1HeapRegionSize                         = 1048576                                   {product} {ergonomic}
    uintx GCDrainStackTargetSize                   = 64                                        {product} {ergonomic}
   size_t InitialHeapSize                          = 134217728                                 {product} {ergonomic}
     bool ManagementServer                         = true                                      {product} {command line}
   size_t MarkStackSize                            = 4194304                                   {product} {ergonomic}
   size_t MaxHeapSize                              = 2147483648                                {product} {ergonomic}
   size_t MaxNewSize                               = 1287651328                                {product} {ergonomic}
   size_t MinHeapDeltaBytes                        = 1048576                                   {product} {ergonomic}
   size_t MinHeapSize                              = 8388608                                   {product} {ergonomic}
    uintx NonProfiledCodeHeapSize                  = 0                                      {pd product} {ergonomic}
     bool ProfileInterpreter                       = false                                  {pd product} {command line}
    uintx ProfiledCodeHeapSize                     = 0                                      {pd product} {ergonomic}
     bool ShowCodeDetailsInExceptionMessages       = true                                   {manageable} {command line}
   size_t SoftMaxHeapSize                          = 2147483648                             {manageable} {ergonomic}
     intx TieredStopAtLevel                        = 1                                         {product} {command line}
     bool UseCompressedClassPointers               = true                           {product lp64_product} {ergonomic}
     bool UseCompressedOops                        = true                           {product lp64_product} {ergonomic}
     bool UseG1GC                                  = true                                      {product} {ergonomic}
     bool UseLargePagesIndividualAllocation        = false                                  {pd product} {ergonomic}

Logging:
Log output configuration:
 #0: stdout all=warning uptime,level,tags
 #1: stderr all=off uptime,level,tags

Environment Variables:
PATH=C:/Users/sfjbs/Downloads/node-20220822T151028Z-001/node/sts-4.15.3.RELEASE//plugins/org.eclipse.justj.openjdk.hotspot.jre.full.win32.x86_64_17.0.4.v20220805-1047/jre/bin/server;C:/Users/sfjbs/Downloads/node-20220822T151028Z-001/node/sts-4.15.3.RELEASE//plugins/org.eclipse.justj.openjdk.hotspot.jre.full.win32.x86_64_17.0.4.v20220805-1047/jre/bin;C:\Python310\Scripts\;C:\Python310\;C:\Program Files\Common Files\Oracle\Java\javapath;C:\Windows\system32;C:\Windows;C:\Windows\System32\Wbem;C:\Windows\System32\WindowsPowerShell\v1.0\;C:\Windows\System32\OpenSSH\;C:\Program Files\Docker\Docker\resources\bin;C:\ProgramData\DockerDesktop\version-bin;C:\Program Files\nodejs\;C:\ProgramData\chocolatey\bin;C:\Program Files\Git\cmd;C:\Users\sfjbs\AppData\Local\Microsoft\WindowsApps;C:\Users\sfjbs\AppData\Local\Programs\Microsoft VS Code\bin;C:\Users\sfjbs\AppData\Roaming\npm;C:\Program Files\JetBrains\PyCharm Community Edition 2022.2.1\bin;;C:\Program Files\MongoDB\Server\5.0\bin;;C:\Users\sfjbs\Downloads\node-20220822T151028Z-001\node\sts-4.15.3.RELEASE;
USERNAME=sfjbs
OS=Windows_NT
PROCESSOR_IDENTIFIER=Intel64 Family 6 Model 63 Stepping 2, GenuineIntel
TMP=C:\Users\sfjbs\AppData\Local\Temp
TEMP=C:\Users\sfjbs\AppData\Local\Temp



---------------  S Y S T E M  ---------------

OS:
 Windows 10 , 64 bit Build 19041 (10.0.19041.1889)
OS uptime: 12 days 20:35 hours
Hyper-V role detected

CPU: total 2 (initial active 2) (1 cores per cpu, 2 threads per core) family 6 model 63 stepping 2 microcode 0xffffffff, cx8, cmov, fxsr, ht, mmx, sse, sse2, sse3, ssse3, sse4.1, sse4.2, popcnt, lzcnt, tsc, avx, avx2, aes, erms, clmul, bmi1, bmi2, fma, vzeroupper, clflush, hv

Memory: 4k page, system-wide physical 8190M (969M free)
TotalPageFile size 10238M (AvailPageFile size 3M)
current process WorkingSet (physical memory assigned to process): 204M, peak: 204M
current process commit charge ("private bytes"): 225M, peak: 225M

vm_info: OpenJDK 64-Bit Server VM (17.0.4+8) for windows-amd64 JRE (17.0.4+8), built on Jul 19 2022 16:05:16 by "temurin" with MS VC++ 16.7 (VS2019)

END.
