#
# There is insufficient memory for the Java Runtime Environment to continue.
# Native memory allocation (mmap) failed to map 65536 bytes for Failed to commit metaspace.
# Possible reasons:
#   The system is out of physical RAM or swap space
#   The process is running with CompressedOops enabled, and the Java Heap may be blocking the growth of the native heap
# Possible solutions:
#   Reduce memory load on the system
#   Increase physical memory or swap space
#   Check if swap backing store is full
#   Decrease Java heap size (-Xmx/-Xms)
#   Decrease number of Java threads
#   Decrease Java thread stack sizes (-Xss)
#   Set larger code cache with -XX:ReservedCodeCacheSize=
#   JVM is running with Unscaled Compressed Oops mode in which the Java heap is
#     placed in the first 4GB address space. The Java Heap base address is the
#     maximum limit for the native heap growth. Please use -XX:HeapBaseMinAddress
#     to set the Java Heap base and to place the Java Heap above 4GB virtual address.
# This output file may be truncated or incomplete.
#
#  Out of Memory Error (virtualSpaceNode.cpp:110), pid=9624, tid=12204
#
# JRE version: OpenJDK Runtime Environment Temurin-17.0.4+8 (17.0.4+8) (build 17.0.4+8)
# Java VM: OpenJDK 64-Bit Server VM Temurin-17.0.4+8 (17.0.4+8, mixed mode, emulated-client, tiered, compressed oops, compressed class ptrs, g1 gc, windows-amd64)
# No core dump will be written. Minidumps are not enabled by default on client versions of Windows
#

---------------  S U M M A R Y ------------

Command Line: -Dcom.sun.management.jmxremote -Dcom.sun.management.jmxremote.port=54886 -Dcom.sun.management.jmxremote.authenticate=false -Dcom.sun.management.jmxremote.ssl=false -Djava.rmi.server.hostname=localhost -Dspring.jmx.enabled=true -Dspring.application.admin.enabled=true -XX:TieredStopAtLevel=1 -Dspring.boot.project.name=Gateway-Service -Dfile.encoding=UTF-8 -XX:+ShowCodeDetailsInExceptionMessages com.gate.GatewayServiceApplication --spring.output.ansi.enabled=always

Host: Intel(R) Xeon(R) CPU E5-2673 v3 @ 2.40GHz, 2 cores, 7G,  Windows 10 , 64 bit Build 19041 (10.0.19041.1889)
Time: Wed Sep 28 06:49:55 2022 Coordinated Universal Time elapsed time: 1.989649 seconds (0d 0h 0m 1s)

---------------  T H R E A D  ---------------

Current thread (0x0000015afeaa4040):  JavaThread "main" [_thread_in_vm, id=12204, stack(0x00000038b0800000,0x00000038b0900000)]

Stack: [0x00000038b0800000,0x00000038b0900000]
Native frames: (J=compiled Java code, j=interpreted, Vv=VM code, C=native code)
V  [jvm.dll+0x67733a]
V  [jvm.dll+0x8323c4]
V  [jvm.dll+0x833b6e]
V  [jvm.dll+0x8341d3]
V  [jvm.dll+0x2455e5]
V  [jvm.dll+0x82e36b]
V  [jvm.dll+0x61be16]
V  [jvm.dll+0x1c060e]
V  [jvm.dll+0x61e761]
V  [jvm.dll+0x61c7b6]
V  [jvm.dll+0x23b086]
V  [jvm.dll+0x1eae0d]
V  [jvm.dll+0x1e0841]
V  [jvm.dll+0x53c8f0]
V  [jvm.dll+0x7ad30d]
V  [jvm.dll+0x7ad26a]
V  [jvm.dll+0x40d354]
V  [jvm.dll+0x420c4b]
C  [java.dll+0x1657]

Java frames: (J=compiled Java code, j=interpreted, Vv=VM code)
J 1672  java.lang.ClassLoader.defineClass0(Ljava/lang/ClassLoader;Ljava/lang/Class;Ljava/lang/String;[BIILjava/security/ProtectionDomain;ZILjava/lang/Object;)Ljava/lang/Class; java.base@17.0.4 (0 bytes) @ 0x0000015a839fd109 [0x0000015a839fd020+0x00000000000000e9]
J 1671 c1 java.lang.System$2.defineClass(Ljava/lang/ClassLoader;Ljava/lang/Class;Ljava/lang/String;[BLjava/security/ProtectionDomain;ZILjava/lang/Object;)Ljava/lang/Class; java.base@17.0.4 (21 bytes) @ 0x0000015a839fcd0c [0x0000015a839fcca0+0x000000000000006c]
J 1670 c1 java.lang.invoke.MethodHandles$Lookup$ClassDefiner.defineClass(ZLjava/lang/Object;)Ljava/lang/Class; java.base@17.0.4 (97 bytes) @ 0x0000015a839fd904 [0x0000015a839fd600+0x0000000000000304]
j  java.lang.invoke.InvokerBytecodeGenerator.loadMethod([B)Ljava/lang/invoke/MemberName;+16 java.base@17.0.4
j  java.lang.invoke.InvokerBytecodeGenerator.generateCustomizedCode(Ljava/lang/invoke/LambdaForm;Ljava/lang/invoke/MethodType;)Ljava/lang/invoke/MemberName;+30 java.base@17.0.4
j  java.lang.invoke.LambdaForm.compileToBytecode()V+69 java.base@17.0.4
j  java.lang.invoke.DirectMethodHandle.makePreparedLambdaForm(Ljava/lang/invoke/MethodType;I)Ljava/lang/invoke/LambdaForm;+792 java.base@17.0.4
J 1482 c1 java.lang.invoke.DirectMethodHandle.preparedLambdaForm(Ljava/lang/invoke/MemberName;Z)Ljava/lang/invoke/LambdaForm; java.base@17.0.4 (244 bytes) @ 0x0000015a839adf3c [0x0000015a839adce0+0x000000000000025c]
J 1571 c1 java.lang.invoke.DirectMethodHandle.make(BLjava/lang/Class;Ljava/lang/invoke/MemberName;Ljava/lang/Class;)Ljava/lang/invoke/DirectMethodHandle; java.base@17.0.4 (275 bytes) @ 0x0000015a839d3a9c [0x0000015a839d3600+0x000000000000049c]
J 1795 c1 java.lang.invoke.MethodHandles$Lookup.getDirectMethodCommon(BLjava/lang/Class;Ljava/lang/invoke/MemberName;ZZLjava/lang/invoke/MethodHandles$Lookup;)Ljava/lang/invoke/MethodHandle; java.base@17.0.4 (280 bytes) @ 0x0000015a83a250a4 [0x0000015a83a24d00+0x00000000000003a4]
j  java.lang.invoke.MethodHandles$Lookup.getDirectMethodNoSecurityManager(BLjava/lang/Class;Ljava/lang/invoke/MemberName;Ljava/lang/invoke/MethodHandles$Lookup;)Ljava/lang/invoke/MethodHandle;+14 java.base@17.0.4
j  java.lang.invoke.MethodHandles$Lookup.getDirectMethodForConstant(BLjava/lang/Class;Ljava/lang/invoke/MemberName;)Ljava/lang/invoke/MethodHandle;+31 java.base@17.0.4
J 1489 c1 java.lang.invoke.MethodHandles$Lookup.linkMethodHandleConstant(BLjava/lang/Class;Ljava/lang/String;Ljava/lang/Object;)Ljava/lang/invoke/MethodHandle; java.base@17.0.4 (223 bytes) @ 0x0000015a839b5074 [0x0000015a839b4b00+0x0000000000000574]
J 1488 c1 java.lang.invoke.MethodHandleNatives.linkMethodHandleConstant(Ljava/lang/Class;ILjava/lang/Class;Ljava/lang/String;Ljava/lang/Object;)Ljava/lang/invoke/MethodHandle; java.base@17.0.4 (50 bytes) @ 0x0000015a839b429c [0x0000015a839b4240+0x000000000000005c]
v  ~StubRoutines::call_stub
j  org.springframework.boot.context.properties.bind.Binder.lambda$bindAggregate$2(Lorg/springframework/boot/context/properties/bind/AggregateBinder;Lorg/springframework/boot/context/properties/bind/BindHandler;Lorg/springframework/boot/context/properties/bind/Binder$Context;Lorg/springframework/boot/context/properties/source/ConfigurationPropertyName;Lorg/springframework/boot/context/properties/bind/Bindable;Lorg/springframework/boot/context/properties/source/ConfigurationPropertySource;)Ljava/lang/Object;+17
j  org.springframework.boot.context.properties.bind.Binder$$Lambda$223+0x0000000100233218.bind(Lorg/springframework/boot/context/properties/source/ConfigurationPropertyName;Lorg/springframework/boot/context/properties/bind/Bindable;Lorg/springframework/boot/context/properties/source/ConfigurationPropertySource;)Ljava/lang/Object;+19
j  org.springframework.boot.context.properties.bind.IndexedElementsBinder.bindIndexed(Lorg/springframework/boot/context/properties/source/ConfigurationPropertySource;Lorg/springframework/boot/context/properties/source/ConfigurationPropertyName;Lorg/springframework/boot/context/properties/bind/AggregateElementBinder;Lorg/springframework/boot/context/properties/bind/IndexedElementsBinder$IndexedCollectionSupplier;Lorg/springframework/core/ResolvableType;)V+68
j  org.springframework.boot.context.properties.bind.IndexedElementsBinder.bindIndexed(Lorg/springframework/boot/context/properties/source/ConfigurationPropertySource;Lorg/springframework/boot/context/properties/source/ConfigurationPropertyName;Lorg/springframework/boot/context/properties/bind/Bindable;Lorg/springframework/boot/context/properties/bind/AggregateElementBinder;Lorg/springframework/boot/context/properties/bind/IndexedElementsBinder$IndexedCollectionSupplier;Lorg/springframework/core/ResolvableType;Lorg/springframework/core/ResolvableType;)V+57
j  org.springframework.boot.context.properties.bind.IndexedElementsBinder.bindIndexed(Lorg/springframework/boot/context/properties/source/ConfigurationPropertyName;Lorg/springframework/boot/context/properties/bind/Bindable;Lorg/springframework/boot/context/properties/bind/AggregateElementBinder;Lorg/springframework/core/ResolvableType;Lorg/springframework/core/ResolvableType;Lorg/springframework/boot/context/properties/bind/IndexedElementsBinder$IndexedCollectionSupplier;)V+48
j  org.springframework.boot.context.properties.bind.ArrayBinder.bindAggregate(Lorg/springframework/boot/context/properties/source/ConfigurationPropertyName;Lorg/springframework/boot/context/properties/bind/Bindable;Lorg/springframework/boot/context/properties/bind/AggregateElementBinder;)Ljava/lang/Object;+39
j  org.springframework.boot.context.properties.bind.AggregateBinder.bind(Lorg/springframework/boot/context/properties/source/ConfigurationPropertyName;Lorg/springframework/boot/context/properties/bind/Bindable;Lorg/springframework/boot/context/properties/bind/AggregateElementBinder;)Ljava/lang/Object;+4
j  org.springframework.boot.context.properties.bind.Binder.lambda$bindAggregate$3(Lorg/springframework/boot/context/properties/bind/AggregateBinder;Lorg/springframework/boot/context/properties/source/ConfigurationPropertyName;Lorg/springframework/boot/context/properties/bind/Bindable;Lorg/springframework/boot/context/properties/bind/AggregateElementBinder;)Ljava/lang/Object;+4
j  org.springframework.boot.context.properties.bind.Binder$$Lambda$224+0x0000000100233448.get()Ljava/lang/Object;+16
j  org.springframework.boot.context.properties.bind.Binder$Context.withIncreasedDepth(Ljava/util/function/Supplier;)Ljava/lang/Object;+5
j  org.springframework.boot.context.properties.bind.Binder$Context.access$100(Lorg/springframework/boot/context/properties/bind/Binder$Context;Ljava/util/function/Supplier;)Ljava/lang/Object;+2
j  org.springframework.boot.context.properties.bind.Binder.bindAggregate(Lorg/springframework/boot/context/properties/source/ConfigurationPropertyName;Lorg/springframework/boot/context/properties/bind/Bindable;Lorg/springframework/boot/context/properties/bind/BindHandler;Lorg/springframework/boot/context/properties/bind/Binder$Context;Lorg/springframework/boot/context/properties/bind/AggregateBinder;)Ljava/lang/Object;+26
j  org.springframework.boot.context.properties.bind.Binder.bindObject(Lorg/springframework/boot/context/properties/source/ConfigurationPropertyName;Lorg/springframework/boot/context/properties/bind/Bindable;Lorg/springframework/boot/context/properties/bind/BindHandler;Lorg/springframework/boot/context/properties/bind/Binder$Context;Z)Ljava/lang/Object;+60
j  org.springframework.boot.context.properties.bind.Binder.bind(Lorg/springframework/boot/context/properties/source/ConfigurationPropertyName;Lorg/springframework/boot/context/properties/bind/Bindable;Lorg/springframework/boot/context/properties/bind/BindHandler;Lorg/springframework/boot/context/properties/bind/Binder$Context;ZZ)Ljava/lang/Object;+41
j  org.springframework.boot.context.properties.bind.Binder.bind(Lorg/springframework/boot/context/properties/source/ConfigurationPropertyName;Lorg/springframework/boot/context/properties/bind/Bindable;Lorg/springframework/boot/context/properties/bind/BindHandler;Z)Ljava/lang/Object;+44
j  org.springframework.boot.context.properties.bind.Binder.bind(Lorg/springframework/boot/context/properties/source/ConfigurationPropertyName;Lorg/springframework/boot/context/properties/bind/Bindable;Lorg/springframework/boot/context/properties/bind/BindHandler;)Lorg/springframework/boot/context/properties/bind/BindResult;+5
j  org.springframework.boot.context.properties.bind.Binder.bind(Ljava/lang/String;Lorg/springframework/boot/context/properties/bind/Bindable;)Lorg/springframework/boot/context/properties/bind/BindResult;+7
j  org.springframework.boot.context.properties.bind.Binder.bind(Ljava/lang/String;Ljava/lang/Class;)Lorg/springframework/boot/context/properties/bind/BindResult;+6
j  org.springframework.boot.context.config.StandardConfigDataLocationResolver.getConfigNames(Lorg/springframework/boot/context/properties/bind/Binder;)[Ljava/lang/String;+5
j  org.springframework.boot.context.config.StandardConfigDataLocationResolver.<init>(Lorg/apache/commons/logging/Log;Lorg/springframework/boot/context/properties/bind/Binder;Lorg/springframework/core/io/ResourceLoader;)V+28
v  ~StubRoutines::call_stub
J 1660  jdk.internal.reflect.NativeConstructorAccessorImpl.newInstance0(Ljava/lang/reflect/Constructor;[Ljava/lang/Object;)Ljava/lang/Object; java.base@17.0.4 (0 bytes) @ 0x0000015a839f6c86 [0x0000015a839f6c20+0x0000000000000066]
J 1659 c1 jdk.internal.reflect.NativeConstructorAccessorImpl.newInstance([Ljava/lang/Object;)Ljava/lang/Object; java.base@17.0.4 (122 bytes) @ 0x0000015a839f741c [0x0000015a839f7180+0x000000000000029c]
J 1112 c1 jdk.internal.reflect.DelegatingConstructorAccessorImpl.newInstance([Ljava/lang/Object;)Ljava/lang/Object; java.base@17.0.4 (9 bytes) @ 0x0000015a8390e664 [0x0000015a8390e620+0x0000000000000044]
J 1150 c1 java.lang.reflect.Constructor.newInstanceWithCaller([Ljava/lang/Object;ZLjava/lang/Class;)Ljava/lang/Object; java.base@17.0.4 (75 bytes) @ 0x0000015a8391e0ac [0x0000015a8391dfe0+0x00000000000000cc]
J 1110 c1 java.lang.reflect.Constructor.newInstance([Ljava/lang/Object;)Ljava/lang/Object; java.base@17.0.4 (34 bytes) @ 0x0000015a8390dc4c [0x0000015a8390dbc0+0x000000000000008c]
j  org.springframework.boot.util.Instantiator.instantiate(Ljava/lang/Class;)Ljava/lang/Object;+59
j  org.springframework.boot.util.Instantiator.instantiate(Lorg/springframework/boot/util/Instantiator$TypeSupplier;)Ljava/lang/Object;+17
j  org.springframework.boot.util.Instantiator$$Lambda$191+0x000000010021e418.apply(Ljava/lang/Object;)Ljava/lang/Object;+8
j  java.util.stream.ReferencePipeline$3$1.accept(Ljava/lang/Object;)V+12 java.base@17.0.4
j  java.util.stream.ReferencePipeline$3$1.accept(Ljava/lang/Object;)V+17 java.base@17.0.4
j  java.util.ArrayList$ArrayListSpliterator.forEachRemaining(Ljava/util/function/Consumer;)V+95 java.base@17.0.4
J 1685 c1 java.util.stream.AbstractPipeline.copyInto(Ljava/util/stream/Sink;Ljava/util/Spliterator;)V java.base@17.0.4 (54 bytes) @ 0x0000015a83a01544 [0x0000015a83a01480+0x00000000000000c4]
J 1683 c1 java.util.stream.AbstractPipeline.wrapAndCopyInto(Ljava/util/stream/Sink;Ljava/util/Spliterator;)Ljava/util/stream/Sink; java.base@17.0.4 (18 bytes) @ 0x0000015a83a00af4 [0x0000015a83a00a40+0x00000000000000b4]
j  java.util.stream.ReduceOps$ReduceOp.evaluateSequential(Ljava/util/stream/PipelineHelper;Ljava/util/Spliterator;)Ljava/lang/Object;+6 java.base@17.0.4
J 1688 c1 java.util.stream.AbstractPipeline.evaluate(Ljava/util/stream/TerminalOp;)Ljava/lang/Object; java.base@17.0.4 (94 bytes) @ 0x0000015a83a02674 [0x0000015a83a02580+0x00000000000000f4]
j  java.util.stream.ReferencePipeline.collect(Ljava/util/stream/Collector;)Ljava/lang/Object;+86 java.base@17.0.4
j  org.springframework.boot.util.Instantiator.instantiate(Ljava/util/stream/Stream;)Ljava/util/List;+15
j  org.springframework.boot.util.Instantiator.instantiate(Ljava/lang/ClassLoader;Ljava/util/Collection;)Ljava/util/List;+24
j  org.springframework.boot.context.config.ConfigDataLocationResolvers.<init>(Lorg/springframework/boot/logging/DeferredLogFactory;Lorg/springframework/boot/ConfigurableBootstrapContext;Lorg/springframework/boot/context/properties/bind/Binder;Lorg/springframework/core/io/ResourceLoader;Ljava/util/List;)V+38
j  org.springframework.boot.context.config.ConfigDataLocationResolvers.<init>(Lorg/springframework/boot/logging/DeferredLogFactory;Lorg/springframework/boot/ConfigurableBootstrapContext;Lorg/springframework/boot/context/properties/bind/Binder;Lorg/springframework/core/io/ResourceLoader;)V+18
j  org.springframework.boot.context.config.ConfigDataEnvironment.createConfigDataLocationResolvers(Lorg/springframework/boot/logging/DeferredLogFactory;Lorg/springframework/boot/ConfigurableBootstrapContext;Lorg/springframework/boot/context/properties/bind/Binder;Lorg/springframework/core/io/ResourceLoader;)Lorg/springframework/boot/context/config/ConfigDataLocationResolvers;+9
j  org.springframework.boot.context.config.ConfigDataEnvironment.<init>(Lorg/springframework/boot/logging/DeferredLogFactory;Lorg/springframework/boot/ConfigurableBootstrapContext;Lorg/springframework/core/env/ConfigurableEnvironment;Lorg/springframework/core/io/ResourceLoader;Ljava/util/Collection;Lorg/springframework/boot/context/config/ConfigDataEnvironmentUpdateListener;)V+74
j  org.springframework.boot.context.config.ConfigDataEnvironmentPostProcessor.getConfigDataEnvironment(Lorg/springframework/core/env/ConfigurableEnvironment;Lorg/springframework/core/io/ResourceLoader;Ljava/util/Collection;)Lorg/springframework/boot/context/config/ConfigDataEnvironment;+19
j  org.springframework.boot.context.config.ConfigDataEnvironmentPostProcessor.postProcessEnvironment(Lorg/springframework/core/env/ConfigurableEnvironment;Lorg/springframework/core/io/ResourceLoader;Ljava/util/Collection;)V+31
j  org.springframework.boot.context.config.ConfigDataEnvironmentPostProcessor.postProcessEnvironment(Lorg/springframework/core/env/ConfigurableEnvironment;Lorg/springframework/boot/SpringApplication;)V+10
j  org.springframework.boot.env.EnvironmentPostProcessorApplicationListener.onApplicationEnvironmentPreparedEvent(Lorg/springframework/boot/context/event/ApplicationEnvironmentPreparedEvent;)V+55
j  org.springframework.boot.env.EnvironmentPostProcessorApplicationListener.onApplicationEvent(Lorg/springframework/context/ApplicationEvent;)V+12
j  org.springframework.context.event.SimpleApplicationEventMulticaster.doInvokeListener(Lorg/springframework/context/ApplicationListener;Lorg/springframework/context/ApplicationEvent;)V+2
j  org.springframework.context.event.SimpleApplicationEventMulticaster.invokeListener(Lorg/springframework/context/ApplicationListener;Lorg/springframework/context/ApplicationEvent;)V+34
j  org.springframework.context.event.SimpleApplicationEventMulticaster.multicastEvent(Lorg/springframework/context/ApplicationEvent;Lorg/springframework/core/ResolvableType;)V+83
j  org.springframework.context.event.SimpleApplicationEventMulticaster.multicastEvent(Lorg/springframework/context/ApplicationEvent;)V+7
j  org.springframework.boot.context.event.EventPublishingRunListener.environmentPrepared(Lorg/springframework/boot/ConfigurableBootstrapContext;Lorg/springframework/core/env/ConfigurableEnvironment;)V+21
j  org.springframework.boot.SpringApplicationRunListeners.lambda$environmentPrepared$2(Lorg/springframework/boot/ConfigurableBootstrapContext;Lorg/springframework/core/env/ConfigurableEnvironment;Lorg/springframework/boot/SpringApplicationRunListener;)V+3
j  org.springframework.boot.SpringApplicationRunListeners$$Lambda$171+0x0000000100216000.accept(Ljava/lang/Object;)V+12
j  java.util.ArrayList.forEach(Ljava/util/function/Consumer;)V+46 java.base@17.0.4
j  org.springframework.boot.SpringApplicationRunListeners.doWithListeners(Ljava/lang/String;Ljava/util/function/Consumer;Ljava/util/function/Consumer;)V+17
j  org.springframework.boot.SpringApplicationRunListeners.doWithListeners(Ljava/lang/String;Ljava/util/function/Consumer;)V+4
j  org.springframework.boot.SpringApplicationRunListeners.environmentPrepared(Lorg/springframework/boot/ConfigurableBootstrapContext;Lorg/springframework/core/env/ConfigurableEnvironment;)V+10
j  org.springframework.boot.SpringApplication.prepareEnvironment(Lorg/springframework/boot/SpringApplicationRunListeners;Lorg/springframework/boot/DefaultBootstrapContext;Lorg/springframework/boot/ApplicationArguments;)Lorg/springframework/core/env/ConfigurableEnvironment;+27
j  org.springframework.boot.SpringApplication.run([Ljava/lang/String;)Lorg/springframework/context/ConfigurableApplicationContext;+52
j  org.springframework.boot.SpringApplication.run([Ljava/lang/Class;[Ljava/lang/String;)Lorg/springframework/context/ConfigurableApplicationContext;+9
j  org.springframework.boot.SpringApplication.run(Ljava/lang/Class;[Ljava/lang/String;)Lorg/springframework/context/ConfigurableApplicationContext;+9
j  com.gate.GatewayServiceApplication.main([Ljava/lang/String;)V+3
v  ~StubRoutines::call_stub

---------------  P R O C E S S  ---------------

Threads class SMR info:
_java_thread_list=0x0000015a8eb1eda0, length=21, elements={
0x0000015afeaa4040, 0x0000015aff6339e0, 0x0000015aff6351e0, 0x0000015aff64c4d0,
0x0000015aff64d050, 0x0000015aff67d390, 0x0000015aff6818f0, 0x0000015aff6825b0,
0x0000015a8d01f020, 0x0000015aff5d6d30, 0x0000015aff5d75b0, 0x0000015a8d1dcdd0,
0x0000015a8d9942a0, 0x0000015a8da21030, 0x0000015a8da3a9d0, 0x0000015a8da7fa10,
0x0000015a8da7f030, 0x0000015a8daadfe0, 0x0000015a8db293e0, 0x0000015a8db298b0,
0x0000015a8db28f10
}

Java Threads: ( => current thread )
=>0x0000015afeaa4040 JavaThread "main" [_thread_in_vm, id=12204, stack(0x00000038b0800000,0x00000038b0900000)]
  0x0000015aff6339e0 JavaThread "Reference Handler" daemon [_thread_blocked, id=8500, stack(0x00000038b0f00000,0x00000038b1000000)]
  0x0000015aff6351e0 JavaThread "Finalizer" daemon [_thread_blocked, id=13860, stack(0x00000038b1000000,0x00000038b1100000)]
  0x0000015aff64c4d0 JavaThread "Signal Dispatcher" daemon [_thread_blocked, id=12116, stack(0x00000038b1100000,0x00000038b1200000)]
  0x0000015aff64d050 JavaThread "Attach Listener" daemon [_thread_blocked, id=11280, stack(0x00000038b1200000,0x00000038b1300000)]
  0x0000015aff67d390 JavaThread "Service Thread" daemon [_thread_blocked, id=13808, stack(0x00000038b1300000,0x00000038b1400000)]
  0x0000015aff6818f0 JavaThread "Monitor Deflation Thread" daemon [_thread_blocked, id=5376, stack(0x00000038b1400000,0x00000038b1500000)]
  0x0000015aff6825b0 JavaThread "C1 CompilerThread0" daemon [_thread_blocked, id=12812, stack(0x00000038b1500000,0x00000038b1600000)]
  0x0000015a8d01f020 JavaThread "Sweeper thread" daemon [_thread_blocked, id=1188, stack(0x00000038b1600000,0x00000038b1700000)]
  0x0000015aff5d6d30 JavaThread "Common-Cleaner" daemon [_thread_blocked, id=11172, stack(0x00000038b1700000,0x00000038b1800000)]
  0x0000015aff5d75b0 JavaThread "C1 CompilerThread1" daemon [_thread_blocked, id=7764, stack(0x00000038b1800000,0x00000038b1900000)]
  0x0000015a8d1dcdd0 JavaThread "Notification Thread" daemon [_thread_blocked, id=15288, stack(0x00000038b1900000,0x00000038b1a00000)]
  0x0000015a8d9942a0 JavaThread "RMI TCP Accept-0" daemon [_thread_in_native, id=15308, stack(0x00000038b1b00000,0x00000038b1c00000)]
  0x0000015a8da21030 JavaThread "RMI TCP Accept-54886" daemon [_thread_in_native, id=5740, stack(0x00000038b1d00000,0x00000038b1e00000)]
  0x0000015a8da3a9d0 JavaThread "RMI TCP Accept-0" daemon [_thread_in_native, id=13160, stack(0x00000038b1c00000,0x00000038b1d00000)]
  0x0000015a8da7fa10 JavaThread "RMI TCP Connection(1)-127.0.0.1" daemon [_thread_in_native, id=10572, stack(0x00000038b1f00000,0x00000038b2000000)]
  0x0000015a8da7f030 JavaThread "RMI Scheduler(0)" daemon [_thread_blocked, id=10108, stack(0x00000038b2000000,0x00000038b2100000)]
  0x0000015a8daadfe0 JavaThread "JMX server connection timeout 19" daemon [_thread_blocked, id=6536, stack(0x00000038b2100000,0x00000038b2200000)]
  0x0000015a8db293e0 JavaThread "RMI TCP Connection(2)-127.0.0.1" daemon [_thread_in_native, id=9488, stack(0x00000038b2200000,0x00000038b2300000)]
  0x0000015a8db298b0 JavaThread "RMI TCP Connection(3)-127.0.0.1" daemon [_thread_in_native, id=2572, stack(0x00000038b2300000,0x00000038b2400000)]
  0x0000015a8db28f10 JavaThread "JMX server connection timeout 22" daemon [_thread_blocked, id=9712, stack(0x00000038b2400000,0x00000038b2500000)]

Other Threads:
  0x0000015aff5f0f80 VMThread "VM Thread" [stack: 0x00000038b0e00000,0x00000038b0f00000] [id=9952]
  0x0000015a8da3aea0 WatcherThread [stack: 0x00000038b1e00000,0x00000038b1f00000] [id=9852]
  0x0000015afeb021b0 GCTaskThread "GC Thread#0" [stack: 0x00000038b0900000,0x00000038b0a00000] [id=10812]
  0x0000015a8d3f6d40 GCTaskThread "GC Thread#1" [stack: 0x00000038b1a00000,0x00000038b1b00000] [id=10200]
  0x0000015afeb13000 ConcurrentGCThread "G1 Main Marker" [stack: 0x00000038b0a00000,0x00000038b0b00000] [id=3956]
  0x0000015afeb14200 ConcurrentGCThread "G1 Conc#0" [stack: 0x00000038b0b00000,0x00000038b0c00000] [id=10336]
  0x0000015afeb6d900 ConcurrentGCThread "G1 Refine#0" [stack: 0x00000038b0c00000,0x00000038b0d00000] [id=7356]
  0x0000015afeb6eb10 ConcurrentGCThread "G1 Service" [stack: 0x00000038b0d00000,0x00000038b0e00000] [id=8128]

Threads with active compile tasks:

VM state: not at safepoint (normal execution)

VM Mutex/Monitor currently owned by a thread:  ([mutex/lock_event])
[0x0000015afea9ecc0] Metaspace_lock - owner thread: 0x0000015afeaa4040

Heap address: 0x0000000080000000, size: 2048 MB, Compressed Oops mode: 32-bit

CDS archive(s) not mapped
Compressed class space mapped at: 0x0000000100000000-0x0000000140000000, reserved size: 1073741824
Narrow klass base: 0x0000000000000000, Narrow klass shift: 3, Narrow klass range: 0x140000000

GC Precious Log:
 CPUs: 2 total, 2 available
 Memory: 8190M
 Large Page Support: Disabled
 NUMA Support: Disabled
 Compressed Oops: Enabled (32-bit)
 Heap Region Size: 1M
 Heap Min Capacity: 8M
 Heap Initial Capacity: 128M
 Heap Max Capacity: 2G
 Pre-touch: Disabled
 Parallel Workers: 2
 Concurrent Workers: 1
 Concurrent Refinement Workers: 2
 Periodic GC: Disabled

Heap:
 garbage-first heap   total 131072K, used 15262K [0x0000000080000000, 0x0000000100000000)
  region size 1024K, 9 young (9216K), 2 survivors (2048K)
 Metaspace       used 18989K, committed 19264K, reserved 1073152K
  class space    used 2108K, committed 2240K, reserved 1048576K

Heap Regions: E=young(eden), S=young(survivor), O=old, HS=humongous(starts), HC=humongous(continues), CS=collection set, F=free, OA=open archive, CA=closed archive, TAMS=top-at-mark-start (previous, next)
|   0|0x0000000080000000, 0x0000000080100000, 0x0000000080100000|100%| O|  |TAMS 0x0000000080000000, 0x0000000080000000| Untracked 
|   1|0x0000000080100000, 0x0000000080200000, 0x0000000080200000|100%| O|  |TAMS 0x0000000080100000, 0x0000000080100000| Untracked 
|   2|0x0000000080200000, 0x0000000080300000, 0x0000000080300000|100%| O|  |TAMS 0x0000000080200000, 0x0000000080200000| Untracked 
|   3|0x0000000080300000, 0x0000000080400000, 0x0000000080400000|100%| O|  |TAMS 0x0000000080300000, 0x0000000080300000| Untracked 
|   4|0x0000000080400000, 0x0000000080500000, 0x0000000080500000|100%| O|  |TAMS 0x0000000080400000, 0x0000000080400000| Untracked 
|   5|0x0000000080500000, 0x0000000080600000, 0x0000000080600000|100%| O|  |TAMS 0x0000000080500000, 0x0000000080500000| Untracked 
|   6|0x0000000080600000, 0x00000000806e7800, 0x0000000080700000| 90%| O|  |TAMS 0x0000000080600000, 0x0000000080600000| Untracked 
|   7|0x0000000080700000, 0x0000000080700000, 0x0000000080800000|  0%| F|  |TAMS 0x0000000080700000, 0x0000000080700000| Untracked 
|   8|0x0000000080800000, 0x0000000080800000, 0x0000000080900000|  0%| F|  |TAMS 0x0000000080800000, 0x0000000080800000| Untracked 
|   9|0x0000000080900000, 0x0000000080900000, 0x0000000080a00000|  0%| F|  |TAMS 0x0000000080900000, 0x0000000080900000| Untracked 
|  10|0x0000000080a00000, 0x0000000080a00000, 0x0000000080b00000|  0%| F|  |TAMS 0x0000000080a00000, 0x0000000080a00000| Untracked 
|  11|0x0000000080b00000, 0x0000000080b00000, 0x0000000080c00000|  0%| F|  |TAMS 0x0000000080b00000, 0x0000000080b00000| Untracked 
|  12|0x0000000080c00000, 0x0000000080c00000, 0x0000000080d00000|  0%| F|  |TAMS 0x0000000080c00000, 0x0000000080c00000| Untracked 
|  13|0x0000000080d00000, 0x0000000080d00000, 0x0000000080e00000|  0%| F|  |TAMS 0x0000000080d00000, 0x0000000080d00000| Untracked 
|  14|0x0000000080e00000, 0x0000000080e00000, 0x0000000080f00000|  0%| F|  |TAMS 0x0000000080e00000, 0x0000000080e00000| Untracked 
|  15|0x0000000080f00000, 0x0000000080f00000, 0x0000000081000000|  0%| F|  |TAMS 0x0000000080f00000, 0x0000000080f00000| Untracked 
|  16|0x0000000081000000, 0x0000000081000000, 0x0000000081100000|  0%| F|  |TAMS 0x0000000081000000, 0x0000000081000000| Untracked 
|  17|0x0000000081100000, 0x0000000081100000, 0x0000000081200000|  0%| F|  |TAMS 0x0000000081100000, 0x0000000081100000| Untracked 
|  18|0x0000000081200000, 0x0000000081200000, 0x0000000081300000|  0%| F|  |TAMS 0x0000000081200000, 0x0000000081200000| Untracked 
|  19|0x0000000081300000, 0x0000000081300000, 0x0000000081400000|  0%| F|  |TAMS 0x0000000081300000, 0x0000000081300000| Untracked 
|  20|0x0000000081400000, 0x0000000081400000, 0x0000000081500000|  0%| F|  |TAMS 0x0000000081400000, 0x0000000081400000| Untracked 
|  21|0x0000000081500000, 0x0000000081500000, 0x0000000081600000|  0%| F|  |TAMS 0x0000000081500000, 0x0000000081500000| Untracked 
|  22|0x0000000081600000, 0x0000000081600000, 0x0000000081700000|  0%| F|  |TAMS 0x0000000081600000, 0x0000000081600000| Untracked 
|  23|0x0000000081700000, 0x0000000081700000, 0x0000000081800000|  0%| F|  |TAMS 0x0000000081700000, 0x0000000081700000| Untracked 
|  24|0x0000000081800000, 0x0000000081800000, 0x0000000081900000|  0%| F|  |TAMS 0x0000000081800000, 0x0000000081800000| Untracked 
|  25|0x0000000081900000, 0x0000000081900000, 0x0000000081a00000|  0%| F|  |TAMS 0x0000000081900000, 0x0000000081900000| Untracked 
|  26|0x0000000081a00000, 0x0000000081a00000, 0x0000000081b00000|  0%| F|  |TAMS 0x0000000081a00000, 0x0000000081a00000| Untracked 
|  27|0x0000000081b00000, 0x0000000081b00000, 0x0000000081c00000|  0%| F|  |TAMS 0x0000000081b00000, 0x0000000081b00000| Untracked 
|  28|0x0000000081c00000, 0x0000000081c00000, 0x0000000081d00000|  0%| F|  |TAMS 0x0000000081c00000, 0x0000000081c00000| Untracked 
|  29|0x0000000081d00000, 0x0000000081d00000, 0x0000000081e00000|  0%| F|  |TAMS 0x0000000081d00000, 0x0000000081d00000| Untracked 
|  30|0x0000000081e00000, 0x0000000081e00000, 0x0000000081f00000|  0%| F|  |TAMS 0x0000000081e00000, 0x0000000081e00000| Untracked 
|  31|0x0000000081f00000, 0x0000000081f00000, 0x0000000082000000|  0%| F|  |TAMS 0x0000000081f00000, 0x0000000081f00000| Untracked 
|  32|0x0000000082000000, 0x0000000082000000, 0x0000000082100000|  0%| F|  |TAMS 0x0000000082000000, 0x0000000082000000| Untracked 
|  33|0x0000000082100000, 0x0000000082100000, 0x0000000082200000|  0%| F|  |TAMS 0x0000000082100000, 0x0000000082100000| Untracked 
|  34|0x0000000082200000, 0x0000000082200000, 0x0000000082300000|  0%| F|  |TAMS 0x0000000082200000, 0x0000000082200000| Untracked 
|  35|0x0000000082300000, 0x0000000082300000, 0x0000000082400000|  0%| F|  |TAMS 0x0000000082300000, 0x0000000082300000| Untracked 
|  36|0x0000000082400000, 0x0000000082400000, 0x0000000082500000|  0%| F|  |TAMS 0x0000000082400000, 0x0000000082400000| Untracked 
|  37|0x0000000082500000, 0x0000000082500000, 0x0000000082600000|  0%| F|  |TAMS 0x0000000082500000, 0x0000000082500000| Untracked 
|  38|0x0000000082600000, 0x0000000082600000, 0x0000000082700000|  0%| F|  |TAMS 0x0000000082600000, 0x0000000082600000| Untracked 
|  39|0x0000000082700000, 0x0000000082700000, 0x0000000082800000|  0%| F|  |TAMS 0x0000000082700000, 0x0000000082700000| Untracked 
|  40|0x0000000082800000, 0x0000000082800000, 0x0000000082900000|  0%| F|  |TAMS 0x0000000082800000, 0x0000000082800000| Untracked 
|  41|0x0000000082900000, 0x0000000082900000, 0x0000000082a00000|  0%| F|  |TAMS 0x0000000082900000, 0x0000000082900000| Untracked 
|  42|0x0000000082a00000, 0x0000000082a00000, 0x0000000082b00000|  0%| F|  |TAMS 0x0000000082a00000, 0x0000000082a00000| Untracked 
|  43|0x0000000082b00000, 0x0000000082b00000, 0x0000000082c00000|  0%| F|  |TAMS 0x0000000082b00000, 0x0000000082b00000| Untracked 
|  44|0x0000000082c00000, 0x0000000082c00000, 0x0000000082d00000|  0%| F|  |TAMS 0x0000000082c00000, 0x0000000082c00000| Untracked 
|  45|0x0000000082d00000, 0x0000000082d00000, 0x0000000082e00000|  0%| F|  |TAMS 0x0000000082d00000, 0x0000000082d00000| Untracked 
|  46|0x0000000082e00000, 0x0000000082e00000, 0x0000000082f00000|  0%| F|  |TAMS 0x0000000082e00000, 0x0000000082e00000| Untracked 
|  47|0x0000000082f00000, 0x0000000082f00000, 0x0000000083000000|  0%| F|  |TAMS 0x0000000082f00000, 0x0000000082f00000| Untracked 
|  48|0x0000000083000000, 0x0000000083000000, 0x0000000083100000|  0%| F|  |TAMS 0x0000000083000000, 0x0000000083000000| Untracked 
|  49|0x0000000083100000, 0x0000000083100000, 0x0000000083200000|  0%| F|  |TAMS 0x0000000083100000, 0x0000000083100000| Untracked 
|  50|0x0000000083200000, 0x0000000083200000, 0x0000000083300000|  0%| F|  |TAMS 0x0000000083200000, 0x0000000083200000| Untracked 
|  51|0x0000000083300000, 0x0000000083300000, 0x0000000083400000|  0%| F|  |TAMS 0x0000000083300000, 0x0000000083300000| Untracked 
|  52|0x0000000083400000, 0x0000000083400000, 0x0000000083500000|  0%| F|  |TAMS 0x0000000083400000, 0x0000000083400000| Untracked 
|  53|0x0000000083500000, 0x0000000083500000, 0x0000000083600000|  0%| F|  |TAMS 0x0000000083500000, 0x0000000083500000| Untracked 
|  54|0x0000000083600000, 0x0000000083600000, 0x0000000083700000|  0%| F|  |TAMS 0x0000000083600000, 0x0000000083600000| Untracked 
|  55|0x0000000083700000, 0x0000000083700000, 0x0000000083800000|  0%| F|  |TAMS 0x0000000083700000, 0x0000000083700000| Untracked 
|  56|0x0000000083800000, 0x0000000083800000, 0x0000000083900000|  0%| F|  |TAMS 0x0000000083800000, 0x0000000083800000| Untracked 
|  57|0x0000000083900000, 0x0000000083900000, 0x0000000083a00000|  0%| F|  |TAMS 0x0000000083900000, 0x0000000083900000| Untracked 
|  58|0x0000000083a00000, 0x0000000083a00000, 0x0000000083b00000|  0%| F|  |TAMS 0x0000000083a00000, 0x0000000083a00000| Untracked 
|  59|0x0000000083b00000, 0x0000000083b00000, 0x0000000083c00000|  0%| F|  |TAMS 0x0000000083b00000, 0x0000000083b00000| Untracked 
|  60|0x0000000083c00000, 0x0000000083c00000, 0x0000000083d00000|  0%| F|  |TAMS 0x0000000083c00000, 0x0000000083c00000| Untracked 
|  61|0x0000000083d00000, 0x0000000083d00000, 0x0000000083e00000|  0%| F|  |TAMS 0x0000000083d00000, 0x0000000083d00000| Untracked 
|  62|0x0000000083e00000, 0x0000000083e00000, 0x0000000083f00000|  0%| F|  |TAMS 0x0000000083e00000, 0x0000000083e00000| Untracked 
|  63|0x0000000083f00000, 0x0000000083f00000, 0x0000000084000000|  0%| F|  |TAMS 0x0000000083f00000, 0x0000000083f00000| Untracked 
|  64|0x0000000084000000, 0x0000000084000000, 0x0000000084100000|  0%| F|  |TAMS 0x0000000084000000, 0x0000000084000000| Untracked 
|  65|0x0000000084100000, 0x0000000084100000, 0x0000000084200000|  0%| F|  |TAMS 0x0000000084100000, 0x0000000084100000| Untracked 
|  66|0x0000000084200000, 0x0000000084200000, 0x0000000084300000|  0%| F|  |TAMS 0x0000000084200000, 0x0000000084200000| Untracked 
|  67|0x0000000084300000, 0x0000000084300000, 0x0000000084400000|  0%| F|  |TAMS 0x0000000084300000, 0x0000000084300000| Untracked 
|  68|0x0000000084400000, 0x0000000084400000, 0x0000000084500000|  0%| F|  |TAMS 0x0000000084400000, 0x0000000084400000| Untracked 
|  69|0x0000000084500000, 0x0000000084500000, 0x0000000084600000|  0%| F|  |TAMS 0x0000000084500000, 0x0000000084500000| Untracked 
|  70|0x0000000084600000, 0x0000000084600000, 0x0000000084700000|  0%| F|  |TAMS 0x0000000084600000, 0x0000000084600000| Untracked 
|  71|0x0000000084700000, 0x0000000084700000, 0x0000000084800000|  0%| F|  |TAMS 0x0000000084700000, 0x0000000084700000| Untracked 
|  72|0x0000000084800000, 0x0000000084800000, 0x0000000084900000|  0%| F|  |TAMS 0x0000000084800000, 0x0000000084800000| Untracked 
|  73|0x0000000084900000, 0x0000000084900000, 0x0000000084a00000|  0%| F|  |TAMS 0x0000000084900000, 0x0000000084900000| Untracked 
|  74|0x0000000084a00000, 0x0000000084a00000, 0x0000000084b00000|  0%| F|  |TAMS 0x0000000084a00000, 0x0000000084a00000| Untracked 
|  75|0x0000000084b00000, 0x0000000084b00000, 0x0000000084c00000|  0%| F|  |TAMS 0x0000000084b00000, 0x0000000084b00000| Untracked 
|  76|0x0000000084c00000, 0x0000000084c00000, 0x0000000084d00000|  0%| F|  |TAMS 0x0000000084c00000, 0x0000000084c00000| Untracked 
|  77|0x0000000084d00000, 0x0000000084d00000, 0x0000000084e00000|  0%| F|  |TAMS 0x0000000084d00000, 0x0000000084d00000| Untracked 
|  78|0x0000000084e00000, 0x0000000084e00000, 0x0000000084f00000|  0%| F|  |TAMS 0x0000000084e00000, 0x0000000084e00000| Untracked 
|  79|0x0000000084f00000, 0x0000000084f00000, 0x0000000085000000|  0%| F|  |TAMS 0x0000000084f00000, 0x0000000084f00000| Untracked 
|  80|0x0000000085000000, 0x0000000085000000, 0x0000000085100000|  0%| F|  |TAMS 0x0000000085000000, 0x0000000085000000| Untracked 
|  81|0x0000000085100000, 0x0000000085100000, 0x0000000085200000|  0%| F|  |TAMS 0x0000000085100000, 0x0000000085100000| Untracked 
|  82|0x0000000085200000, 0x0000000085200000, 0x0000000085300000|  0%| F|  |TAMS 0x0000000085200000, 0x0000000085200000| Untracked 
|  83|0x0000000085300000, 0x0000000085300000, 0x0000000085400000|  0%| F|  |TAMS 0x0000000085300000, 0x0000000085300000| Untracked 
|  84|0x0000000085400000, 0x0000000085400000, 0x0000000085500000|  0%| F|  |TAMS 0x0000000085400000, 0x0000000085400000| Untracked 
|  85|0x0000000085500000, 0x0000000085500000, 0x0000000085600000|  0%| F|  |TAMS 0x0000000085500000, 0x0000000085500000| Untracked 
|  86|0x0000000085600000, 0x0000000085600000, 0x0000000085700000|  0%| F|  |TAMS 0x0000000085600000, 0x0000000085600000| Untracked 
|  87|0x0000000085700000, 0x0000000085700000, 0x0000000085800000|  0%| F|  |TAMS 0x0000000085700000, 0x0000000085700000| Untracked 
|  88|0x0000000085800000, 0x0000000085800000, 0x0000000085900000|  0%| F|  |TAMS 0x0000000085800000, 0x0000000085800000| Untracked 
|  89|0x0000000085900000, 0x0000000085900000, 0x0000000085a00000|  0%| F|  |TAMS 0x0000000085900000, 0x0000000085900000| Untracked 
|  90|0x0000000085a00000, 0x0000000085a00000, 0x0000000085b00000|  0%| F|  |TAMS 0x0000000085a00000, 0x0000000085a00000| Untracked 
|  91|0x0000000085b00000, 0x0000000085b00000, 0x0000000085c00000|  0%| F|  |TAMS 0x0000000085b00000, 0x0000000085b00000| Untracked 
|  92|0x0000000085c00000, 0x0000000085c00000, 0x0000000085d00000|  0%| F|  |TAMS 0x0000000085c00000, 0x0000000085c00000| Untracked 
|  93|0x0000000085d00000, 0x0000000085d00000, 0x0000000085e00000|  0%| F|  |TAMS 0x0000000085d00000, 0x0000000085d00000| Untracked 
|  94|0x0000000085e00000, 0x0000000085e00000, 0x0000000085f00000|  0%| F|  |TAMS 0x0000000085e00000, 0x0000000085e00000| Untracked 
|  95|0x0000000085f00000, 0x0000000085f00000, 0x0000000086000000|  0%| F|  |TAMS 0x0000000085f00000, 0x0000000085f00000| Untracked 
|  96|0x0000000086000000, 0x0000000086000000, 0x0000000086100000|  0%| F|  |TAMS 0x0000000086000000, 0x0000000086000000| Untracked 
|  97|0x0000000086100000, 0x0000000086100000, 0x0000000086200000|  0%| F|  |TAMS 0x0000000086100000, 0x0000000086100000| Untracked 
|  98|0x0000000086200000, 0x0000000086200000, 0x0000000086300000|  0%| F|  |TAMS 0x0000000086200000, 0x0000000086200000| Untracked 
|  99|0x0000000086300000, 0x0000000086300000, 0x0000000086400000|  0%| F|  |TAMS 0x0000000086300000, 0x0000000086300000| Untracked 
| 100|0x0000000086400000, 0x0000000086400000, 0x0000000086500000|  0%| F|  |TAMS 0x0000000086400000, 0x0000000086400000| Untracked 
| 101|0x0000000086500000, 0x0000000086500000, 0x0000000086600000|  0%| F|  |TAMS 0x0000000086500000, 0x0000000086500000| Untracked 
| 102|0x0000000086600000, 0x0000000086600000, 0x0000000086700000|  0%| F|  |TAMS 0x0000000086600000, 0x0000000086600000| Untracked 
| 103|0x0000000086700000, 0x0000000086700000, 0x0000000086800000|  0%| F|  |TAMS 0x0000000086700000, 0x0000000086700000| Untracked 
| 104|0x0000000086800000, 0x0000000086800000, 0x0000000086900000|  0%| F|  |TAMS 0x0000000086800000, 0x0000000086800000| Untracked 
| 105|0x0000000086900000, 0x0000000086900000, 0x0000000086a00000|  0%| F|  |TAMS 0x0000000086900000, 0x0000000086900000| Untracked 
| 106|0x0000000086a00000, 0x0000000086a00000, 0x0000000086b00000|  0%| F|  |TAMS 0x0000000086a00000, 0x0000000086a00000| Untracked 
| 107|0x0000000086b00000, 0x0000000086b00000, 0x0000000086c00000|  0%| F|  |TAMS 0x0000000086b00000, 0x0000000086b00000| Untracked 
| 108|0x0000000086c00000, 0x0000000086c00000, 0x0000000086d00000|  0%| F|  |TAMS 0x0000000086c00000, 0x0000000086c00000| Untracked 
| 109|0x0000000086d00000, 0x0000000086d00000, 0x0000000086e00000|  0%| F|  |TAMS 0x0000000086d00000, 0x0000000086d00000| Untracked 
| 110|0x0000000086e00000, 0x0000000086e00000, 0x0000000086f00000|  0%| F|  |TAMS 0x0000000086e00000, 0x0000000086e00000| Untracked 
| 111|0x0000000086f00000, 0x0000000086f00000, 0x0000000087000000|  0%| F|  |TAMS 0x0000000086f00000, 0x0000000086f00000| Untracked 
| 112|0x0000000087000000, 0x0000000087000000, 0x0000000087100000|  0%| F|  |TAMS 0x0000000087000000, 0x0000000087000000| Untracked 
| 113|0x0000000087100000, 0x0000000087200000, 0x0000000087200000|100%| S|CS|TAMS 0x0000000087100000, 0x0000000087100000| Complete 
| 114|0x0000000087200000, 0x0000000087300000, 0x0000000087300000|100%| S|CS|TAMS 0x0000000087200000, 0x0000000087200000| Complete 
| 115|0x0000000087300000, 0x0000000087300000, 0x0000000087400000|  0%| F|  |TAMS 0x0000000087300000, 0x0000000087300000| Untracked 
| 116|0x0000000087400000, 0x0000000087400000, 0x0000000087500000|  0%| F|  |TAMS 0x0000000087400000, 0x0000000087400000| Untracked 
| 117|0x0000000087500000, 0x0000000087500000, 0x0000000087600000|  0%| F|  |TAMS 0x0000000087500000, 0x0000000087500000| Untracked 
| 118|0x0000000087600000, 0x0000000087600000, 0x0000000087700000|  0%| F|  |TAMS 0x0000000087600000, 0x0000000087600000| Untracked 
| 119|0x0000000087700000, 0x0000000087700000, 0x0000000087800000|  0%| F|  |TAMS 0x0000000087700000, 0x0000000087700000| Untracked 
| 120|0x0000000087800000, 0x0000000087800000, 0x0000000087900000|  0%| F|  |TAMS 0x0000000087800000, 0x0000000087800000| Untracked 
| 121|0x0000000087900000, 0x0000000087a00000, 0x0000000087a00000|100%| E|  |TAMS 0x0000000087900000, 0x0000000087900000| Complete 
| 122|0x0000000087a00000, 0x0000000087b00000, 0x0000000087b00000|100%| E|CS|TAMS 0x0000000087a00000, 0x0000000087a00000| Complete 
| 123|0x0000000087b00000, 0x0000000087c00000, 0x0000000087c00000|100%| E|CS|TAMS 0x0000000087b00000, 0x0000000087b00000| Complete 
| 124|0x0000000087c00000, 0x0000000087d00000, 0x0000000087d00000|100%| E|CS|TAMS 0x0000000087c00000, 0x0000000087c00000| Complete 
| 125|0x0000000087d00000, 0x0000000087e00000, 0x0000000087e00000|100%| E|CS|TAMS 0x0000000087d00000, 0x0000000087d00000| Complete 
| 126|0x0000000087e00000, 0x0000000087f00000, 0x0000000087f00000|100%| E|CS|TAMS 0x0000000087e00000, 0x0000000087e00000| Complete 
| 127|0x0000000087f00000, 0x0000000088000000, 0x0000000088000000|100%| E|CS|TAMS 0x0000000087f00000, 0x0000000087f00000| Complete 

Card table byte_map: [0x0000015afeb70000,0x0000015afef70000] _byte_map_base: 0x0000015afe770000

Marking Bits (Prev, Next): (CMBitMap*) 0x0000015afeb026d0, (CMBitMap*) 0x0000015afeb02710
 Prev Bits: [0x0000015a865f0000, 0x0000015a885f0000)
 Next Bits: [0x0000015a885f0000, 0x0000015a8a5f0000)

Polling page: 0x0000015afc940000

Metaspace:

Usage:
  Non-class:     16.49 MB used.
      Class:      2.06 MB used.
       Both:     18.54 MB used.

Virtual space:
  Non-class space:       24.00 MB reserved,      16.62 MB ( 69%) committed,  3 nodes.
      Class space:        1.00 GB reserved,       2.19 MB ( <1%) committed,  1 nodes.
             Both:        1.02 GB reserved,      18.81 MB (  2%) committed. 

Chunk freelists:
   Non-Class:  3.19 MB
       Class:  1.79 MB
        Both:  4.97 MB

MaxMetaspaceSize: unlimited
CompressedClassSpaceSize: 1.00 GB
Initial GC threshold: 21.00 MB
Current GC threshold: 21.00 MB
CDS: off
MetaspaceReclaimPolicy: balanced
 - commit_granule_bytes: 65536.
 - commit_granule_words: 8192.
 - virtual_space_node_default_size: 1048576.
 - enlarge_chunks_in_place: 1.
 - new_chunks_are_fully_committed: 0.
 - uncommit_free_chunks: 1.
 - use_allocation_guard: 0.
 - handle_deallocations: 1.


Internal statistics:

num_allocs_failed_limit: 0.
num_arena_births: 232.
num_arena_deaths: 0.
num_vsnodes_births: 4.
num_vsnodes_deaths: 0.
num_space_committed: 301.
num_space_uncommitted: 0.
num_chunks_returned_to_freelist: 0.
num_chunks_taken_from_freelist: 509.
num_chunk_merges: 0.
num_chunk_splits: 295.
num_chunks_enlarged: 167.
num_purges: 0.
num_inconsistent_stats: 0.

CodeCache: size=49152Kb used=4377Kb max_used=4377Kb free=44774Kb
 bounds [0x0000015a835f0000, 0x0000015a83a40000, 0x0000015a865f0000]
 total_blobs=2296 nmethods=1831 adapters=392
 compilation: enabled
              stopped_count=0, restarted_count=0
 full_count=0

Compilation events (20 events):
Event: 1.980 Thread 0x0000015aff6825b0 nmethod 1820 0x0000015a83a31f10 code [0x0000015a83a320a0, 0x0000015a83a32188]
Event: 1.980 Thread 0x0000015aff6825b0 1821       1       jdk.internal.org.objectweb.asm.FieldVisitor::<init> (88 bytes)
Event: 1.980 Thread 0x0000015aff5d75b0 1822       1       jdk.internal.org.objectweb.asm.FieldWriter::computeFieldInfoSize (86 bytes)
Event: 1.980 Thread 0x0000015aff5d75b0 nmethod 1822 0x0000015a83a32210 code [0x0000015a83a323e0, 0x0000015a83a325b8]
Event: 1.980 Thread 0x0000015aff5d75b0 1823       1       jdk.internal.org.objectweb.asm.FieldWriter::putFieldInfo (269 bytes)
Event: 1.980 Thread 0x0000015aff6825b0 nmethod 1821 0x0000015a83a32710 code [0x0000015a83a32900, 0x0000015a83a32da8]
Event: 1.981 Thread 0x0000015aff5d75b0 nmethod 1823 0x0000015a83a32f90 code [0x0000015a83a331c0, 0x0000015a83a335c8]
Event: 1.982 Thread 0x0000015aff6825b0 1824       1       java.lang.reflect.Constructor::getRoot (5 bytes)
Event: 1.982 Thread 0x0000015aff6825b0 nmethod 1824 0x0000015a83a33910 code [0x0000015a83a33aa0, 0x0000015a83a33b78]
Event: 1.985 Thread 0x0000015aff5d75b0 1826       1       jdk.internal.org.objectweb.asm.MethodWriter::visitAnnotation (40 bytes)
Event: 1.985 Thread 0x0000015aff6825b0 1827       1       jdk.internal.org.objectweb.asm.AnnotationWriter::create (34 bytes)
Event: 1.986 Thread 0x0000015aff6825b0 nmethod 1827 0x0000015a83a33f10 code [0x0000015a83a340e0, 0x0000015a83a343f8]
Event: 1.986 Thread 0x0000015aff6825b0 1828       1       jdk.internal.org.objectweb.asm.AnnotationWriter::<init> (60 bytes)
Event: 1.986 Thread 0x0000015aff5d75b0 nmethod 1826 0x0000015a83a34590 code [0x0000015a83a347c0, 0x0000015a83a34eb8]
Event: 1.986 Thread 0x0000015aff5d75b0 1829       1       jdk.internal.org.objectweb.asm.AnnotationVisitor::<init> (7 bytes)
Event: 1.986 Thread 0x0000015aff6825b0 nmethod 1828 0x0000015a83a35190 code [0x0000015a83a35340, 0x0000015a83a35608]
Event: 1.986 Thread 0x0000015aff5d75b0 nmethod 1829 0x0000015a83a35710 code [0x0000015a83a358a0, 0x0000015a83a35988]
Event: 1.986 Thread 0x0000015aff6825b0 1830       1       jdk.internal.org.objectweb.asm.AnnotationVisitor::<init> (88 bytes)
Event: 1.986 Thread 0x0000015aff5d75b0 1831       1       jdk.internal.org.objectweb.asm.AnnotationWriter::visitEnd (44 bytes)
Event: 1.986 Thread 0x0000015aff5d75b0 nmethod 1831 0x0000015a83a35a10 code [0x0000015a83a35ba0, 0x0000015a83a35cd8]

GC Heap History (8 events):
Event: 0.533 GC heap before
{Heap before GC invocations=0 (full 0):
 garbage-first heap   total 131072K, used 6144K [0x0000000080000000, 0x0000000100000000)
  region size 1024K, 6 young (6144K), 0 survivors (0K)
 Metaspace       used 6205K, committed 6336K, reserved 1056768K
  class space    used 531K, committed 576K, reserved 1048576K
}
Event: 0.538 GC heap after
{Heap after GC invocations=1 (full 0):
 garbage-first heap   total 131072K, used 3543K [0x0000000080000000, 0x0000000100000000)
  region size 1024K, 1 young (1024K), 1 survivors (1024K)
 Metaspace       used 6205K, committed 6336K, reserved 1056768K
  class space    used 531K, committed 576K, reserved 1048576K
}
Event: 0.787 GC heap before
{Heap before GC invocations=1 (full 0):
 garbage-first heap   total 131072K, used 8663K [0x0000000080000000, 0x0000000100000000)
  region size 1024K, 6 young (6144K), 1 survivors (1024K)
 Metaspace       used 9188K, committed 9344K, reserved 1064960K
  class space    used 883K, committed 960K, reserved 1048576K
}
Event: 0.792 GC heap after
{Heap after GC invocations=2 (full 0):
 garbage-first heap   total 131072K, used 6228K [0x0000000080000000, 0x0000000100000000)
  region size 1024K, 1 young (1024K), 1 survivors (1024K)
 Metaspace       used 9188K, committed 9344K, reserved 1064960K
  class space    used 883K, committed 960K, reserved 1048576K
}
Event: 1.228 GC heap before
{Heap before GC invocations=2 (full 0):
 garbage-first heap   total 131072K, used 11348K [0x0000000080000000, 0x0000000100000000)
  region size 1024K, 7 young (7168K), 1 survivors (1024K)
 Metaspace       used 13534K, committed 13760K, reserved 1064960K
  class space    used 1402K, committed 1536K, reserved 1048576K
}
Event: 1.236 GC heap after
{Heap after GC invocations=3 (full 0):
 garbage-first heap   total 131072K, used 7600K [0x0000000080000000, 0x0000000100000000)
  region size 1024K, 1 young (1024K), 1 survivors (1024K)
 Metaspace       used 13534K, committed 13760K, reserved 1064960K
  class space    used 1402K, committed 1536K, reserved 1048576K
}
Event: 1.699 GC heap before
{Heap before GC invocations=3 (full 0):
 garbage-first heap   total 131072K, used 18864K [0x0000000080000000, 0x0000000100000000)
  region size 1024K, 13 young (13312K), 1 survivors (1024K)
 Metaspace       used 16986K, committed 17216K, reserved 1064960K
  class space    used 1834K, committed 1984K, reserved 1048576K
}
Event: 1.710 GC heap after
{Heap after GC invocations=4 (full 0):
 garbage-first heap   total 131072K, used 9118K [0x0000000080000000, 0x0000000100000000)
  region size 1024K, 2 young (2048K), 2 survivors (2048K)
 Metaspace       used 16986K, committed 17216K, reserved 1064960K
  class space    used 1834K, committed 1984K, reserved 1048576K
}

Deoptimization events (0 events):
No events

Classes unloaded (0 events):
No events

Classes redefined (0 events):
No events

Internal exceptions (20 events):
Event: 1.272 Thread 0x0000015a8da7fa10 Exception <a 'java/lang/reflect/InvocationTargetException'{0x0000000087e3e5e8}> (0x0000000087e3e5e8) 
thrown [s\src\hotspot\share\runtime\reflection.cpp, line 1121]
Event: 1.276 Thread 0x0000015afeaa4040 Exception <a 'java/lang/ClassNotFoundException'{0x0000000087f38418}: javax/smartcardio/CardPermission> (0x0000000087f38418) 
thrown [s\src\hotspot\share\classfile\systemDictionary.cpp, line 256]
Event: 1.277 Thread 0x0000015a8da7fa10 Exception <a 'java/lang/NoSuchMethodError'{0x0000000087e68f90}: static [Ljava/lang/StackTraceElement;.<clinit>()V> (0x0000000087e68f90) 
thrown [s\src\hotspot\share\prims\jni.cpp, line 1107]
Event: 1.284 Thread 0x0000015afeaa4040 Exception <a 'java/io/FileNotFoundException'{0x0000000087f46f50}> (0x0000000087f46f50) 
thrown [s\src\hotspot\share\prims\jni.cpp, line 516]
Event: 1.437 Thread 0x0000015afeaa4040 Exception <a 'java/lang/NoSuchMethodError'{0x0000000087bed808}: 'java.lang.Object java.lang.invoke.DirectMethodHandle$Holder.invokeSpecialIFC(java.lang.Object, java.lang.Object, java.lang.Object, java.lang.Object)'> (0x0000000087bed808) 
thrown [s\src\hotspot\share\interpreter\linkResolver.cpp, line 759]
Event: 1.456 Thread 0x0000015afeaa4040 Exception <a 'java/lang/NoSuchMethodError'{0x0000000087a7c078}: 'int java.lang.invoke.DirectMethodHandle$Holder.invokeStaticInit(java.lang.Object, java.lang.Object)'> (0x0000000087a7c078) 
thrown [s\src\hotspot\share\interpreter\linkResolver.cpp, line 759]
Event: 1.518 Thread 0x0000015a8db298b0 Exception <a 'java/lang/reflect/InvocationTargetException'{0x0000000087738708}> (0x0000000087738708) 
thrown [s\src\hotspot\share\runtime\reflection.cpp, line 1121]
Event: 1.544 Thread 0x0000015afeaa4040 Exception <a 'java/lang/NoSuchMethodError'{0x00000000877da4c0}: 'int java.lang.invoke.DirectMethodHandle$Holder.invokeStaticInit(java.lang.Object, java.lang.Object, java.lang.Object)'> (0x00000000877da4c0) 
thrown [s\src\hotspot\share\interpreter\linkResolver.cpp, line 759]
Event: 1.556 Thread 0x0000015afeaa4040 Exception <a 'java/lang/NoSuchMethodError'{0x0000000087630080}: 'java.lang.Object java.lang.invoke.DirectMethodHandle$Holder.newInvokeSpecial(java.lang.Object, java.lang.Object, java.lang.Object, java.lang.Object, java.lang.Object)'> (0x0000000087630080) 
thrown [s\src\hotspot\share\interpreter\linkResolver.cpp, line 759]
Event: 1.628 Thread 0x0000015afeaa4040 Exception <a 'sun/nio/fs/WindowsException'{0x00000000874441a8}> (0x00000000874441a8) 
thrown [s\src\hotspot\share\prims\jni.cpp, line 516]
Event: 1.784 Thread 0x0000015afeaa4040 Exception <a 'java/lang/NoSuchMethodError'{0x0000000087d3ea70}: 'void java.lang.invoke.DirectMethodHandle$Holder.invokeStatic(java.lang.Object, java.lang.Object, java.lang.Object, java.lang.Object)'> (0x0000000087d3ea70) 
thrown [s\src\hotspot\share\interpreter\linkResolver.cpp, line 759]
Event: 1.820 Thread 0x0000015afeaa4040 Exception <a 'java/lang/NoSuchMethodError'{0x0000000087c03ba0}: 'int java.lang.invoke.DirectMethodHandle$Holder.invokeStatic(java.lang.Object, java.lang.Object, java.lang.Object, java.lang.Object)'> (0x0000000087c03ba0) 
thrown [s\src\hotspot\share\interpreter\linkResolver.cpp, line 759]
Event: 1.820 Thread 0x0000015afeaa4040 Exception <a 'java/lang/NoSuchMethodError'{0x0000000087c07520}: 'java.lang.Object java.lang.invoke.Invokers$Holder.invokeExact_MT(java.lang.Object, java.lang.Object, java.lang.Object, java.lang.Object, java.lang.Object, java.lang.Object)'> (0x0000000087c07520) 
thrown [s\src\hotspot\share\interpreter\linkResolver.cpp, line 759]
Event: 1.822 Thread 0x0000015afeaa4040 Exception <a 'java/lang/NoSuchMethodError'{0x0000000087c117d0}: 'void java.lang.invoke.DirectMethodHandle$Holder.invokeStaticInit(java.lang.Object, java.lang.Object, java.lang.Object, java.lang.Object)'> (0x0000000087c117d0) 
thrown [s\src\hotspot\share\interpreter\linkResolver.cpp, line 759]
Event: 1.825 Thread 0x0000015afeaa4040 Exception <a 'java/lang/NoSuchMethodError'{0x0000000087c23678}: 'java.lang.Object java.lang.invoke.DirectMethodHandle$Holder.invokeInterface(java.lang.Object, java.lang.Object, java.lang.Object)'> (0x0000000087c23678) 
thrown [s\src\hotspot\share\interpreter\linkResolver.cpp, line 759]
Event: 1.825 Thread 0x0000015afeaa4040 Exception <a 'java/lang/IncompatibleClassChangeError'{0x0000000087c27000}: Found class java.lang.Object, but interface was expected> (0x0000000087c27000) 
thrown [s\src\hotspot\share\interpreter\linkResolver.cpp, line 826]
Event: 1.880 Thread 0x0000015afeaa4040 Exception <a 'java/lang/NoSuchMethodError'{0x0000000087be37f0}: 'java.lang.Object java.lang.invoke.DirectMethodHandle$Holder.newInvokeSpecial(java.lang.Object, java.lang.Object, java.lang.Object, java.lang.Object, java.lang.Object, java.lang.Object)'> (0x0000000087be37f0) 
thrown [s\src\hotspot\share\interpreter\linkResolver.cpp, line 759]
Event: 1.885 Thread 0x0000015afeaa4040 Exception <a 'java/lang/NoSuchMethodError'{0x0000000087a01a30}: 'java.lang.Object java.lang.invoke.DirectMethodHandle$Holder.invokeStatic(java.lang.Object, java.lang.Object, int)'> (0x0000000087a01a30) 
thrown [s\src\hotspot\share\interpreter\linkResolver.cpp, line 759]
Event: 1.886 Thread 0x0000015afeaa4040 Exception <a 'java/lang/NoSuchMethodError'{0x0000000087a0d7d8}: 'void java.lang.invoke.DelegatingMethodHandle$Holder.delegate(java.lang.Object, java.lang.Object, int, java.lang.Object)'> (0x0000000087a0d7d8) 
thrown [s\src\hotspot\share\interpreter\linkResolver.cpp, line 759]
Event: 1.985 Thread 0x0000015afeaa4040 Exception <a 'java/lang/NoSuchMethodError'{0x00000000879da4e8}: 'java.lang.Object java.lang.invoke.DirectMethodHandle$Holder.invokeSpecial(java.lang.Object, java.lang.Object, java.lang.Object, java.lang.Object, java.lang.Object, java.lang.Object, int)'> (0x00000000879da4e8) 
thrown [s\src\hotspot\share\interpreter\linkResolver.cpp, line 759]

VM Operations (20 events):
Event: 0.863 Executing VM operation: HandshakeAllThreads
Event: 0.863 Executing VM operation: HandshakeAllThreads done
Event: 0.983 Executing VM operation: HandshakeAllThreads
Event: 0.983 Executing VM operation: HandshakeAllThreads done
Event: 1.157 Executing VM operation: HandshakeAllThreads
Event: 1.174 Executing VM operation: HandshakeAllThreads done
Event: 1.209 Executing VM operation: HandshakeAllThreads
Event: 1.209 Executing VM operation: HandshakeAllThreads done
Event: 1.228 Executing VM operation: G1CollectForAllocation
Event: 1.238 Executing VM operation: G1CollectForAllocation done
Event: 1.421 Executing VM operation: HandshakeAllThreads
Event: 1.422 Executing VM operation: HandshakeAllThreads done
Event: 1.629 Executing VM operation: HandshakeAllThreads
Event: 1.629 Executing VM operation: HandshakeAllThreads done
Event: 1.699 Executing VM operation: G1CollectForAllocation
Event: 1.710 Executing VM operation: G1CollectForAllocation done
Event: 1.759 Executing VM operation: HandshakeAllThreads
Event: 1.759 Executing VM operation: HandshakeAllThreads done
Event: 1.915 Executing VM operation: HandshakeAllThreads
Event: 1.916 Executing VM operation: HandshakeAllThreads done

Events (20 events):
Event: 1.958 loading class java/util/concurrent/ForkJoinPool$DefaultCommonPoolForkJoinWorkerThreadFactory done
Event: 1.959 loading class java/util/concurrent/ForkJoinPool$WorkQueue
Event: 1.959 loading class java/util/concurrent/ForkJoinPool$WorkQueue done
Event: 1.959 loading class java/util/concurrent/ForkJoinWorkerThread
Event: 1.959 loading class java/util/concurrent/ForkJoinWorkerThread done
Event: 1.959 Thread 0x0000015a8db2b0c0 Thread exited: 0x0000015a8db2b0c0
Event: 1.974 loading class java/util/regex/Pattern$Curly
Event: 1.974 loading class java/util/regex/Pattern$Curly done
Event: 1.974 loading class java/util/regex/Pattern$Dollar
Event: 1.975 loading class java/util/regex/Pattern$Dollar done
Event: 1.975 loading class java/util/regex/Pattern$Neg
Event: 1.975 loading class java/util/regex/Pattern$Neg done
Event: 1.984 loading class java/util/stream/StreamSpliterators$WrappingSpliterator
Event: 1.984 loading class java/util/stream/StreamSpliterators$AbstractWrappingSpliterator
Event: 1.984 loading class java/util/stream/StreamSpliterators$AbstractWrappingSpliterator done
Event: 1.984 loading class java/util/stream/StreamSpliterators$WrappingSpliterator done
Event: 1.984 loading class java/util/stream/StreamSpliterators
Event: 1.985 loading class java/util/stream/StreamSpliterators done
Event: 1.985 loading class java/util/function/BooleanSupplier
Event: 1.985 loading class java/util/function/BooleanSupplier done


Dynamic libraries:
0x00007ff694500000 - 0x00007ff69450e000 	C:\Users\sfjbs\Downloads\node-20220822T151028Z-001\node\sts-4.15.3.RELEASE\plugins\org.eclipse.justj.openjdk.hotspot.jre.full.win32.x86_64_17.0.4.v20220805-1047\jre\bin\javaw.exe
0x00007ffc0bcf0000 - 0x00007ffc0bee8000 	C:\Windows\SYSTEM32\ntdll.dll
0x00007ffc0a460000 - 0x00007ffc0a51d000 	C:\Windows\System32\KERNEL32.DLL
0x00007ffc09410000 - 0x00007ffc096de000 	C:\Windows\System32\KERNELBASE.dll
0x00007ffc09920000 - 0x00007ffc09a20000 	C:\Windows\System32\ucrtbase.dll
0x00007ffbf1e90000 - 0x00007ffbf1ea8000 	C:\Users\sfjbs\Downloads\node-20220822T151028Z-001\node\sts-4.15.3.RELEASE\plugins\org.eclipse.justj.openjdk.hotspot.jre.full.win32.x86_64_17.0.4.v20220805-1047\jre\bin\jli.dll
0x00007ffc09f60000 - 0x00007ffc0a100000 	C:\Windows\System32\USER32.dll
0x00007ffc096e0000 - 0x00007ffc09702000 	C:\Windows\System32\win32u.dll
0x00007ffc0a3f0000 - 0x00007ffc0a41a000 	C:\Windows\System32\GDI32.dll
0x00007ffc09a20000 - 0x00007ffc09b2b000 	C:\Windows\System32\gdi32full.dll
0x00007ffc097d0000 - 0x00007ffc0986d000 	C:\Windows\System32\msvcp_win.dll
0x00007ffbf1e70000 - 0x00007ffbf1e89000 	C:\Users\sfjbs\Downloads\node-20220822T151028Z-001\node\sts-4.15.3.RELEASE\plugins\org.eclipse.justj.openjdk.hotspot.jre.full.win32.x86_64_17.0.4.v20220805-1047\jre\bin\VCRUNTIME140.dll
0x00007ffbff250000 - 0x00007ffbff4ea000 	C:\Windows\WinSxS\amd64_microsoft.windows.common-controls_6595b64144ccf1df_6.0.19041.1110_none_60b5254171f9507e\COMCTL32.dll
0x00007ffc0bbf0000 - 0x00007ffc0bc8e000 	C:\Windows\System32\msvcrt.dll
0x00007ffc0a430000 - 0x00007ffc0a460000 	C:\Windows\System32\IMM32.DLL
0x00007ffc048e0000 - 0x00007ffc048ec000 	C:\Users\sfjbs\Downloads\node-20220822T151028Z-001\node\sts-4.15.3.RELEASE\plugins\org.eclipse.justj.openjdk.hotspot.jre.full.win32.x86_64_17.0.4.v20220805-1047\jre\bin\vcruntime140_1.dll
0x00007ffbdfc60000 - 0x00007ffbdfcf1000 	C:\Users\sfjbs\Downloads\node-20220822T151028Z-001\node\sts-4.15.3.RELEASE\plugins\org.eclipse.justj.openjdk.hotspot.jre.full.win32.x86_64_17.0.4.v20220805-1047\jre\bin\msvcp140.dll
0x00007ffbc27c0000 - 0x00007ffbc3406000 	C:\Users\sfjbs\Downloads\node-20220822T151028Z-001\node\sts-4.15.3.RELEASE\plugins\org.eclipse.justj.openjdk.hotspot.jre.full.win32.x86_64_17.0.4.v20220805-1047\jre\bin\server\jvm.dll
0x00007ffc0a100000 - 0x00007ffc0a1ae000 	C:\Windows\System32\ADVAPI32.dll
0x00007ffc0baf0000 - 0x00007ffc0bb8c000 	C:\Windows\System32\sechost.dll
0x00007ffc0a990000 - 0x00007ffc0aab5000 	C:\Windows\System32\RPCRT4.dll
0x00007ffc0a3e0000 - 0x00007ffc0a3e8000 	C:\Windows\System32\PSAPI.DLL
0x00007ffbfeaf0000 - 0x00007ffbfeaf9000 	C:\Windows\SYSTEM32\WSOCK32.dll
0x00007ffc0ba80000 - 0x00007ffc0baeb000 	C:\Windows\System32\WS2_32.dll
0x00007ffbfc8c0000 - 0x00007ffbfc8e7000 	C:\Windows\SYSTEM32\WINMM.dll
0x00007ffc00350000 - 0x00007ffc0035a000 	C:\Windows\SYSTEM32\VERSION.dll
0x00007ffc072e0000 - 0x00007ffc072f2000 	C:\Windows\SYSTEM32\kernel.appcore.dll
0x00007ffbee4e0000 - 0x00007ffbee4ea000 	C:\Users\sfjbs\Downloads\node-20220822T151028Z-001\node\sts-4.15.3.RELEASE\plugins\org.eclipse.justj.openjdk.hotspot.jre.full.win32.x86_64_17.0.4.v20220805-1047\jre\bin\jimage.dll
0x00007ffbfef50000 - 0x00007ffbff134000 	C:\Windows\SYSTEM32\DBGHELP.DLL
0x00007ffbfef20000 - 0x00007ffbfef4c000 	C:\Windows\SYSTEM32\dbgcore.DLL
0x00007ffc09cc0000 - 0x00007ffc09d42000 	C:\Windows\System32\bcryptPrimitives.dll
0x00007ffbe3bc0000 - 0x00007ffbe3be5000 	C:\Users\sfjbs\Downloads\node-20220822T151028Z-001\node\sts-4.15.3.RELEASE\plugins\org.eclipse.justj.openjdk.hotspot.jre.full.win32.x86_64_17.0.4.v20220805-1047\jre\bin\java.dll
0x00007ffbee3a0000 - 0x00007ffbee3b8000 	C:\Users\sfjbs\Downloads\node-20220822T151028Z-001\node\sts-4.15.3.RELEASE\plugins\org.eclipse.justj.openjdk.hotspot.jre.full.win32.x86_64_17.0.4.v20220805-1047\jre\bin\zip.dll
0x00007ffc0b330000 - 0x00007ffc0ba73000 	C:\Windows\System32\SHELL32.dll
0x00007ffc074e0000 - 0x00007ffc07c75000 	C:\Windows\SYSTEM32\windows.storage.dll
0x00007ffc0afd0000 - 0x00007ffc0b324000 	C:\Windows\System32\combase.dll
0x00007ffc08cc0000 - 0x00007ffc08cf0000 	C:\Windows\SYSTEM32\Wldp.dll
0x00007ffc0acf0000 - 0x00007ffc0ad9d000 	C:\Windows\System32\SHCORE.dll
0x00007ffc0ac00000 - 0x00007ffc0ac55000 	C:\Windows\System32\shlwapi.dll
0x00007ffc09350000 - 0x00007ffc0936f000 	C:\Windows\SYSTEM32\profapi.dll
0x00007ffbe5970000 - 0x00007ffbe5989000 	C:\Users\sfjbs\Downloads\node-20220822T151028Z-001\node\sts-4.15.3.RELEASE\plugins\org.eclipse.justj.openjdk.hotspot.jre.full.win32.x86_64_17.0.4.v20220805-1047\jre\bin\net.dll
0x00007ffc039e0000 - 0x00007ffc03aea000 	C:\Windows\SYSTEM32\WINHTTP.dll
0x00007ffc08aa0000 - 0x00007ffc08b0a000 	C:\Windows\system32\mswsock.dll
0x00007ffbe3e60000 - 0x00007ffbe3e75000 	C:\Users\sfjbs\Downloads\node-20220822T151028Z-001\node\sts-4.15.3.RELEASE\plugins\org.eclipse.justj.openjdk.hotspot.jre.full.win32.x86_64_17.0.4.v20220805-1047\jre\bin\nio.dll
0x00007ffbf19f0000 - 0x00007ffbf19f9000 	C:\Users\sfjbs\Downloads\node-20220822T151028Z-001\node\sts-4.15.3.RELEASE\plugins\org.eclipse.justj.openjdk.hotspot.jre.full.win32.x86_64_17.0.4.v20220805-1047\jre\bin\management.dll
0x00007ffbea520000 - 0x00007ffbea52b000 	C:\Users\sfjbs\Downloads\node-20220822T151028Z-001\node\sts-4.15.3.RELEASE\plugins\org.eclipse.justj.openjdk.hotspot.jre.full.win32.x86_64_17.0.4.v20220805-1047\jre\bin\management_ext.dll
0x00007ffbfb0f0000 - 0x00007ffbfb107000 	C:\Windows\system32\napinsp.dll
0x00007ffbfad90000 - 0x00007ffbfadab000 	C:\Windows\system32\pnrpnsp.dll
0x00007ffbf6ee0000 - 0x00007ffbf6ef5000 	C:\Windows\system32\wshbth.dll
0x00007ffc04ff0000 - 0x00007ffc0500d000 	C:\Windows\system32\NLAapi.dll
0x00007ffc087b0000 - 0x00007ffc087eb000 	C:\Windows\SYSTEM32\IPHLPAPI.DLL
0x00007ffc08800000 - 0x00007ffc088ca000 	C:\Windows\SYSTEM32\DNSAPI.dll
0x00007ffc0a420000 - 0x00007ffc0a428000 	C:\Windows\System32\NSI.dll
0x00007ffbf6ec0000 - 0x00007ffbf6ed2000 	C:\Windows\System32\winrnr.dll
0x00007ffc035c0000 - 0x00007ffc035ca000 	C:\Windows\System32\rasadhlp.dll
0x00007ffc03890000 - 0x00007ffc03910000 	C:\Windows\System32\fwpuclnt.dll
0x00007ffc09c90000 - 0x00007ffc09cb7000 	C:\Windows\System32\bcrypt.dll
0x00007ffc08d00000 - 0x00007ffc08d18000 	C:\Windows\SYSTEM32\CRYPTSP.dll
0x00007ffc08440000 - 0x00007ffc08474000 	C:\Windows\system32\rsaenh.dll
0x00007ffc09310000 - 0x00007ffc0933e000 	C:\Windows\SYSTEM32\USERENV.dll
0x00007ffc08c30000 - 0x00007ffc08c3c000 	C:\Windows\SYSTEM32\CRYPTBASE.dll
0x00007ffc036c0000 - 0x00007ffc036d7000 	C:\Windows\SYSTEM32\dhcpcsvc6.DLL
0x00007ffc03630000 - 0x00007ffc0364d000 	C:\Windows\SYSTEM32\dhcpcsvc.DLL
0x00007ffbfccc0000 - 0x00007ffbfccd0000 	C:\Users\sfjbs\Downloads\node-20220822T151028Z-001\node\sts-4.15.3.RELEASE\plugins\org.eclipse.justj.openjdk.hotspot.jre.full.win32.x86_64_17.0.4.v20220805-1047\jre\bin\verify.dll

dbghelp: loaded successfully - version: 4.0.5 - missing functions: none
symbol engine: initialized successfully - sym options: 0x614 - pdb path: .;C:\Users\sfjbs\Downloads\node-20220822T151028Z-001\node\sts-4.15.3.RELEASE\plugins\org.eclipse.justj.openjdk.hotspot.jre.full.win32.x86_64_17.0.4.v20220805-1047\jre\bin;C:\Windows\SYSTEM32;C:\Windows\WinSxS\amd64_microsoft.windows.common-controls_6595b64144ccf1df_6.0.19041.1110_none_60b5254171f9507e;C:\Users\sfjbs\Downloads\node-20220822T151028Z-001\node\sts-4.15.3.RELEASE\plugins\org.eclipse.justj.openjdk.hotspot.jre.full.win32.x86_64_17.0.4.v20220805-1047\jre\bin\server

VM Arguments:
jvm_args: -Dcom.sun.management.jmxremote -Dcom.sun.management.jmxremote.port=54886 -Dcom.sun.management.jmxremote.authenticate=false -Dcom.sun.management.jmxremote.ssl=false -Djava.rmi.server.hostname=localhost -Dspring.jmx.enabled=true -Dspring.application.admin.enabled=true -XX:TieredStopAtLevel=1 -Dspring.boot.project.name=Gateway-Service -Dfile.encoding=UTF-8 -XX:+ShowCodeDetailsInExceptionMessages 
java_command: com.gate.GatewayServiceApplication --spring.output.ansi.enabled=always
java_class_path (initial): C:\Users\sfjbs\Documents\workspace-spring-tool-suite-4-4.15.3.RELEASE\Gateway-Service\target\classes;C:\Users\sfjbs\.m2\repository\org\springframework\boot\spring-boot-starter-actuator\2.7.3\spring-boot-starter-actuator-2.7.3.jar;C:\Users\sfjbs\.m2\repository\org\springframework\boot\spring-boot-starter\2.7.3\spring-boot-starter-2.7.3.jar;C:\Users\sfjbs\.m2\repository\org\springframework\boot\spring-boot\2.7.3\spring-boot-2.7.3.jar;C:\Users\sfjbs\.m2\repository\org\springframework\spring-context\5.3.22\spring-context-5.3.22.jar;C:\Users\sfjbs\.m2\repository\org\springframework\boot\spring-boot-autoconfigure\2.7.3\spring-boot-autoconfigure-2.7.3.jar;C:\Users\sfjbs\.m2\repository\org\springframework\boot\spring-boot-starter-logging\2.7.3\spring-boot-starter-logging-2.7.3.jar;C:\Users\sfjbs\.m2\repository\ch\qos\logback\logback-classic\1.2.11\logback-classic-1.2.11.jar;C:\Users\sfjbs\.m2\repository\ch\qos\logback\logback-core\1.2.11\logback-core-1.2.11.jar;C:\Users\sfjbs\.m2\repository\org\apache\logging\log4j\log4j-to-slf4j\2.17.2\log4j-to-slf4j-2.17.2.jar;C:\Users\sfjbs\.m2\repository\org\apache\logging\log4j\log4j-api\2.17.2\log4j-api-2.17.2.jar;C:\Users\sfjbs\.m2\repository\org\slf4j\jul-to-slf4j\1.7.36\jul-to-slf4j-1.7.36.jar;C:\Users\sfjbs\.m2\repository\jakarta\annotation\jakarta.annotation-api\1.3.5\jakarta.annotation-api-1.3.5.jar;C:\Users\sfjbs\.m2\repository\org\yaml\snakeyaml\1.30\snakeyaml-1.30.jar;C:\Users\sfjbs\.m2\repository\org\springframework\boot\spring-boot-actuator-autoconfigure\2.7.3\spring-boot-actuator-autoconfigure-2.7.3.jar;C:\Users\sfjbs\.m2\repository\org\springframework\boot\spring-boot-actuator\2.7.3\spring-boot-actuator-2.7.3.jar;C:\Users\sfjbs\.m2\repository\com\fasterxml\jackson\core\jackson-databind\2.13.3\jackson-databind-2.13.3.jar;C:\Users\sfjbs\.m2\repository\com\fasterxml\jackson\datatype\jackson-datatype-jsr310\2.13.3\jackson-datatype-jsr310-2.13.3.jar;C:\Users\sfjbs\.m2\repository\io\micrometer\micro
Launcher Type: SUN_STANDARD

[Global flags]
     intx CICompilerCount                          = 2                                         {product} {ergonomic}
     uint ConcGCThreads                            = 1                                         {product} {ergonomic}
     uint G1ConcRefinementThreads                  = 2                                         {product} {ergonomic}
   size_t G1HeapRegionSize                         = 1048576                                   {product} {ergonomic}
    uintx GCDrainStackTargetSize                   = 64                                        {product} {ergonomic}
   size_t InitialHeapSize                          = 134217728                                 {product} {ergonomic}
     bool ManagementServer                         = true                                      {product} {command line}
   size_t MarkStackSize                            = 4194304                                   {product} {ergonomic}
   size_t MaxHeapSize                              = 2147483648                                {product} {ergonomic}
   size_t MaxNewSize                               = 1287651328                                {product} {ergonomic}
   size_t MinHeapDeltaBytes                        = 1048576                                   {product} {ergonomic}
   size_t MinHeapSize                              = 8388608                                   {product} {ergonomic}
    uintx NonProfiledCodeHeapSize                  = 0                                      {pd product} {ergonomic}
     bool ProfileInterpreter                       = false                                  {pd product} {command line}
    uintx ProfiledCodeHeapSize                     = 0                                      {pd product} {ergonomic}
     bool ShowCodeDetailsInExceptionMessages       = true                                   {manageable} {command line}
   size_t SoftMaxHeapSize                          = 2147483648                             {manageable} {ergonomic}
     intx TieredStopAtLevel                        = 1                                         {product} {command line}
     bool UseCompressedClassPointers               = true                           {product lp64_product} {ergonomic}
     bool UseCompressedOops                        = true                           {product lp64_product} {ergonomic}
     bool UseG1GC                                  = true                                      {product} {ergonomic}
     bool UseLargePagesIndividualAllocation        = false                                  {pd product} {ergonomic}

Logging:
Log output configuration:
 #0: stdout all=warning uptime,level,tags
 #1: stderr all=off uptime,level,tags

Environment Variables:
PATH=C:/Users/sfjbs/Downloads/node-20220822T151028Z-001/node/sts-4.15.3.RELEASE//plugins/org.eclipse.justj.openjdk.hotspot.jre.full.win32.x86_64_17.0.4.v20220805-1047/jre/bin/server;C:/Users/sfjbs/Downloads/node-20220822T151028Z-001/node/sts-4.15.3.RELEASE//plugins/org.eclipse.justj.openjdk.hotspot.jre.full.win32.x86_64_17.0.4.v20220805-1047/jre/bin;C:\Python310\Scripts\;C:\Python310\;C:\Program Files\Common Files\Oracle\Java\javapath;C:\Windows\system32;C:\Windows;C:\Windows\System32\Wbem;C:\Windows\System32\WindowsPowerShell\v1.0\;C:\Windows\System32\OpenSSH\;C:\Program Files\Docker\Docker\resources\bin;C:\ProgramData\DockerDesktop\version-bin;C:\Program Files\nodejs\;C:\ProgramData\chocolatey\bin;C:\Program Files\Git\cmd;C:\Users\sfjbs\AppData\Local\Microsoft\WindowsApps;C:\Users\sfjbs\AppData\Local\Programs\Microsoft VS Code\bin;C:\Users\sfjbs\AppData\Roaming\npm;C:\Program Files\JetBrains\PyCharm Community Edition 2022.2.1\bin;;C:\Program Files\MongoDB\Server\5.0\bin;;C:\Users\sfjbs\Downloads\node-20220822T151028Z-001\node\sts-4.15.3.RELEASE;
USERNAME=sfjbs
OS=Windows_NT
PROCESSOR_IDENTIFIER=Intel64 Family 6 Model 63 Stepping 2, GenuineIntel
TMP=C:\Users\sfjbs\AppData\Local\Temp
TEMP=C:\Users\sfjbs\AppData\Local\Temp



---------------  S Y S T E M  ---------------

OS:
 Windows 10 , 64 bit Build 19041 (10.0.19041.1889)
OS uptime: 11 days 17:06 hours
Hyper-V role detected

CPU: total 2 (initial active 2) (1 cores per cpu, 2 threads per core) family 6 model 63 stepping 2 microcode 0xffffffff, cx8, cmov, fxsr, ht, mmx, sse, sse2, sse3, ssse3, sse4.1, sse4.2, popcnt, lzcnt, tsc, avx, avx2, aes, erms, clmul, bmi1, bmi2, fma, vzeroupper, clflush, hv

Memory: 4k page, system-wide physical 8190M (1080M free)
TotalPageFile size 10238M (AvailPageFile size 3M)
current process WorkingSet (physical memory assigned to process): 83M, peak: 83M
current process commit charge ("private bytes"): 216M, peak: 216M

vm_info: OpenJDK 64-Bit Server VM (17.0.4+8) for windows-amd64 JRE (17.0.4+8), built on Jul 19 2022 16:05:16 by "temurin" with MS VC++ 16.7 (VS2019)

END.
